INFO - 2024-07-04 03:03:35 --> Session: Class initialized using 'CodeIgniter\Session\Handlers\FileHandler' driver.
INFO - 2024-07-04 03:04:51 --> Session: Class initialized using 'CodeIgniter\Session\Handlers\FileHandler' driver.
INFO - 2024-07-04 03:04:57 --> Session: Class initialized using 'CodeIgniter\Session\Handlers\FileHandler' driver.
INFO - 2024-07-04 03:04:57 --> Session: Class initialized using 'CodeIgniter\Session\Handlers\FileHandler' driver.
INFO - 2024-07-04 03:05:03 --> Session: Class initialized using 'CodeIgniter\Session\Handlers\FileHandler' driver.
INFO - 2024-07-04 03:28:13 --> Session: Class initialized using 'CodeIgniter\Session\Handlers\FileHandler' driver.
INFO - 2024-07-04 03:42:46 --> Session: Class initialized using 'CodeIgniter\Session\Handlers\FileHandler' driver.
CRITICAL - 2024-07-04 03:42:46 --> CodeIgniter\View\Exceptions\ViewException: Invalid file: "pengurus/akuntansi/header/v_index.php"
[Method: GET, Route: pengurus/akuntansi/akun_header]
in SYSTEMPATH\Exceptions\FrameworkException.php on line 41.
 1 SYSTEMPATH\View\View.php(222): CodeIgniter\Exceptions\FrameworkException::forInvalidFile('pengurus/akuntansi/header/v_index.php')
 2 SYSTEMPATH\Common.php(1171): CodeIgniter\View\View->render('pengurus/akuntansi/header/v_index', [], true)
 3 APPPATH\Views\pengurus\layout\v_content.php(4): view('pengurus/akuntansi/header/v_index')
 4 SYSTEMPATH\View\View.php(234): include('C:\\xampp\\htdocs\\koperasi\\app\\Views\\pengurus\\layout\\v_content.php')
 5 SYSTEMPATH\View\View.php(237): CodeIgniter\View\View->CodeIgniter\View\{closure}()
 6 SYSTEMPATH\Common.php(1171): CodeIgniter\View\View->render('pengurus/layout/v_content', [], true)
 7 APPPATH\Views\pengurus\layout\v_wrapper.php(6): view('pengurus/layout/v_content')
 8 SYSTEMPATH\View\View.php(234): include('C:\\xampp\\htdocs\\koperasi\\app\\Views\\pengurus\\layout\\v_wrapper.php')
 9 SYSTEMPATH\View\View.php(237): CodeIgniter\View\View->CodeIgniter\View\{closure}()
10 SYSTEMPATH\Common.php(1171): CodeIgniter\View\View->render('pengurus/layout/v_wrapper', [], true)
11 APPPATH\Controllers\Akuntansi.php(41): view('pengurus/layout/v_wrapper', [...])
12 SYSTEMPATH\CodeIgniter.php(933): App\Controllers\Akuntansi->index_header()
13 SYSTEMPATH\CodeIgniter.php(509): CodeIgniter\CodeIgniter->runController(Object(App\Controllers\Akuntansi))
14 SYSTEMPATH\CodeIgniter.php(355): CodeIgniter\CodeIgniter->handleRequest(null, Object(Config\Cache), false)
15 SYSTEMPATH\Boot.php(325): CodeIgniter\CodeIgniter->run()
16 SYSTEMPATH\Boot.php(67): CodeIgniter\Boot::runCodeIgniter(Object(CodeIgniter\CodeIgniter))
17 FCPATH\index.php(56): CodeIgniter\Boot::bootWeb(Object(Config\Paths))
INFO - 2024-07-04 03:46:53 --> Session: Class initialized using 'CodeIgniter\Session\Handlers\FileHandler' driver.
CRITICAL - 2024-07-04 03:46:54 --> ErrorException: Undefined variable $agen
[Method: GET, Route: pengurus/akuntansi/akun_header]
in APPPATH\Views\pengurus\akuntansi\header\v_index.php on line 71.
 1 APPPATH\Views\pengurus\akuntansi\header\v_index.php(71): CodeIgniter\Debug\Exceptions->errorHandler(2, 'Undefined variable $agen', 'C:\\xampp\\htdocs\\koperasi\\app\\Views\\pengurus\\akuntansi\\header\\v_index.php', 71)
 2 SYSTEMPATH\View\View.php(234): include('C:\\xampp\\htdocs\\koperasi\\app\\Views\\pengurus\\akuntansi\\header\\v_index.php')
 3 SYSTEMPATH\View\View.php(237): CodeIgniter\View\View->CodeIgniter\View\{closure}()
 4 SYSTEMPATH\Common.php(1171): CodeIgniter\View\View->render('pengurus/akuntansi/header/v_index', [], true)
 5 APPPATH\Views\pengurus\layout\v_content.php(4): view('pengurus/akuntansi/header/v_index')
 6 SYSTEMPATH\View\View.php(234): include('C:\\xampp\\htdocs\\koperasi\\app\\Views\\pengurus\\layout\\v_content.php')
 7 SYSTEMPATH\View\View.php(237): CodeIgniter\View\View->CodeIgniter\View\{closure}()
 8 SYSTEMPATH\Common.php(1171): CodeIgniter\View\View->render('pengurus/layout/v_content', [], true)
 9 APPPATH\Views\pengurus\layout\v_wrapper.php(6): view('pengurus/layout/v_content')
10 SYSTEMPATH\View\View.php(234): include('C:\\xampp\\htdocs\\koperasi\\app\\Views\\pengurus\\layout\\v_wrapper.php')
11 SYSTEMPATH\View\View.php(237): CodeIgniter\View\View->CodeIgniter\View\{closure}()
12 SYSTEMPATH\Common.php(1171): CodeIgniter\View\View->render('pengurus/layout/v_wrapper', [], true)
13 APPPATH\Controllers\Akuntansi.php(41): view('pengurus/layout/v_wrapper', [...])
14 SYSTEMPATH\CodeIgniter.php(933): App\Controllers\Akuntansi->index_header()
15 SYSTEMPATH\CodeIgniter.php(509): CodeIgniter\CodeIgniter->runController(Object(App\Controllers\Akuntansi))
16 SYSTEMPATH\CodeIgniter.php(355): CodeIgniter\CodeIgniter->handleRequest(null, Object(Config\Cache), false)
17 SYSTEMPATH\Boot.php(325): CodeIgniter\CodeIgniter->run()
18 SYSTEMPATH\Boot.php(67): CodeIgniter\Boot::runCodeIgniter(Object(CodeIgniter\CodeIgniter))
19 FCPATH\index.php(56): CodeIgniter\Boot::bootWeb(Object(Config\Paths))
INFO - 2024-07-04 03:47:12 --> Session: Class initialized using 'CodeIgniter\Session\Handlers\FileHandler' driver.
INFO - 2024-07-04 03:47:16 --> Session: Class initialized using 'CodeIgniter\Session\Handlers\FileHandler' driver.
INFO - 2024-07-04 03:48:57 --> Session: Class initialized using 'CodeIgniter\Session\Handlers\FileHandler' driver.
INFO - 2024-07-04 03:49:25 --> Session: Class initialized using 'CodeIgniter\Session\Handlers\FileHandler' driver.
INFO - 2024-07-04 03:51:02 --> Session: Class initialized using 'CodeIgniter\Session\Handlers\FileHandler' driver.
CRITICAL - 2024-07-04 03:51:02 --> ErrorException: Undefined variable $agen
[Method: GET, Route: pengurus/akuntansi/akun_header]
in APPPATH\Views\pengurus\akuntansi\header\v_index.php on line 72.
 1 APPPATH\Views\pengurus\akuntansi\header\v_index.php(72): CodeIgniter\Debug\Exceptions->errorHandler(2, 'Undefined variable $agen', 'C:\\xampp\\htdocs\\koperasi\\app\\Views\\pengurus\\akuntansi\\header\\v_index.php', 72)
 2 SYSTEMPATH\View\View.php(234): include('C:\\xampp\\htdocs\\koperasi\\app\\Views\\pengurus\\akuntansi\\header\\v_index.php')
 3 SYSTEMPATH\View\View.php(237): CodeIgniter\View\View->CodeIgniter\View\{closure}()
 4 SYSTEMPATH\Common.php(1171): CodeIgniter\View\View->render('pengurus/akuntansi/header/v_index', [], true)
 5 APPPATH\Views\pengurus\layout\v_content.php(4): view('pengurus/akuntansi/header/v_index')
 6 SYSTEMPATH\View\View.php(234): include('C:\\xampp\\htdocs\\koperasi\\app\\Views\\pengurus\\layout\\v_content.php')
 7 SYSTEMPATH\View\View.php(237): CodeIgniter\View\View->CodeIgniter\View\{closure}()
 8 SYSTEMPATH\Common.php(1171): CodeIgniter\View\View->render('pengurus/layout/v_content', [], true)
 9 APPPATH\Views\pengurus\layout\v_wrapper.php(6): view('pengurus/layout/v_content')
10 SYSTEMPATH\View\View.php(234): include('C:\\xampp\\htdocs\\koperasi\\app\\Views\\pengurus\\layout\\v_wrapper.php')
11 SYSTEMPATH\View\View.php(237): CodeIgniter\View\View->CodeIgniter\View\{closure}()
12 SYSTEMPATH\Common.php(1171): CodeIgniter\View\View->render('pengurus/layout/v_wrapper', [], true)
13 APPPATH\Controllers\Akuntansi.php(41): view('pengurus/layout/v_wrapper', [...])
14 SYSTEMPATH\CodeIgniter.php(933): App\Controllers\Akuntansi->index_header()
15 SYSTEMPATH\CodeIgniter.php(509): CodeIgniter\CodeIgniter->runController(Object(App\Controllers\Akuntansi))
16 SYSTEMPATH\CodeIgniter.php(355): CodeIgniter\CodeIgniter->handleRequest(null, Object(Config\Cache), false)
17 SYSTEMPATH\Boot.php(325): CodeIgniter\CodeIgniter->run()
18 SYSTEMPATH\Boot.php(67): CodeIgniter\Boot::runCodeIgniter(Object(CodeIgniter\CodeIgniter))
19 FCPATH\index.php(56): CodeIgniter\Boot::bootWeb(Object(Config\Paths))
INFO - 2024-07-04 04:00:12 --> Session: Class initialized using 'CodeIgniter\Session\Handlers\FileHandler' driver.
CRITICAL - 2024-07-04 04:00:12 --> ErrorException: Undefined array key "nm_pengurus"
[Method: GET, Route: pengurus/akuntansi/akun_header]
in APPPATH\Views\pengurus\akuntansi\header\v_index.php on line 81.
 1 APPPATH\Views\pengurus\akuntansi\header\v_index.php(81): CodeIgniter\Debug\Exceptions->errorHandler(2, 'Undefined array key "nm_pengurus"', 'C:\\xampp\\htdocs\\koperasi\\app\\Views\\pengurus\\akuntansi\\header\\v_index.php', 81)
 2 SYSTEMPATH\View\View.php(234): include('C:\\xampp\\htdocs\\koperasi\\app\\Views\\pengurus\\akuntansi\\header\\v_index.php')
 3 SYSTEMPATH\View\View.php(237): CodeIgniter\View\View->CodeIgniter\View\{closure}()
 4 SYSTEMPATH\Common.php(1171): CodeIgniter\View\View->render('pengurus/akuntansi/header/v_index', [], true)
 5 APPPATH\Views\pengurus\layout\v_content.php(4): view('pengurus/akuntansi/header/v_index')
 6 SYSTEMPATH\View\View.php(234): include('C:\\xampp\\htdocs\\koperasi\\app\\Views\\pengurus\\layout\\v_content.php')
 7 SYSTEMPATH\View\View.php(237): CodeIgniter\View\View->CodeIgniter\View\{closure}()
 8 SYSTEMPATH\Common.php(1171): CodeIgniter\View\View->render('pengurus/layout/v_content', [], true)
 9 APPPATH\Views\pengurus\layout\v_wrapper.php(6): view('pengurus/layout/v_content')
10 SYSTEMPATH\View\View.php(234): include('C:\\xampp\\htdocs\\koperasi\\app\\Views\\pengurus\\layout\\v_wrapper.php')
11 SYSTEMPATH\View\View.php(237): CodeIgniter\View\View->CodeIgniter\View\{closure}()
12 SYSTEMPATH\Common.php(1171): CodeIgniter\View\View->render('pengurus/layout/v_wrapper', [], true)
13 APPPATH\Controllers\Akuntansi.php(41): view('pengurus/layout/v_wrapper', [...])
14 SYSTEMPATH\CodeIgniter.php(933): App\Controllers\Akuntansi->index_header()
15 SYSTEMPATH\CodeIgniter.php(509): CodeIgniter\CodeIgniter->runController(Object(App\Controllers\Akuntansi))
16 SYSTEMPATH\CodeIgniter.php(355): CodeIgniter\CodeIgniter->handleRequest(null, Object(Config\Cache), false)
17 SYSTEMPATH\Boot.php(325): CodeIgniter\CodeIgniter->run()
18 SYSTEMPATH\Boot.php(67): CodeIgniter\Boot::runCodeIgniter(Object(CodeIgniter\CodeIgniter))
19 FCPATH\index.php(56): CodeIgniter\Boot::bootWeb(Object(Config\Paths))
INFO - 2024-07-04 04:03:27 --> Session: Class initialized using 'CodeIgniter\Session\Handlers\FileHandler' driver.
CRITICAL - 2024-07-04 04:03:27 --> ErrorException: Undefined array key "nm_pengurus"
[Method: GET, Route: pengurus/akuntansi/akun_header]
in APPPATH\Views\pengurus\akuntansi\header\v_index.php on line 81.
 1 APPPATH\Views\pengurus\akuntansi\header\v_index.php(81): CodeIgniter\Debug\Exceptions->errorHandler(2, 'Undefined array key "nm_pengurus"', 'C:\\xampp\\htdocs\\koperasi\\app\\Views\\pengurus\\akuntansi\\header\\v_index.php', 81)
 2 SYSTEMPATH\View\View.php(234): include('C:\\xampp\\htdocs\\koperasi\\app\\Views\\pengurus\\akuntansi\\header\\v_index.php')
 3 SYSTEMPATH\View\View.php(237): CodeIgniter\View\View->CodeIgniter\View\{closure}()
 4 SYSTEMPATH\Common.php(1171): CodeIgniter\View\View->render('pengurus/akuntansi/header/v_index', [], true)
 5 APPPATH\Views\pengurus\layout\v_content.php(4): view('pengurus/akuntansi/header/v_index')
 6 SYSTEMPATH\View\View.php(234): include('C:\\xampp\\htdocs\\koperasi\\app\\Views\\pengurus\\layout\\v_content.php')
 7 SYSTEMPATH\View\View.php(237): CodeIgniter\View\View->CodeIgniter\View\{closure}()
 8 SYSTEMPATH\Common.php(1171): CodeIgniter\View\View->render('pengurus/layout/v_content', [], true)
 9 APPPATH\Views\pengurus\layout\v_wrapper.php(6): view('pengurus/layout/v_content')
10 SYSTEMPATH\View\View.php(234): include('C:\\xampp\\htdocs\\koperasi\\app\\Views\\pengurus\\layout\\v_wrapper.php')
11 SYSTEMPATH\View\View.php(237): CodeIgniter\View\View->CodeIgniter\View\{closure}()
12 SYSTEMPATH\Common.php(1171): CodeIgniter\View\View->render('pengurus/layout/v_wrapper', [], true)
13 APPPATH\Controllers\Akuntansi.php(41): view('pengurus/layout/v_wrapper', [...])
14 SYSTEMPATH\CodeIgniter.php(933): App\Controllers\Akuntansi->index_header()
15 SYSTEMPATH\CodeIgniter.php(509): CodeIgniter\CodeIgniter->runController(Object(App\Controllers\Akuntansi))
16 SYSTEMPATH\CodeIgniter.php(355): CodeIgniter\CodeIgniter->handleRequest(null, Object(Config\Cache), false)
17 SYSTEMPATH\Boot.php(325): CodeIgniter\CodeIgniter->run()
18 SYSTEMPATH\Boot.php(67): CodeIgniter\Boot::runCodeIgniter(Object(CodeIgniter\CodeIgniter))
19 FCPATH\index.php(56): CodeIgniter\Boot::bootWeb(Object(Config\Paths))
INFO - 2024-07-04 04:05:49 --> Session: Class initialized using 'CodeIgniter\Session\Handlers\FileHandler' driver.
INFO - 2024-07-04 04:05:51 --> Session: Class initialized using 'CodeIgniter\Session\Handlers\FileHandler' driver.
INFO - 2024-07-04 04:07:32 --> Session: Class initialized using 'CodeIgniter\Session\Handlers\FileHandler' driver.
INFO - 2024-07-04 04:07:36 --> Session: Class initialized using 'CodeIgniter\Session\Handlers\FileHandler' driver.
CRITICAL - 2024-07-04 04:07:36 --> ErrorException: Undefined array key "id_pengurus"
[Method: GET, Route: pengurus/akuntansi/akun_header]
in APPPATH\Views\pengurus\akuntansi\header\v_index.php on line 81.
 1 APPPATH\Views\pengurus\akuntansi\header\v_index.php(81): CodeIgniter\Debug\Exceptions->errorHandler(2, 'Undefined array key "id_pengurus"', 'C:\\xampp\\htdocs\\koperasi\\app\\Views\\pengurus\\akuntansi\\header\\v_index.php', 81)
 2 SYSTEMPATH\View\View.php(234): include('C:\\xampp\\htdocs\\koperasi\\app\\Views\\pengurus\\akuntansi\\header\\v_index.php')
 3 SYSTEMPATH\View\View.php(237): CodeIgniter\View\View->CodeIgniter\View\{closure}()
 4 SYSTEMPATH\Common.php(1171): CodeIgniter\View\View->render('pengurus/akuntansi/header/v_index', [], true)
 5 APPPATH\Views\pengurus\layout\v_content.php(4): view('pengurus/akuntansi/header/v_index')
 6 SYSTEMPATH\View\View.php(234): include('C:\\xampp\\htdocs\\koperasi\\app\\Views\\pengurus\\layout\\v_content.php')
 7 SYSTEMPATH\View\View.php(237): CodeIgniter\View\View->CodeIgniter\View\{closure}()
 8 SYSTEMPATH\Common.php(1171): CodeIgniter\View\View->render('pengurus/layout/v_content', [], true)
 9 APPPATH\Views\pengurus\layout\v_wrapper.php(6): view('pengurus/layout/v_content')
10 SYSTEMPATH\View\View.php(234): include('C:\\xampp\\htdocs\\koperasi\\app\\Views\\pengurus\\layout\\v_wrapper.php')
11 SYSTEMPATH\View\View.php(237): CodeIgniter\View\View->CodeIgniter\View\{closure}()
12 SYSTEMPATH\Common.php(1171): CodeIgniter\View\View->render('pengurus/layout/v_wrapper', [], true)
13 APPPATH\Controllers\Akuntansi.php(41): view('pengurus/layout/v_wrapper', [...])
14 SYSTEMPATH\CodeIgniter.php(933): App\Controllers\Akuntansi->index_header()
15 SYSTEMPATH\CodeIgniter.php(509): CodeIgniter\CodeIgniter->runController(Object(App\Controllers\Akuntansi))
16 SYSTEMPATH\CodeIgniter.php(355): CodeIgniter\CodeIgniter->handleRequest(null, Object(Config\Cache), false)
17 SYSTEMPATH\Boot.php(325): CodeIgniter\CodeIgniter->run()
18 SYSTEMPATH\Boot.php(67): CodeIgniter\Boot::runCodeIgniter(Object(CodeIgniter\CodeIgniter))
19 FCPATH\index.php(56): CodeIgniter\Boot::bootWeb(Object(Config\Paths))
INFO - 2024-07-04 04:07:57 --> Session: Class initialized using 'CodeIgniter\Session\Handlers\FileHandler' driver.
CRITICAL - 2024-07-04 04:07:57 --> ErrorException: Undefined array key "id_agen"
[Method: GET, Route: pengurus/akuntansi/akun_header]
in APPPATH\Views\pengurus\akuntansi\header\v_index.php on line 93.
 1 APPPATH\Views\pengurus\akuntansi\header\v_index.php(93): CodeIgniter\Debug\Exceptions->errorHandler(2, 'Undefined array key "id_agen"', 'C:\\xampp\\htdocs\\koperasi\\app\\Views\\pengurus\\akuntansi\\header\\v_index.php', 93)
 2 SYSTEMPATH\View\View.php(234): include('C:\\xampp\\htdocs\\koperasi\\app\\Views\\pengurus\\akuntansi\\header\\v_index.php')
 3 SYSTEMPATH\View\View.php(237): CodeIgniter\View\View->CodeIgniter\View\{closure}()
 4 SYSTEMPATH\Common.php(1171): CodeIgniter\View\View->render('pengurus/akuntansi/header/v_index', [], true)
 5 APPPATH\Views\pengurus\layout\v_content.php(4): view('pengurus/akuntansi/header/v_index')
 6 SYSTEMPATH\View\View.php(234): include('C:\\xampp\\htdocs\\koperasi\\app\\Views\\pengurus\\layout\\v_content.php')
 7 SYSTEMPATH\View\View.php(237): CodeIgniter\View\View->CodeIgniter\View\{closure}()
 8 SYSTEMPATH\Common.php(1171): CodeIgniter\View\View->render('pengurus/layout/v_content', [], true)
 9 APPPATH\Views\pengurus\layout\v_wrapper.php(6): view('pengurus/layout/v_content')
10 SYSTEMPATH\View\View.php(234): include('C:\\xampp\\htdocs\\koperasi\\app\\Views\\pengurus\\layout\\v_wrapper.php')
11 SYSTEMPATH\View\View.php(237): CodeIgniter\View\View->CodeIgniter\View\{closure}()
12 SYSTEMPATH\Common.php(1171): CodeIgniter\View\View->render('pengurus/layout/v_wrapper', [], true)
13 APPPATH\Controllers\Akuntansi.php(41): view('pengurus/layout/v_wrapper', [...])
14 SYSTEMPATH\CodeIgniter.php(933): App\Controllers\Akuntansi->index_header()
15 SYSTEMPATH\CodeIgniter.php(509): CodeIgniter\CodeIgniter->runController(Object(App\Controllers\Akuntansi))
16 SYSTEMPATH\CodeIgniter.php(355): CodeIgniter\CodeIgniter->handleRequest(null, Object(Config\Cache), false)
17 SYSTEMPATH\Boot.php(325): CodeIgniter\CodeIgniter->run()
18 SYSTEMPATH\Boot.php(67): CodeIgniter\Boot::runCodeIgniter(Object(CodeIgniter\CodeIgniter))
19 FCPATH\index.php(56): CodeIgniter\Boot::bootWeb(Object(Config\Paths))
INFO - 2024-07-04 04:08:12 --> Session: Class initialized using 'CodeIgniter\Session\Handlers\FileHandler' driver.
CRITICAL - 2024-07-04 04:08:12 --> ErrorException: Undefined array key "nm_pengurus"
[Method: GET, Route: pengurus/akuntansi/akun_header]
in APPPATH\Views\pengurus\akuntansi\header\v_index.php on line 90.
 1 APPPATH\Views\pengurus\akuntansi\header\v_index.php(90): CodeIgniter\Debug\Exceptions->errorHandler(2, 'Undefined array key "nm_pengurus"', 'C:\\xampp\\htdocs\\koperasi\\app\\Views\\pengurus\\akuntansi\\header\\v_index.php', 90)
 2 SYSTEMPATH\View\View.php(234): include('C:\\xampp\\htdocs\\koperasi\\app\\Views\\pengurus\\akuntansi\\header\\v_index.php')
 3 SYSTEMPATH\View\View.php(237): CodeIgniter\View\View->CodeIgniter\View\{closure}()
 4 SYSTEMPATH\Common.php(1171): CodeIgniter\View\View->render('pengurus/akuntansi/header/v_index', [], true)
 5 APPPATH\Views\pengurus\layout\v_content.php(4): view('pengurus/akuntansi/header/v_index')
 6 SYSTEMPATH\View\View.php(234): include('C:\\xampp\\htdocs\\koperasi\\app\\Views\\pengurus\\layout\\v_content.php')
 7 SYSTEMPATH\View\View.php(237): CodeIgniter\View\View->CodeIgniter\View\{closure}()
 8 SYSTEMPATH\Common.php(1171): CodeIgniter\View\View->render('pengurus/layout/v_content', [], true)
 9 APPPATH\Views\pengurus\layout\v_wrapper.php(6): view('pengurus/layout/v_content')
10 SYSTEMPATH\View\View.php(234): include('C:\\xampp\\htdocs\\koperasi\\app\\Views\\pengurus\\layout\\v_wrapper.php')
11 SYSTEMPATH\View\View.php(237): CodeIgniter\View\View->CodeIgniter\View\{closure}()
12 SYSTEMPATH\Common.php(1171): CodeIgniter\View\View->render('pengurus/layout/v_wrapper', [], true)
13 APPPATH\Controllers\Akuntansi.php(41): view('pengurus/layout/v_wrapper', [...])
14 SYSTEMPATH\CodeIgniter.php(933): App\Controllers\Akuntansi->index_header()
15 SYSTEMPATH\CodeIgniter.php(509): CodeIgniter\CodeIgniter->runController(Object(App\Controllers\Akuntansi))
16 SYSTEMPATH\CodeIgniter.php(355): CodeIgniter\CodeIgniter->handleRequest(null, Object(Config\Cache), false)
17 SYSTEMPATH\Boot.php(325): CodeIgniter\CodeIgniter->run()
18 SYSTEMPATH\Boot.php(67): CodeIgniter\Boot::runCodeIgniter(Object(CodeIgniter\CodeIgniter))
19 FCPATH\index.php(56): CodeIgniter\Boot::bootWeb(Object(Config\Paths))
INFO - 2024-07-04 04:08:54 --> Session: Class initialized using 'CodeIgniter\Session\Handlers\FileHandler' driver.
CRITICAL - 2024-07-04 04:08:54 --> ErrorException: Undefined variable $agen
[Method: GET, Route: pengurus/akuntansi/akun_header]
in APPPATH\Views\pengurus\akuntansi\header\v_index.php on line 117.
 1 APPPATH\Views\pengurus\akuntansi\header\v_index.php(117): CodeIgniter\Debug\Exceptions->errorHandler(2, 'Undefined variable $agen', 'C:\\xampp\\htdocs\\koperasi\\app\\Views\\pengurus\\akuntansi\\header\\v_index.php', 117)
 2 SYSTEMPATH\View\View.php(234): include('C:\\xampp\\htdocs\\koperasi\\app\\Views\\pengurus\\akuntansi\\header\\v_index.php')
 3 SYSTEMPATH\View\View.php(237): CodeIgniter\View\View->CodeIgniter\View\{closure}()
 4 SYSTEMPATH\Common.php(1171): CodeIgniter\View\View->render('pengurus/akuntansi/header/v_index', [], true)
 5 APPPATH\Views\pengurus\layout\v_content.php(4): view('pengurus/akuntansi/header/v_index')
 6 SYSTEMPATH\View\View.php(234): include('C:\\xampp\\htdocs\\koperasi\\app\\Views\\pengurus\\layout\\v_content.php')
 7 SYSTEMPATH\View\View.php(237): CodeIgniter\View\View->CodeIgniter\View\{closure}()
 8 SYSTEMPATH\Common.php(1171): CodeIgniter\View\View->render('pengurus/layout/v_content', [], true)
 9 APPPATH\Views\pengurus\layout\v_wrapper.php(6): view('pengurus/layout/v_content')
10 SYSTEMPATH\View\View.php(234): include('C:\\xampp\\htdocs\\koperasi\\app\\Views\\pengurus\\layout\\v_wrapper.php')
11 SYSTEMPATH\View\View.php(237): CodeIgniter\View\View->CodeIgniter\View\{closure}()
12 SYSTEMPATH\Common.php(1171): CodeIgniter\View\View->render('pengurus/layout/v_wrapper', [], true)
13 APPPATH\Controllers\Akuntansi.php(41): view('pengurus/layout/v_wrapper', [...])
14 SYSTEMPATH\CodeIgniter.php(933): App\Controllers\Akuntansi->index_header()
15 SYSTEMPATH\CodeIgniter.php(509): CodeIgniter\CodeIgniter->runController(Object(App\Controllers\Akuntansi))
16 SYSTEMPATH\CodeIgniter.php(355): CodeIgniter\CodeIgniter->handleRequest(null, Object(Config\Cache), false)
17 SYSTEMPATH\Boot.php(325): CodeIgniter\CodeIgniter->run()
18 SYSTEMPATH\Boot.php(67): CodeIgniter\Boot::runCodeIgniter(Object(CodeIgniter\CodeIgniter))
19 FCPATH\index.php(56): CodeIgniter\Boot::bootWeb(Object(Config\Paths))
INFO - 2024-07-04 04:09:11 --> Session: Class initialized using 'CodeIgniter\Session\Handlers\FileHandler' driver.
CRITICAL - 2024-07-04 04:09:11 --> ErrorException: Undefined array key "edited_by   "
[Method: GET, Route: pengurus/akuntansi/akun_header]
in APPPATH\Views\pengurus\akuntansi\header\v_index.php on line 90.
 1 APPPATH\Views\pengurus\akuntansi\header\v_index.php(90): CodeIgniter\Debug\Exceptions->errorHandler(2, 'Undefined array key "edited_by   "', 'C:\\xampp\\htdocs\\koperasi\\app\\Views\\pengurus\\akuntansi\\header\\v_index.php', 90)
 2 SYSTEMPATH\View\View.php(234): include('C:\\xampp\\htdocs\\koperasi\\app\\Views\\pengurus\\akuntansi\\header\\v_index.php')
 3 SYSTEMPATH\View\View.php(237): CodeIgniter\View\View->CodeIgniter\View\{closure}()
 4 SYSTEMPATH\Common.php(1171): CodeIgniter\View\View->render('pengurus/akuntansi/header/v_index', [], true)
 5 APPPATH\Views\pengurus\layout\v_content.php(4): view('pengurus/akuntansi/header/v_index')
 6 SYSTEMPATH\View\View.php(234): include('C:\\xampp\\htdocs\\koperasi\\app\\Views\\pengurus\\layout\\v_content.php')
 7 SYSTEMPATH\View\View.php(237): CodeIgniter\View\View->CodeIgniter\View\{closure}()
 8 SYSTEMPATH\Common.php(1171): CodeIgniter\View\View->render('pengurus/layout/v_content', [], true)
 9 APPPATH\Views\pengurus\layout\v_wrapper.php(6): view('pengurus/layout/v_content')
10 SYSTEMPATH\View\View.php(234): include('C:\\xampp\\htdocs\\koperasi\\app\\Views\\pengurus\\layout\\v_wrapper.php')
11 SYSTEMPATH\View\View.php(237): CodeIgniter\View\View->CodeIgniter\View\{closure}()
12 SYSTEMPATH\Common.php(1171): CodeIgniter\View\View->render('pengurus/layout/v_wrapper', [], true)
13 APPPATH\Controllers\Akuntansi.php(41): view('pengurus/layout/v_wrapper', [...])
14 SYSTEMPATH\CodeIgniter.php(933): App\Controllers\Akuntansi->index_header()
15 SYSTEMPATH\CodeIgniter.php(509): CodeIgniter\CodeIgniter->runController(Object(App\Controllers\Akuntansi))
16 SYSTEMPATH\CodeIgniter.php(355): CodeIgniter\CodeIgniter->handleRequest(null, Object(Config\Cache), false)
17 SYSTEMPATH\Boot.php(325): CodeIgniter\CodeIgniter->run()
18 SYSTEMPATH\Boot.php(67): CodeIgniter\Boot::runCodeIgniter(Object(CodeIgniter\CodeIgniter))
19 FCPATH\index.php(56): CodeIgniter\Boot::bootWeb(Object(Config\Paths))
INFO - 2024-07-04 04:09:46 --> Session: Class initialized using 'CodeIgniter\Session\Handlers\FileHandler' driver.
CRITICAL - 2024-07-04 04:09:47 --> ErrorException: Undefined array key "kd_agen"
[Method: GET, Route: pengurus/akuntansi/akun_header]
in APPPATH\Views\pengurus\akuntansi\header\v_index.php on line 132.
 1 APPPATH\Views\pengurus\akuntansi\header\v_index.php(132): CodeIgniter\Debug\Exceptions->errorHandler(2, 'Undefined array key "kd_agen"', 'C:\\xampp\\htdocs\\koperasi\\app\\Views\\pengurus\\akuntansi\\header\\v_index.php', 132)
 2 SYSTEMPATH\View\View.php(234): include('C:\\xampp\\htdocs\\koperasi\\app\\Views\\pengurus\\akuntansi\\header\\v_index.php')
 3 SYSTEMPATH\View\View.php(237): CodeIgniter\View\View->CodeIgniter\View\{closure}()
 4 SYSTEMPATH\Common.php(1171): CodeIgniter\View\View->render('pengurus/akuntansi/header/v_index', [], true)
 5 APPPATH\Views\pengurus\layout\v_content.php(4): view('pengurus/akuntansi/header/v_index')
 6 SYSTEMPATH\View\View.php(234): include('C:\\xampp\\htdocs\\koperasi\\app\\Views\\pengurus\\layout\\v_content.php')
 7 SYSTEMPATH\View\View.php(237): CodeIgniter\View\View->CodeIgniter\View\{closure}()
 8 SYSTEMPATH\Common.php(1171): CodeIgniter\View\View->render('pengurus/layout/v_content', [], true)
 9 APPPATH\Views\pengurus\layout\v_wrapper.php(6): view('pengurus/layout/v_content')
10 SYSTEMPATH\View\View.php(234): include('C:\\xampp\\htdocs\\koperasi\\app\\Views\\pengurus\\layout\\v_wrapper.php')
11 SYSTEMPATH\View\View.php(237): CodeIgniter\View\View->CodeIgniter\View\{closure}()
12 SYSTEMPATH\Common.php(1171): CodeIgniter\View\View->render('pengurus/layout/v_wrapper', [], true)
13 APPPATH\Controllers\Akuntansi.php(41): view('pengurus/layout/v_wrapper', [...])
14 SYSTEMPATH\CodeIgniter.php(933): App\Controllers\Akuntansi->index_header()
15 SYSTEMPATH\CodeIgniter.php(509): CodeIgniter\CodeIgniter->runController(Object(App\Controllers\Akuntansi))
16 SYSTEMPATH\CodeIgniter.php(355): CodeIgniter\CodeIgniter->handleRequest(null, Object(Config\Cache), false)
17 SYSTEMPATH\Boot.php(325): CodeIgniter\CodeIgniter->run()
18 SYSTEMPATH\Boot.php(67): CodeIgniter\Boot::runCodeIgniter(Object(CodeIgniter\CodeIgniter))
19 FCPATH\index.php(56): CodeIgniter\Boot::bootWeb(Object(Config\Paths))
INFO - 2024-07-04 04:10:08 --> Session: Class initialized using 'CodeIgniter\Session\Handlers\FileHandler' driver.
CRITICAL - 2024-07-04 04:10:08 --> ErrorException: Undefined variable $kd_agen
[Method: GET, Route: pengurus/akuntansi/akun_header]
in APPPATH\Views\pengurus\akuntansi\header\v_index.php on line 133.
 1 APPPATH\Views\pengurus\akuntansi\header\v_index.php(133): CodeIgniter\Debug\Exceptions->errorHandler(2, 'Undefined variable $kd_agen', 'C:\\xampp\\htdocs\\koperasi\\app\\Views\\pengurus\\akuntansi\\header\\v_index.php', 133)
 2 SYSTEMPATH\View\View.php(234): include('C:\\xampp\\htdocs\\koperasi\\app\\Views\\pengurus\\akuntansi\\header\\v_index.php')
 3 SYSTEMPATH\View\View.php(237): CodeIgniter\View\View->CodeIgniter\View\{closure}()
 4 SYSTEMPATH\Common.php(1171): CodeIgniter\View\View->render('pengurus/akuntansi/header/v_index', [], true)
 5 APPPATH\Views\pengurus\layout\v_content.php(4): view('pengurus/akuntansi/header/v_index')
 6 SYSTEMPATH\View\View.php(234): include('C:\\xampp\\htdocs\\koperasi\\app\\Views\\pengurus\\layout\\v_content.php')
 7 SYSTEMPATH\View\View.php(237): CodeIgniter\View\View->CodeIgniter\View\{closure}()
 8 SYSTEMPATH\Common.php(1171): CodeIgniter\View\View->render('pengurus/layout/v_content', [], true)
 9 APPPATH\Views\pengurus\layout\v_wrapper.php(6): view('pengurus/layout/v_content')
10 SYSTEMPATH\View\View.php(234): include('C:\\xampp\\htdocs\\koperasi\\app\\Views\\pengurus\\layout\\v_wrapper.php')
11 SYSTEMPATH\View\View.php(237): CodeIgniter\View\View->CodeIgniter\View\{closure}()
12 SYSTEMPATH\Common.php(1171): CodeIgniter\View\View->render('pengurus/layout/v_wrapper', [], true)
13 APPPATH\Controllers\Akuntansi.php(41): view('pengurus/layout/v_wrapper', [...])
14 SYSTEMPATH\CodeIgniter.php(933): App\Controllers\Akuntansi->index_header()
15 SYSTEMPATH\CodeIgniter.php(509): CodeIgniter\CodeIgniter->runController(Object(App\Controllers\Akuntansi))
16 SYSTEMPATH\CodeIgniter.php(355): CodeIgniter\CodeIgniter->handleRequest(null, Object(Config\Cache), false)
17 SYSTEMPATH\Boot.php(325): CodeIgniter\CodeIgniter->run()
18 SYSTEMPATH\Boot.php(67): CodeIgniter\Boot::runCodeIgniter(Object(CodeIgniter\CodeIgniter))
19 FCPATH\index.php(56): CodeIgniter\Boot::bootWeb(Object(Config\Paths))
INFO - 2024-07-04 04:10:41 --> Session: Class initialized using 'CodeIgniter\Session\Handlers\FileHandler' driver.
CRITICAL - 2024-07-04 04:10:41 --> ErrorException: Undefined array key "kd_agen"
[Method: GET, Route: pengurus/akuntansi/akun_header]
in APPPATH\Views\pengurus\akuntansi\header\v_index.php on line 166.
 1 APPPATH\Views\pengurus\akuntansi\header\v_index.php(166): CodeIgniter\Debug\Exceptions->errorHandler(2, 'Undefined array key "kd_agen"', 'C:\\xampp\\htdocs\\koperasi\\app\\Views\\pengurus\\akuntansi\\header\\v_index.php', 166)
 2 SYSTEMPATH\View\View.php(234): include('C:\\xampp\\htdocs\\koperasi\\app\\Views\\pengurus\\akuntansi\\header\\v_index.php')
 3 SYSTEMPATH\View\View.php(237): CodeIgniter\View\View->CodeIgniter\View\{closure}()
 4 SYSTEMPATH\Common.php(1171): CodeIgniter\View\View->render('pengurus/akuntansi/header/v_index', [], true)
 5 APPPATH\Views\pengurus\layout\v_content.php(4): view('pengurus/akuntansi/header/v_index')
 6 SYSTEMPATH\View\View.php(234): include('C:\\xampp\\htdocs\\koperasi\\app\\Views\\pengurus\\layout\\v_content.php')
 7 SYSTEMPATH\View\View.php(237): CodeIgniter\View\View->CodeIgniter\View\{closure}()
 8 SYSTEMPATH\Common.php(1171): CodeIgniter\View\View->render('pengurus/layout/v_content', [], true)
 9 APPPATH\Views\pengurus\layout\v_wrapper.php(6): view('pengurus/layout/v_content')
10 SYSTEMPATH\View\View.php(234): include('C:\\xampp\\htdocs\\koperasi\\app\\Views\\pengurus\\layout\\v_wrapper.php')
11 SYSTEMPATH\View\View.php(237): CodeIgniter\View\View->CodeIgniter\View\{closure}()
12 SYSTEMPATH\Common.php(1171): CodeIgniter\View\View->render('pengurus/layout/v_wrapper', [], true)
13 APPPATH\Controllers\Akuntansi.php(41): view('pengurus/layout/v_wrapper', [...])
14 SYSTEMPATH\CodeIgniter.php(933): App\Controllers\Akuntansi->index_header()
15 SYSTEMPATH\CodeIgniter.php(509): CodeIgniter\CodeIgniter->runController(Object(App\Controllers\Akuntansi))
16 SYSTEMPATH\CodeIgniter.php(355): CodeIgniter\CodeIgniter->handleRequest(null, Object(Config\Cache), false)
17 SYSTEMPATH\Boot.php(325): CodeIgniter\CodeIgniter->run()
18 SYSTEMPATH\Boot.php(67): CodeIgniter\Boot::runCodeIgniter(Object(CodeIgniter\CodeIgniter))
19 FCPATH\index.php(56): CodeIgniter\Boot::bootWeb(Object(Config\Paths))
INFO - 2024-07-04 04:13:04 --> Session: Class initialized using 'CodeIgniter\Session\Handlers\FileHandler' driver.
CRITICAL - 2024-07-04 04:13:04 --> ErrorException: Undefined array key "nm_agen"
[Method: GET, Route: pengurus/akuntansi/akun_header]
in APPPATH\Views\pengurus\akuntansi\header\v_index.php on line 197.
 1 APPPATH\Views\pengurus\akuntansi\header\v_index.php(197): CodeIgniter\Debug\Exceptions->errorHandler(2, 'Undefined array key "nm_agen"', 'C:\\xampp\\htdocs\\koperasi\\app\\Views\\pengurus\\akuntansi\\header\\v_index.php', 197)
 2 SYSTEMPATH\View\View.php(234): include('C:\\xampp\\htdocs\\koperasi\\app\\Views\\pengurus\\akuntansi\\header\\v_index.php')
 3 SYSTEMPATH\View\View.php(237): CodeIgniter\View\View->CodeIgniter\View\{closure}()
 4 SYSTEMPATH\Common.php(1171): CodeIgniter\View\View->render('pengurus/akuntansi/header/v_index', [], true)
 5 APPPATH\Views\pengurus\layout\v_content.php(4): view('pengurus/akuntansi/header/v_index')
 6 SYSTEMPATH\View\View.php(234): include('C:\\xampp\\htdocs\\koperasi\\app\\Views\\pengurus\\layout\\v_content.php')
 7 SYSTEMPATH\View\View.php(237): CodeIgniter\View\View->CodeIgniter\View\{closure}()
 8 SYSTEMPATH\Common.php(1171): CodeIgniter\View\View->render('pengurus/layout/v_content', [], true)
 9 APPPATH\Views\pengurus\layout\v_wrapper.php(6): view('pengurus/layout/v_content')
10 SYSTEMPATH\View\View.php(234): include('C:\\xampp\\htdocs\\koperasi\\app\\Views\\pengurus\\layout\\v_wrapper.php')
11 SYSTEMPATH\View\View.php(237): CodeIgniter\View\View->CodeIgniter\View\{closure}()
12 SYSTEMPATH\Common.php(1171): CodeIgniter\View\View->render('pengurus/layout/v_wrapper', [], true)
13 APPPATH\Controllers\Akuntansi.php(41): view('pengurus/layout/v_wrapper', [...])
14 SYSTEMPATH\CodeIgniter.php(933): App\Controllers\Akuntansi->index_header()
15 SYSTEMPATH\CodeIgniter.php(509): CodeIgniter\CodeIgniter->runController(Object(App\Controllers\Akuntansi))
16 SYSTEMPATH\CodeIgniter.php(355): CodeIgniter\CodeIgniter->handleRequest(null, Object(Config\Cache), false)
17 SYSTEMPATH\Boot.php(325): CodeIgniter\CodeIgniter->run()
18 SYSTEMPATH\Boot.php(67): CodeIgniter\Boot::runCodeIgniter(Object(CodeIgniter\CodeIgniter))
19 FCPATH\index.php(56): CodeIgniter\Boot::bootWeb(Object(Config\Paths))
INFO - 2024-07-04 04:13:29 --> Session: Class initialized using 'CodeIgniter\Session\Handlers\FileHandler' driver.
CRITICAL - 2024-07-04 04:13:29 --> ErrorException: Undefined array key "nm_agen"
[Method: GET, Route: pengurus/akuntansi/akun_header]
in APPPATH\Views\pengurus\akuntansi\header\v_index.php on line 197.
 1 APPPATH\Views\pengurus\akuntansi\header\v_index.php(197): CodeIgniter\Debug\Exceptions->errorHandler(2, 'Undefined array key "nm_agen"', 'C:\\xampp\\htdocs\\koperasi\\app\\Views\\pengurus\\akuntansi\\header\\v_index.php', 197)
 2 SYSTEMPATH\View\View.php(234): include('C:\\xampp\\htdocs\\koperasi\\app\\Views\\pengurus\\akuntansi\\header\\v_index.php')
 3 SYSTEMPATH\View\View.php(237): CodeIgniter\View\View->CodeIgniter\View\{closure}()
 4 SYSTEMPATH\Common.php(1171): CodeIgniter\View\View->render('pengurus/akuntansi/header/v_index', [], true)
 5 APPPATH\Views\pengurus\layout\v_content.php(4): view('pengurus/akuntansi/header/v_index')
 6 SYSTEMPATH\View\View.php(234): include('C:\\xampp\\htdocs\\koperasi\\app\\Views\\pengurus\\layout\\v_content.php')
 7 SYSTEMPATH\View\View.php(237): CodeIgniter\View\View->CodeIgniter\View\{closure}()
 8 SYSTEMPATH\Common.php(1171): CodeIgniter\View\View->render('pengurus/layout/v_content', [], true)
 9 APPPATH\Views\pengurus\layout\v_wrapper.php(6): view('pengurus/layout/v_content')
10 SYSTEMPATH\View\View.php(234): include('C:\\xampp\\htdocs\\koperasi\\app\\Views\\pengurus\\layout\\v_wrapper.php')
11 SYSTEMPATH\View\View.php(237): CodeIgniter\View\View->CodeIgniter\View\{closure}()
12 SYSTEMPATH\Common.php(1171): CodeIgniter\View\View->render('pengurus/layout/v_wrapper', [], true)
13 APPPATH\Controllers\Akuntansi.php(41): view('pengurus/layout/v_wrapper', [...])
14 SYSTEMPATH\CodeIgniter.php(933): App\Controllers\Akuntansi->index_header()
15 SYSTEMPATH\CodeIgniter.php(509): CodeIgniter\CodeIgniter->runController(Object(App\Controllers\Akuntansi))
16 SYSTEMPATH\CodeIgniter.php(355): CodeIgniter\CodeIgniter->handleRequest(null, Object(Config\Cache), false)
17 SYSTEMPATH\Boot.php(325): CodeIgniter\CodeIgniter->run()
18 SYSTEMPATH\Boot.php(67): CodeIgniter\Boot::runCodeIgniter(Object(CodeIgniter\CodeIgniter))
19 FCPATH\index.php(56): CodeIgniter\Boot::bootWeb(Object(Config\Paths))
INFO - 2024-07-04 04:13:40 --> Session: Class initialized using 'CodeIgniter\Session\Handlers\FileHandler' driver.
INFO - 2024-07-04 04:21:56 --> Session: Class initialized using 'CodeIgniter\Session\Handlers\FileHandler' driver.
CRITICAL - 2024-07-04 04:21:56 --> ErrorException: Undefined array key "edited_by_nm_pengurus"
[Method: GET, Route: pengurus/akuntansi/akun_header]
in APPPATH\Views\pengurus\akuntansi\header\v_index.php on line 91.
 1 APPPATH\Views\pengurus\akuntansi\header\v_index.php(91): CodeIgniter\Debug\Exceptions->errorHandler(2, 'Undefined array key "edited_by_nm_pengurus"', 'C:\\xampp\\htdocs\\koperasi\\app\\Views\\pengurus\\akuntansi\\header\\v_index.php', 91)
 2 SYSTEMPATH\View\View.php(234): include('C:\\xampp\\htdocs\\koperasi\\app\\Views\\pengurus\\akuntansi\\header\\v_index.php')
 3 SYSTEMPATH\View\View.php(237): CodeIgniter\View\View->CodeIgniter\View\{closure}()
 4 SYSTEMPATH\Common.php(1171): CodeIgniter\View\View->render('pengurus/akuntansi/header/v_index', [], true)
 5 APPPATH\Views\pengurus\layout\v_content.php(4): view('pengurus/akuntansi/header/v_index')
 6 SYSTEMPATH\View\View.php(234): include('C:\\xampp\\htdocs\\koperasi\\app\\Views\\pengurus\\layout\\v_content.php')
 7 SYSTEMPATH\View\View.php(237): CodeIgniter\View\View->CodeIgniter\View\{closure}()
 8 SYSTEMPATH\Common.php(1171): CodeIgniter\View\View->render('pengurus/layout/v_content', [], true)
 9 APPPATH\Views\pengurus\layout\v_wrapper.php(6): view('pengurus/layout/v_content')
10 SYSTEMPATH\View\View.php(234): include('C:\\xampp\\htdocs\\koperasi\\app\\Views\\pengurus\\layout\\v_wrapper.php')
11 SYSTEMPATH\View\View.php(237): CodeIgniter\View\View->CodeIgniter\View\{closure}()
12 SYSTEMPATH\Common.php(1171): CodeIgniter\View\View->render('pengurus/layout/v_wrapper', [], true)
13 APPPATH\Controllers\Akuntansi.php(41): view('pengurus/layout/v_wrapper', [...])
14 SYSTEMPATH\CodeIgniter.php(933): App\Controllers\Akuntansi->index_header()
15 SYSTEMPATH\CodeIgniter.php(509): CodeIgniter\CodeIgniter->runController(Object(App\Controllers\Akuntansi))
16 SYSTEMPATH\CodeIgniter.php(355): CodeIgniter\CodeIgniter->handleRequest(null, Object(Config\Cache), false)
17 SYSTEMPATH\Boot.php(325): CodeIgniter\CodeIgniter->run()
18 SYSTEMPATH\Boot.php(67): CodeIgniter\Boot::runCodeIgniter(Object(CodeIgniter\CodeIgniter))
19 FCPATH\index.php(56): CodeIgniter\Boot::bootWeb(Object(Config\Paths))
INFO - 2024-07-04 04:24:37 --> Session: Class initialized using 'CodeIgniter\Session\Handlers\FileHandler' driver.
INFO - 2024-07-04 04:24:54 --> Session: Class initialized using 'CodeIgniter\Session\Handlers\FileHandler' driver.
CRITICAL - 2024-07-04 04:24:54 --> ErrorException: Undefined array key "nm_pengurus"
[Method: GET, Route: pengurus/akuntansi/akun_header]
in APPPATH\Views\pengurus\akuntansi\header\v_index.php on line 81.
 1 APPPATH\Views\pengurus\akuntansi\header\v_index.php(81): CodeIgniter\Debug\Exceptions->errorHandler(2, 'Undefined array key "nm_pengurus"', 'C:\\xampp\\htdocs\\koperasi\\app\\Views\\pengurus\\akuntansi\\header\\v_index.php', 81)
 2 SYSTEMPATH\View\View.php(234): include('C:\\xampp\\htdocs\\koperasi\\app\\Views\\pengurus\\akuntansi\\header\\v_index.php')
 3 SYSTEMPATH\View\View.php(237): CodeIgniter\View\View->CodeIgniter\View\{closure}()
 4 SYSTEMPATH\Common.php(1171): CodeIgniter\View\View->render('pengurus/akuntansi/header/v_index', [], true)
 5 APPPATH\Views\pengurus\layout\v_content.php(4): view('pengurus/akuntansi/header/v_index')
 6 SYSTEMPATH\View\View.php(234): include('C:\\xampp\\htdocs\\koperasi\\app\\Views\\pengurus\\layout\\v_content.php')
 7 SYSTEMPATH\View\View.php(237): CodeIgniter\View\View->CodeIgniter\View\{closure}()
 8 SYSTEMPATH\Common.php(1171): CodeIgniter\View\View->render('pengurus/layout/v_content', [], true)
 9 APPPATH\Views\pengurus\layout\v_wrapper.php(6): view('pengurus/layout/v_content')
10 SYSTEMPATH\View\View.php(234): include('C:\\xampp\\htdocs\\koperasi\\app\\Views\\pengurus\\layout\\v_wrapper.php')
11 SYSTEMPATH\View\View.php(237): CodeIgniter\View\View->CodeIgniter\View\{closure}()
12 SYSTEMPATH\Common.php(1171): CodeIgniter\View\View->render('pengurus/layout/v_wrapper', [], true)
13 APPPATH\Controllers\Akuntansi.php(44): view('pengurus/layout/v_wrapper', [...])
14 SYSTEMPATH\CodeIgniter.php(933): App\Controllers\Akuntansi->index_header()
15 SYSTEMPATH\CodeIgniter.php(509): CodeIgniter\CodeIgniter->runController(Object(App\Controllers\Akuntansi))
16 SYSTEMPATH\CodeIgniter.php(355): CodeIgniter\CodeIgniter->handleRequest(null, Object(Config\Cache), false)
17 SYSTEMPATH\Boot.php(325): CodeIgniter\CodeIgniter->run()
18 SYSTEMPATH\Boot.php(67): CodeIgniter\Boot::runCodeIgniter(Object(CodeIgniter\CodeIgniter))
19 FCPATH\index.php(56): CodeIgniter\Boot::bootWeb(Object(Config\Paths))
INFO - 2024-07-04 04:25:41 --> Session: Class initialized using 'CodeIgniter\Session\Handlers\FileHandler' driver.
INFO - 2024-07-04 04:25:52 --> Session: Class initialized using 'CodeIgniter\Session\Handlers\FileHandler' driver.
INFO - 2024-07-04 04:26:42 --> Session: Class initialized using 'CodeIgniter\Session\Handlers\FileHandler' driver.
INFO - 2024-07-04 05:23:08 --> Session: Class initialized using 'CodeIgniter\Session\Handlers\FileHandler' driver.
INFO - 2024-07-04 05:23:08 --> Session: Class initialized using 'CodeIgniter\Session\Handlers\FileHandler' driver.
INFO - 2024-07-04 11:38:46 --> Session: Class initialized using 'CodeIgniter\Session\Handlers\FileHandler' driver.
INFO - 2024-07-04 11:38:46 --> Session: Class initialized using 'CodeIgniter\Session\Handlers\FileHandler' driver.
INFO - 2024-07-04 11:56:17 --> Session: Class initialized using 'CodeIgniter\Session\Handlers\FileHandler' driver.
INFO - 2024-07-04 11:56:37 --> Session: Class initialized using 'CodeIgniter\Session\Handlers\FileHandler' driver.
INFO - 2024-07-04 12:05:19 --> Session: Class initialized using 'CodeIgniter\Session\Handlers\FileHandler' driver.
INFO - 2024-07-04 12:05:51 --> Session: Class initialized using 'CodeIgniter\Session\Handlers\FileHandler' driver.
INFO - 2024-07-04 12:06:09 --> Session: Class initialized using 'CodeIgniter\Session\Handlers\FileHandler' driver.
CRITICAL - 2024-07-04 12:27:01 --> ArgumentCountError: Too few arguments to function CodeIgniter\Router\RouteCollection::get(), 1 passed in C:\xampp\htdocs\koperasi\app\Config\Routes.php on line 50 and at least 2 expected
[Method: GET, Route: pengurus/login]
in SYSTEMPATH\Router\RouteCollection.php on line 1051.
 1 APPPATH\Config\Routes.php(50): CodeIgniter\Router\RouteCollection->get('')
 2 SYSTEMPATH\Router\RouteCollection.php(340): require('C:\\xampp\\htdocs\\koperasi\\app\\Config\\Routes.php')
 3 SYSTEMPATH\CodeIgniter.php(823): CodeIgniter\Router\RouteCollection->loadRoutes()
 4 SYSTEMPATH\CodeIgniter.php(457): CodeIgniter\CodeIgniter->tryToRouteIt(null)
 5 SYSTEMPATH\CodeIgniter.php(355): CodeIgniter\CodeIgniter->handleRequest(null, Object(Config\Cache), false)
 6 SYSTEMPATH\Boot.php(325): CodeIgniter\CodeIgniter->run()
 7 SYSTEMPATH\Boot.php(67): CodeIgniter\Boot::runCodeIgniter(Object(CodeIgniter\CodeIgniter))
 8 FCPATH\index.php(56): CodeIgniter\Boot::bootWeb(Object(Config\Paths))
INFO - 2024-07-04 12:32:11 --> Session: Class initialized using 'CodeIgniter\Session\Handlers\FileHandler' driver.
INFO - 2024-07-04 12:32:11 --> Session: Class initialized using 'CodeIgniter\Session\Handlers\FileHandler' driver.
INFO - 2024-07-04 12:32:16 --> Session: Class initialized using 'CodeIgniter\Session\Handlers\FileHandler' driver.
INFO - 2024-07-04 12:32:16 --> Session: Class initialized using 'CodeIgniter\Session\Handlers\FileHandler' driver.
INFO - 2024-07-04 12:32:23 --> Session: Class initialized using 'CodeIgniter\Session\Handlers\FileHandler' driver.
INFO - 2024-07-04 12:32:23 --> Session: Class initialized using 'CodeIgniter\Session\Handlers\FileHandler' driver.
INFO - 2024-07-04 12:32:32 --> Session: Class initialized using 'CodeIgniter\Session\Handlers\FileHandler' driver.
INFO - 2024-07-04 12:39:12 --> Session: Class initialized using 'CodeIgniter\Session\Handlers\FileHandler' driver.
INFO - 2024-07-04 14:21:47 --> Session: Class initialized using 'CodeIgniter\Session\Handlers\FileHandler' driver.
INFO - 2024-07-04 14:31:48 --> Session: Class initialized using 'CodeIgniter\Session\Handlers\FileHandler' driver.
INFO - 2024-07-04 15:00:33 --> Session: Class initialized using 'CodeIgniter\Session\Handlers\FileHandler' driver.
INFO - 2024-07-04 15:00:42 --> Session: Class initialized using 'CodeIgniter\Session\Handlers\FileHandler' driver.
INFO - 2024-07-04 15:01:18 --> Session: Class initialized using 'CodeIgniter\Session\Handlers\FileHandler' driver.
INFO - 2024-07-04 15:12:02 --> Session: Class initialized using 'CodeIgniter\Session\Handlers\FileHandler' driver.
INFO - 2024-07-04 15:29:48 --> Session: Class initialized using 'CodeIgniter\Session\Handlers\FileHandler' driver.
CRITICAL - 2024-07-04 15:29:48 --> ErrorException: Undefined variable $agen
[Method: GET, Route: pengurus/akuntansi/jurnal_umum]
in APPPATH\Views\pengurus\akuntansi\jurnal\v_index.php on line 70.
 1 APPPATH\Views\pengurus\akuntansi\jurnal\v_index.php(70): CodeIgniter\Debug\Exceptions->errorHandler(2, 'Undefined variable $agen', 'C:\\xampp\\htdocs\\koperasi\\app\\Views\\pengurus\\akuntansi\\jurnal\\v_index.php', 70)
 2 SYSTEMPATH\View\View.php(234): include('C:\\xampp\\htdocs\\koperasi\\app\\Views\\pengurus\\akuntansi\\jurnal\\v_index.php')
 3 SYSTEMPATH\View\View.php(237): CodeIgniter\View\View->CodeIgniter\View\{closure}()
 4 SYSTEMPATH\Common.php(1171): CodeIgniter\View\View->render('pengurus/akuntansi/jurnal/v_index', [], true)
 5 APPPATH\Views\pengurus\layout\v_content.php(4): view('pengurus/akuntansi/jurnal/v_index')
 6 SYSTEMPATH\View\View.php(234): include('C:\\xampp\\htdocs\\koperasi\\app\\Views\\pengurus\\layout\\v_content.php')
 7 SYSTEMPATH\View\View.php(237): CodeIgniter\View\View->CodeIgniter\View\{closure}()
 8 SYSTEMPATH\Common.php(1171): CodeIgniter\View\View->render('pengurus/layout/v_content', [], true)
 9 APPPATH\Views\pengurus\layout\v_wrapper.php(6): view('pengurus/layout/v_content')
10 SYSTEMPATH\View\View.php(234): include('C:\\xampp\\htdocs\\koperasi\\app\\Views\\pengurus\\layout\\v_wrapper.php')
11 SYSTEMPATH\View\View.php(237): CodeIgniter\View\View->CodeIgniter\View\{closure}()
12 SYSTEMPATH\Common.php(1171): CodeIgniter\View\View->render('pengurus/layout/v_wrapper', [], true)
13 APPPATH\Controllers\Akuntansi.php(155): view('pengurus/layout/v_wrapper', [...])
14 SYSTEMPATH\CodeIgniter.php(933): App\Controllers\Akuntansi->index_jurnal()
15 SYSTEMPATH\CodeIgniter.php(509): CodeIgniter\CodeIgniter->runController(Object(App\Controllers\Akuntansi))
16 SYSTEMPATH\CodeIgniter.php(355): CodeIgniter\CodeIgniter->handleRequest(null, Object(Config\Cache), false)
17 SYSTEMPATH\Boot.php(325): CodeIgniter\CodeIgniter->run()
18 SYSTEMPATH\Boot.php(67): CodeIgniter\Boot::runCodeIgniter(Object(CodeIgniter\CodeIgniter))
19 FCPATH\index.php(56): CodeIgniter\Boot::bootWeb(Object(Config\Paths))
INFO - 2024-07-04 15:29:56 --> Session: Class initialized using 'CodeIgniter\Session\Handlers\FileHandler' driver.
INFO - 2024-07-04 15:32:45 --> Session: Class initialized using 'CodeIgniter\Session\Handlers\FileHandler' driver.
INFO - 2024-07-04 15:42:20 --> Session: Class initialized using 'CodeIgniter\Session\Handlers\FileHandler' driver.
INFO - 2024-07-04 15:43:13 --> Session: Class initialized using 'CodeIgniter\Session\Handlers\FileHandler' driver.
INFO - 2024-07-04 15:43:35 --> Session: Class initialized using 'CodeIgniter\Session\Handlers\FileHandler' driver.
INFO - 2024-07-04 15:43:45 --> Session: Class initialized using 'CodeIgniter\Session\Handlers\FileHandler' driver.
INFO - 2024-07-04 15:43:54 --> Session: Class initialized using 'CodeIgniter\Session\Handlers\FileHandler' driver.
INFO - 2024-07-04 15:44:53 --> Session: Class initialized using 'CodeIgniter\Session\Handlers\FileHandler' driver.
INFO - 2024-07-04 15:45:06 --> Session: Class initialized using 'CodeIgniter\Session\Handlers\FileHandler' driver.
INFO - 2024-07-04 15:45:47 --> Session: Class initialized using 'CodeIgniter\Session\Handlers\FileHandler' driver.
INFO - 2024-07-04 15:45:54 --> Session: Class initialized using 'CodeIgniter\Session\Handlers\FileHandler' driver.
INFO - 2024-07-04 15:46:04 --> Session: Class initialized using 'CodeIgniter\Session\Handlers\FileHandler' driver.
INFO - 2024-07-04 15:47:32 --> Session: Class initialized using 'CodeIgniter\Session\Handlers\FileHandler' driver.
INFO - 2024-07-04 15:47:35 --> Session: Class initialized using 'CodeIgniter\Session\Handlers\FileHandler' driver.
INFO - 2024-07-04 15:47:47 --> Session: Class initialized using 'CodeIgniter\Session\Handlers\FileHandler' driver.
INFO - 2024-07-04 15:47:56 --> Session: Class initialized using 'CodeIgniter\Session\Handlers\FileHandler' driver.
INFO - 2024-07-04 15:48:02 --> Session: Class initialized using 'CodeIgniter\Session\Handlers\FileHandler' driver.
INFO - 2024-07-04 15:48:15 --> Session: Class initialized using 'CodeIgniter\Session\Handlers\FileHandler' driver.
INFO - 2024-07-04 15:48:28 --> Session: Class initialized using 'CodeIgniter\Session\Handlers\FileHandler' driver.
INFO - 2024-07-04 15:49:15 --> Session: Class initialized using 'CodeIgniter\Session\Handlers\FileHandler' driver.
INFO - 2024-07-04 15:49:47 --> Session: Class initialized using 'CodeIgniter\Session\Handlers\FileHandler' driver.
INFO - 2024-07-04 15:49:54 --> Session: Class initialized using 'CodeIgniter\Session\Handlers\FileHandler' driver.
INFO - 2024-07-04 15:50:17 --> Session: Class initialized using 'CodeIgniter\Session\Handlers\FileHandler' driver.
INFO - 2024-07-04 15:50:46 --> Session: Class initialized using 'CodeIgniter\Session\Handlers\FileHandler' driver.
INFO - 2024-07-04 15:53:56 --> Session: Class initialized using 'CodeIgniter\Session\Handlers\FileHandler' driver.
INFO - 2024-07-04 15:54:18 --> Session: Class initialized using 'CodeIgniter\Session\Handlers\FileHandler' driver.
INFO - 2024-07-04 15:54:25 --> Session: Class initialized using 'CodeIgniter\Session\Handlers\FileHandler' driver.
INFO - 2024-07-04 15:54:31 --> Session: Class initialized using 'CodeIgniter\Session\Handlers\FileHandler' driver.
INFO - 2024-07-04 15:55:19 --> Session: Class initialized using 'CodeIgniter\Session\Handlers\FileHandler' driver.
INFO - 2024-07-04 15:55:45 --> Session: Class initialized using 'CodeIgniter\Session\Handlers\FileHandler' driver.
INFO - 2024-07-04 15:55:58 --> Session: Class initialized using 'CodeIgniter\Session\Handlers\FileHandler' driver.
INFO - 2024-07-04 15:56:28 --> Session: Class initialized using 'CodeIgniter\Session\Handlers\FileHandler' driver.
INFO - 2024-07-04 15:56:35 --> Session: Class initialized using 'CodeIgniter\Session\Handlers\FileHandler' driver.
INFO - 2024-07-04 15:56:41 --> Session: Class initialized using 'CodeIgniter\Session\Handlers\FileHandler' driver.
INFO - 2024-07-04 15:57:02 --> Session: Class initialized using 'CodeIgniter\Session\Handlers\FileHandler' driver.
INFO - 2024-07-04 15:59:31 --> Session: Class initialized using 'CodeIgniter\Session\Handlers\FileHandler' driver.
INFO - 2024-07-04 16:00:37 --> Session: Class initialized using 'CodeIgniter\Session\Handlers\FileHandler' driver.
INFO - 2024-07-04 16:01:42 --> Session: Class initialized using 'CodeIgniter\Session\Handlers\FileHandler' driver.
INFO - 2024-07-04 16:01:42 --> Session: Class initialized using 'CodeIgniter\Session\Handlers\FileHandler' driver.
