INFO - 2024-07-19 13:20:57 --> Session: Class initialized using 'CodeIgniter\Session\Handlers\FileHandler' driver.
INFO - 2024-07-19 13:26:57 --> Session: Class initialized using 'CodeIgniter\Session\Handlers\FileHandler' driver.
INFO - 2024-07-19 13:26:57 --> Session: Class initialized using 'CodeIgniter\Session\Handlers\FileHandler' driver.
INFO - 2024-07-19 13:27:14 --> Session: Class initialized using 'CodeIgniter\Session\Handlers\FileHandler' driver.
WARNING - 2024-07-19 13:54:48 --> [DEPRECATED] Passing lowercase HTTP method "get" is deprecated. Use uppercase HTTP method like "GET". in SYSTEMPATH\Test\FeatureTestTrait.php on line 168.
 1 SYSTEMPATH\Test\FeatureTestTrait.php(168): trigger_error('Passing lowercase HTTP method "get" is deprecated. Use uppercase HTTP method like "GET".', 16384)
 2 ROOTPATH\tests\app\KasirTest.php(14): Tests\App\Controller\KasirTest->call('get', '/pengurus/transaksi/penjualan')
 3 VENDORPATH\phpunit\phpunit\src\Framework\TestCase.php(1188): Tests\App\Controller\KasirTest->testGetPenjualanIndex()
 4 VENDORPATH\phpunit\phpunit\src\Framework\TestCase.php(687): PHPUnit\Framework\TestCase->runTest()
 5 VENDORPATH\phpunit\phpunit\src\Framework\TestRunner.php(104): PHPUnit\Framework\TestCase->runBare()
 6 VENDORPATH\phpunit\phpunit\src\Framework\TestCase.php(517): PHPUnit\Framework\TestRunner->run(Object(Tests\App\Controller\KasirTest))
 7 VENDORPATH\phpunit\phpunit\src\Framework\TestSuite.php(378): PHPUnit\Framework\TestCase->run()
 8 VENDORPATH\phpunit\phpunit\src\Framework\TestSuite.php(378): PHPUnit\Framework\TestSuite->run()
 9 VENDORPATH\phpunit\phpunit\src\Framework\TestSuite.php(378): PHPUnit\Framework\TestSuite->run()
10 VENDORPATH\phpunit\phpunit\src\TextUI\TestRunner.php(62): PHPUnit\Framework\TestSuite->run()
11 VENDORPATH\phpunit\phpunit\src\TextUI\Application.php(199): PHPUnit\TextUI\TestRunner->run(Object(PHPUnit\TextUI\Configuration\Configuration), Object(PHPUnit\Runner\ResultCache\DefaultResultCache), Object(PHPUnit\Framework\TestSuite))
12 VENDORPATH\phpunit\phpunit\phpunit(104): PHPUnit\TextUI\Application->run([...])
13 VENDORPATH\bin\phpunit(122): include('C:\\xampp\\htdocs\\koperasi\\vendor\\phpunit\\phpunit\\phpunit')
WARNING - 2024-07-19 13:54:48 --> [DEPRECATED] Passing lowercase HTTP method "post" is deprecated. Use uppercase HTTP method like "POST". in SYSTEMPATH\Test\FeatureTestTrait.php on line 168.
 1 SYSTEMPATH\Test\FeatureTestTrait.php(168): trigger_error('Passing lowercase HTTP method "post" is deprecated. Use uppercase HTTP method like "POST".', 16384)
 2 ROOTPATH\tests\app\KasirTest.php(21): Tests\App\Controller\KasirTest->call('post', '/pengurus/transaksi/penjualan/cek_barang', [...])
 3 VENDORPATH\phpunit\phpunit\src\Framework\TestCase.php(1188): Tests\App\Controller\KasirTest->testPostCekBarangTidakTerdaftar()
 4 VENDORPATH\phpunit\phpunit\src\Framework\TestCase.php(687): PHPUnit\Framework\TestCase->runTest()
 5 VENDORPATH\phpunit\phpunit\src\Framework\TestRunner.php(104): PHPUnit\Framework\TestCase->runBare()
 6 VENDORPATH\phpunit\phpunit\src\Framework\TestCase.php(517): PHPUnit\Framework\TestRunner->run(Object(Tests\App\Controller\KasirTest))
 7 VENDORPATH\phpunit\phpunit\src\Framework\TestSuite.php(378): PHPUnit\Framework\TestCase->run()
 8 VENDORPATH\phpunit\phpunit\src\Framework\TestSuite.php(378): PHPUnit\Framework\TestSuite->run()
 9 VENDORPATH\phpunit\phpunit\src\Framework\TestSuite.php(378): PHPUnit\Framework\TestSuite->run()
10 VENDORPATH\phpunit\phpunit\src\TextUI\TestRunner.php(62): PHPUnit\Framework\TestSuite->run()
11 VENDORPATH\phpunit\phpunit\src\TextUI\Application.php(199): PHPUnit\TextUI\TestRunner->run(Object(PHPUnit\TextUI\Configuration\Configuration), Object(PHPUnit\Runner\ResultCache\DefaultResultCache), Object(PHPUnit\Framework\TestSuite))
12 VENDORPATH\phpunit\phpunit\phpunit(104): PHPUnit\TextUI\Application->run([...])
13 VENDORPATH\bin\phpunit(122): include('C:\\xampp\\htdocs\\koperasi\\vendor\\phpunit\\phpunit\\phpunit')
WARNING - 2024-07-19 13:54:48 --> [DEPRECATED] Passing lowercase HTTP method "post" is deprecated. Use uppercase HTTP method like "POST". in SYSTEMPATH\Test\FeatureTestTrait.php on line 168.
 1 SYSTEMPATH\Test\FeatureTestTrait.php(168): trigger_error('Passing lowercase HTTP method "post" is deprecated. Use uppercase HTTP method like "POST".', 16384)
 2 ROOTPATH\tests\app\KasirTest.php(29): Tests\App\Controller\KasirTest->call('post', '/pengurus/transaksi/penjualan/cek_barang', [...])
 3 VENDORPATH\phpunit\phpunit\src\Framework\TestCase.php(1188): Tests\App\Controller\KasirTest->testPostCekBarangTerdaftar()
 4 VENDORPATH\phpunit\phpunit\src\Framework\TestCase.php(687): PHPUnit\Framework\TestCase->runTest()
 5 VENDORPATH\phpunit\phpunit\src\Framework\TestRunner.php(104): PHPUnit\Framework\TestCase->runBare()
 6 VENDORPATH\phpunit\phpunit\src\Framework\TestCase.php(517): PHPUnit\Framework\TestRunner->run(Object(Tests\App\Controller\KasirTest))
 7 VENDORPATH\phpunit\phpunit\src\Framework\TestSuite.php(378): PHPUnit\Framework\TestCase->run()
 8 VENDORPATH\phpunit\phpunit\src\Framework\TestSuite.php(378): PHPUnit\Framework\TestSuite->run()
 9 VENDORPATH\phpunit\phpunit\src\Framework\TestSuite.php(378): PHPUnit\Framework\TestSuite->run()
10 VENDORPATH\phpunit\phpunit\src\TextUI\TestRunner.php(62): PHPUnit\Framework\TestSuite->run()
11 VENDORPATH\phpunit\phpunit\src\TextUI\Application.php(199): PHPUnit\TextUI\TestRunner->run(Object(PHPUnit\TextUI\Configuration\Configuration), Object(PHPUnit\Runner\ResultCache\DefaultResultCache), Object(PHPUnit\Framework\TestSuite))
12 VENDORPATH\phpunit\phpunit\phpunit(104): PHPUnit\TextUI\Application->run([...])
13 VENDORPATH\bin\phpunit(122): include('C:\\xampp\\htdocs\\koperasi\\vendor\\phpunit\\phpunit\\phpunit')
WARNING - 2024-07-19 13:54:48 --> [DEPRECATED] Passing lowercase HTTP method "post" is deprecated. Use uppercase HTTP method like "POST". in SYSTEMPATH\Test\FeatureTestTrait.php on line 168.
 1 SYSTEMPATH\Test\FeatureTestTrait.php(168): trigger_error('Passing lowercase HTTP method "post" is deprecated. Use uppercase HTTP method like "POST".', 16384)
 2 ROOTPATH\tests\app\KasirTest.php(86): Tests\App\Controller\KasirTest->call('post', '/pengurus/transaksi/penjualan/simpan', [...])
 3 VENDORPATH\phpunit\phpunit\src\Framework\TestCase.php(1188): Tests\App\Controller\KasirTest->testPostSimpanPenjualan()
 4 VENDORPATH\phpunit\phpunit\src\Framework\TestCase.php(687): PHPUnit\Framework\TestCase->runTest()
 5 VENDORPATH\phpunit\phpunit\src\Framework\TestRunner.php(104): PHPUnit\Framework\TestCase->runBare()
 6 VENDORPATH\phpunit\phpunit\src\Framework\TestCase.php(517): PHPUnit\Framework\TestRunner->run(Object(Tests\App\Controller\KasirTest))
 7 VENDORPATH\phpunit\phpunit\src\Framework\TestSuite.php(378): PHPUnit\Framework\TestCase->run()
 8 VENDORPATH\phpunit\phpunit\src\Framework\TestSuite.php(378): PHPUnit\Framework\TestSuite->run()
 9 VENDORPATH\phpunit\phpunit\src\Framework\TestSuite.php(378): PHPUnit\Framework\TestSuite->run()
10 VENDORPATH\phpunit\phpunit\src\TextUI\TestRunner.php(62): PHPUnit\Framework\TestSuite->run()
11 VENDORPATH\phpunit\phpunit\src\TextUI\Application.php(199): PHPUnit\TextUI\TestRunner->run(Object(PHPUnit\TextUI\Configuration\Configuration), Object(PHPUnit\Runner\ResultCache\DefaultResultCache), Object(PHPUnit\Framework\TestSuite))
12 VENDORPATH\phpunit\phpunit\phpunit(104): PHPUnit\TextUI\Application->run([...])
13 VENDORPATH\bin\phpunit(122): include('C:\\xampp\\htdocs\\koperasi\\vendor\\phpunit\\phpunit\\phpunit')
WARNING - 2024-07-19 13:54:48 --> [DEPRECATED] Passing lowercase HTTP method "get" is deprecated. Use uppercase HTTP method like "GET". in SYSTEMPATH\Test\FeatureTestTrait.php on line 168.
 1 SYSTEMPATH\Test\FeatureTestTrait.php(168): trigger_error('Passing lowercase HTTP method "get" is deprecated. Use uppercase HTTP method like "GET".', 16384)
 2 ROOTPATH\tests\app\LoginTest.php(14): Tests\App\Controllers\LoginTest->call('get', 'pengurus/login')
 3 VENDORPATH\phpunit\phpunit\src\Framework\TestCase.php(1188): Tests\App\Controllers\LoginTest->testIndex()
 4 VENDORPATH\phpunit\phpunit\src\Framework\TestCase.php(687): PHPUnit\Framework\TestCase->runTest()
 5 VENDORPATH\phpunit\phpunit\src\Framework\TestRunner.php(104): PHPUnit\Framework\TestCase->runBare()
 6 VENDORPATH\phpunit\phpunit\src\Framework\TestCase.php(517): PHPUnit\Framework\TestRunner->run(Object(Tests\App\Controllers\LoginTest))
 7 VENDORPATH\phpunit\phpunit\src\Framework\TestSuite.php(378): PHPUnit\Framework\TestCase->run()
 8 VENDORPATH\phpunit\phpunit\src\Framework\TestSuite.php(378): PHPUnit\Framework\TestSuite->run()
 9 VENDORPATH\phpunit\phpunit\src\Framework\TestSuite.php(378): PHPUnit\Framework\TestSuite->run()
10 VENDORPATH\phpunit\phpunit\src\TextUI\TestRunner.php(62): PHPUnit\Framework\TestSuite->run()
11 VENDORPATH\phpunit\phpunit\src\TextUI\Application.php(199): PHPUnit\TextUI\TestRunner->run(Object(PHPUnit\TextUI\Configuration\Configuration), Object(PHPUnit\Runner\ResultCache\DefaultResultCache), Object(PHPUnit\Framework\TestSuite))
12 VENDORPATH\phpunit\phpunit\phpunit(104): PHPUnit\TextUI\Application->run([...])
13 VENDORPATH\bin\phpunit(122): include('C:\\xampp\\htdocs\\koperasi\\vendor\\phpunit\\phpunit\\phpunit')
WARNING - 2024-07-19 13:54:49 --> [DEPRECATED] Passing lowercase HTTP method "post" is deprecated. Use uppercase HTTP method like "POST". in SYSTEMPATH\Test\FeatureTestTrait.php on line 168.
 1 SYSTEMPATH\Test\FeatureTestTrait.php(168): trigger_error('Passing lowercase HTTP method "post" is deprecated. Use uppercase HTTP method like "POST".', 16384)
 2 ROOTPATH\tests\app\LoginTest.php(27): Tests\App\Controllers\LoginTest->call('post', 'pengurus/login/auth', [...])
 3 VENDORPATH\phpunit\phpunit\src\Framework\TestCase.php(1188): Tests\App\Controllers\LoginTest->testAuthSuccess()
 4 VENDORPATH\phpunit\phpunit\src\Framework\TestCase.php(687): PHPUnit\Framework\TestCase->runTest()
 5 VENDORPATH\phpunit\phpunit\src\Framework\TestRunner.php(104): PHPUnit\Framework\TestCase->runBare()
 6 VENDORPATH\phpunit\phpunit\src\Framework\TestCase.php(517): PHPUnit\Framework\TestRunner->run(Object(Tests\App\Controllers\LoginTest))
 7 VENDORPATH\phpunit\phpunit\src\Framework\TestSuite.php(378): PHPUnit\Framework\TestCase->run()
 8 VENDORPATH\phpunit\phpunit\src\Framework\TestSuite.php(378): PHPUnit\Framework\TestSuite->run()
 9 VENDORPATH\phpunit\phpunit\src\Framework\TestSuite.php(378): PHPUnit\Framework\TestSuite->run()
10 VENDORPATH\phpunit\phpunit\src\TextUI\TestRunner.php(62): PHPUnit\Framework\TestSuite->run()
11 VENDORPATH\phpunit\phpunit\src\TextUI\Application.php(199): PHPUnit\TextUI\TestRunner->run(Object(PHPUnit\TextUI\Configuration\Configuration), Object(PHPUnit\Runner\ResultCache\DefaultResultCache), Object(PHPUnit\Framework\TestSuite))
12 VENDORPATH\phpunit\phpunit\phpunit(104): PHPUnit\TextUI\Application->run([...])
13 VENDORPATH\bin\phpunit(122): include('C:\\xampp\\htdocs\\koperasi\\vendor\\phpunit\\phpunit\\phpunit')
WARNING - 2024-07-19 13:54:50 --> [DEPRECATED] Passing lowercase HTTP method "post" is deprecated. Use uppercase HTTP method like "POST". in SYSTEMPATH\Test\FeatureTestTrait.php on line 168.
 1 SYSTEMPATH\Test\FeatureTestTrait.php(168): trigger_error('Passing lowercase HTTP method "post" is deprecated. Use uppercase HTTP method like "POST".', 16384)
 2 ROOTPATH\tests\app\LoginTest.php(39): Tests\App\Controllers\LoginTest->call('post', 'pengurus/login/auth', [...])
 3 VENDORPATH\phpunit\phpunit\src\Framework\TestCase.php(1188): Tests\App\Controllers\LoginTest->testAuthFailure()
 4 VENDORPATH\phpunit\phpunit\src\Framework\TestCase.php(687): PHPUnit\Framework\TestCase->runTest()
 5 VENDORPATH\phpunit\phpunit\src\Framework\TestRunner.php(104): PHPUnit\Framework\TestCase->runBare()
 6 VENDORPATH\phpunit\phpunit\src\Framework\TestCase.php(517): PHPUnit\Framework\TestRunner->run(Object(Tests\App\Controllers\LoginTest))
 7 VENDORPATH\phpunit\phpunit\src\Framework\TestSuite.php(378): PHPUnit\Framework\TestCase->run()
 8 VENDORPATH\phpunit\phpunit\src\Framework\TestSuite.php(378): PHPUnit\Framework\TestSuite->run()
 9 VENDORPATH\phpunit\phpunit\src\Framework\TestSuite.php(378): PHPUnit\Framework\TestSuite->run()
10 VENDORPATH\phpunit\phpunit\src\TextUI\TestRunner.php(62): PHPUnit\Framework\TestSuite->run()
11 VENDORPATH\phpunit\phpunit\src\TextUI\Application.php(199): PHPUnit\TextUI\TestRunner->run(Object(PHPUnit\TextUI\Configuration\Configuration), Object(PHPUnit\Runner\ResultCache\DefaultResultCache), Object(PHPUnit\Framework\TestSuite))
12 VENDORPATH\phpunit\phpunit\phpunit(104): PHPUnit\TextUI\Application->run([...])
13 VENDORPATH\bin\phpunit(122): include('C:\\xampp\\htdocs\\koperasi\\vendor\\phpunit\\phpunit\\phpunit')
WARNING - 2024-07-19 13:54:50 --> [DEPRECATED] Passing lowercase HTTP method "get" is deprecated. Use uppercase HTTP method like "GET". in SYSTEMPATH\Test\FeatureTestTrait.php on line 168.
 1 SYSTEMPATH\Test\FeatureTestTrait.php(168): trigger_error('Passing lowercase HTTP method "get" is deprecated. Use uppercase HTTP method like "GET".', 16384)
 2 ROOTPATH\tests\app\LoginTest.php(49): Tests\App\Controllers\LoginTest->call('get', 'pengurus/logout')
 3 VENDORPATH\phpunit\phpunit\src\Framework\TestCase.php(1188): Tests\App\Controllers\LoginTest->testLogout()
 4 VENDORPATH\phpunit\phpunit\src\Framework\TestCase.php(687): PHPUnit\Framework\TestCase->runTest()
 5 VENDORPATH\phpunit\phpunit\src\Framework\TestRunner.php(104): PHPUnit\Framework\TestCase->runBare()
 6 VENDORPATH\phpunit\phpunit\src\Framework\TestCase.php(517): PHPUnit\Framework\TestRunner->run(Object(Tests\App\Controllers\LoginTest))
 7 VENDORPATH\phpunit\phpunit\src\Framework\TestSuite.php(378): PHPUnit\Framework\TestCase->run()
 8 VENDORPATH\phpunit\phpunit\src\Framework\TestSuite.php(378): PHPUnit\Framework\TestSuite->run()
 9 VENDORPATH\phpunit\phpunit\src\Framework\TestSuite.php(378): PHPUnit\Framework\TestSuite->run()
10 VENDORPATH\phpunit\phpunit\src\TextUI\TestRunner.php(62): PHPUnit\Framework\TestSuite->run()
11 VENDORPATH\phpunit\phpunit\src\TextUI\Application.php(199): PHPUnit\TextUI\TestRunner->run(Object(PHPUnit\TextUI\Configuration\Configuration), Object(PHPUnit\Runner\ResultCache\DefaultResultCache), Object(PHPUnit\Framework\TestSuite))
12 VENDORPATH\phpunit\phpunit\phpunit(104): PHPUnit\TextUI\Application->run([...])
13 VENDORPATH\bin\phpunit(122): include('C:\\xampp\\htdocs\\koperasi\\vendor\\phpunit\\phpunit\\phpunit')
INFO - 2024-07-19 13:59:30 --> Session: Class initialized using 'CodeIgniter\Session\Handlers\FileHandler' driver.
WARNING - 2024-07-19 14:12:29 --> [DEPRECATED] Passing lowercase HTTP method "get" is deprecated. Use uppercase HTTP method like "GET". in SYSTEMPATH\Test\FeatureTestTrait.php on line 168.
 1 SYSTEMPATH\Test\FeatureTestTrait.php(168): trigger_error('Passing lowercase HTTP method "get" is deprecated. Use uppercase HTTP method like "GET".', 16384)
 2 ROOTPATH\tests\app\KasirTest.php(14): Tests\App\Controller\KasirTest->call('get', '/pengurus/transaksi/penjualan')
 3 VENDORPATH\phpunit\phpunit\src\Framework\TestCase.php(1188): Tests\App\Controller\KasirTest->testGetPenjualanIndex()
 4 VENDORPATH\phpunit\phpunit\src\Framework\TestCase.php(687): PHPUnit\Framework\TestCase->runTest()
 5 VENDORPATH\phpunit\phpunit\src\Framework\TestRunner.php(104): PHPUnit\Framework\TestCase->runBare()
 6 VENDORPATH\phpunit\phpunit\src\Framework\TestCase.php(517): PHPUnit\Framework\TestRunner->run(Object(Tests\App\Controller\KasirTest))
 7 VENDORPATH\phpunit\phpunit\src\Framework\TestSuite.php(378): PHPUnit\Framework\TestCase->run()
 8 VENDORPATH\phpunit\phpunit\src\Framework\TestSuite.php(378): PHPUnit\Framework\TestSuite->run()
 9 VENDORPATH\phpunit\phpunit\src\Framework\TestSuite.php(378): PHPUnit\Framework\TestSuite->run()
10 VENDORPATH\phpunit\phpunit\src\TextUI\TestRunner.php(62): PHPUnit\Framework\TestSuite->run()
11 VENDORPATH\phpunit\phpunit\src\TextUI\Application.php(199): PHPUnit\TextUI\TestRunner->run(Object(PHPUnit\TextUI\Configuration\Configuration), Object(PHPUnit\Runner\ResultCache\DefaultResultCache), Object(PHPUnit\Framework\TestSuite))
12 VENDORPATH\phpunit\phpunit\phpunit(104): PHPUnit\TextUI\Application->run([...])
13 VENDORPATH\bin\phpunit(122): include('C:\\xampp\\htdocs\\koperasi\\vendor\\phpunit\\phpunit\\phpunit')
WARNING - 2024-07-19 14:12:29 --> [DEPRECATED] Passing lowercase HTTP method "post" is deprecated. Use uppercase HTTP method like "POST". in SYSTEMPATH\Test\FeatureTestTrait.php on line 168.
 1 SYSTEMPATH\Test\FeatureTestTrait.php(168): trigger_error('Passing lowercase HTTP method "post" is deprecated. Use uppercase HTTP method like "POST".', 16384)
 2 ROOTPATH\tests\app\KasirTest.php(21): Tests\App\Controller\KasirTest->call('post', '/pengurus/transaksi/penjualan/cek_barang', [...])
 3 VENDORPATH\phpunit\phpunit\src\Framework\TestCase.php(1188): Tests\App\Controller\KasirTest->testPostCekBarangTidakTerdaftar()
 4 VENDORPATH\phpunit\phpunit\src\Framework\TestCase.php(687): PHPUnit\Framework\TestCase->runTest()
 5 VENDORPATH\phpunit\phpunit\src\Framework\TestRunner.php(104): PHPUnit\Framework\TestCase->runBare()
 6 VENDORPATH\phpunit\phpunit\src\Framework\TestCase.php(517): PHPUnit\Framework\TestRunner->run(Object(Tests\App\Controller\KasirTest))
 7 VENDORPATH\phpunit\phpunit\src\Framework\TestSuite.php(378): PHPUnit\Framework\TestCase->run()
 8 VENDORPATH\phpunit\phpunit\src\Framework\TestSuite.php(378): PHPUnit\Framework\TestSuite->run()
 9 VENDORPATH\phpunit\phpunit\src\Framework\TestSuite.php(378): PHPUnit\Framework\TestSuite->run()
10 VENDORPATH\phpunit\phpunit\src\TextUI\TestRunner.php(62): PHPUnit\Framework\TestSuite->run()
11 VENDORPATH\phpunit\phpunit\src\TextUI\Application.php(199): PHPUnit\TextUI\TestRunner->run(Object(PHPUnit\TextUI\Configuration\Configuration), Object(PHPUnit\Runner\ResultCache\DefaultResultCache), Object(PHPUnit\Framework\TestSuite))
12 VENDORPATH\phpunit\phpunit\phpunit(104): PHPUnit\TextUI\Application->run([...])
13 VENDORPATH\bin\phpunit(122): include('C:\\xampp\\htdocs\\koperasi\\vendor\\phpunit\\phpunit\\phpunit')
WARNING - 2024-07-19 14:12:29 --> [DEPRECATED] Passing lowercase HTTP method "post" is deprecated. Use uppercase HTTP method like "POST". in SYSTEMPATH\Test\FeatureTestTrait.php on line 168.
 1 SYSTEMPATH\Test\FeatureTestTrait.php(168): trigger_error('Passing lowercase HTTP method "post" is deprecated. Use uppercase HTTP method like "POST".', 16384)
 2 ROOTPATH\tests\app\KasirTest.php(29): Tests\App\Controller\KasirTest->call('post', '/pengurus/transaksi/penjualan/cek_barang', [...])
 3 VENDORPATH\phpunit\phpunit\src\Framework\TestCase.php(1188): Tests\App\Controller\KasirTest->testPostCekBarangTerdaftar()
 4 VENDORPATH\phpunit\phpunit\src\Framework\TestCase.php(687): PHPUnit\Framework\TestCase->runTest()
 5 VENDORPATH\phpunit\phpunit\src\Framework\TestRunner.php(104): PHPUnit\Framework\TestCase->runBare()
 6 VENDORPATH\phpunit\phpunit\src\Framework\TestCase.php(517): PHPUnit\Framework\TestRunner->run(Object(Tests\App\Controller\KasirTest))
 7 VENDORPATH\phpunit\phpunit\src\Framework\TestSuite.php(378): PHPUnit\Framework\TestCase->run()
 8 VENDORPATH\phpunit\phpunit\src\Framework\TestSuite.php(378): PHPUnit\Framework\TestSuite->run()
 9 VENDORPATH\phpunit\phpunit\src\Framework\TestSuite.php(378): PHPUnit\Framework\TestSuite->run()
10 VENDORPATH\phpunit\phpunit\src\TextUI\TestRunner.php(62): PHPUnit\Framework\TestSuite->run()
11 VENDORPATH\phpunit\phpunit\src\TextUI\Application.php(199): PHPUnit\TextUI\TestRunner->run(Object(PHPUnit\TextUI\Configuration\Configuration), Object(PHPUnit\Runner\ResultCache\DefaultResultCache), Object(PHPUnit\Framework\TestSuite))
12 VENDORPATH\phpunit\phpunit\phpunit(104): PHPUnit\TextUI\Application->run([...])
13 VENDORPATH\bin\phpunit(122): include('C:\\xampp\\htdocs\\koperasi\\vendor\\phpunit\\phpunit\\phpunit')
WARNING - 2024-07-19 14:12:29 --> [DEPRECATED] Passing lowercase HTTP method "post" is deprecated. Use uppercase HTTP method like "POST". in SYSTEMPATH\Test\FeatureTestTrait.php on line 168.
 1 SYSTEMPATH\Test\FeatureTestTrait.php(168): trigger_error('Passing lowercase HTTP method "post" is deprecated. Use uppercase HTTP method like "POST".', 16384)
 2 ROOTPATH\tests\app\KasirTest.php(86): Tests\App\Controller\KasirTest->call('post', '/pengurus/transaksi/penjualan/simpan', [...])
 3 VENDORPATH\phpunit\phpunit\src\Framework\TestCase.php(1188): Tests\App\Controller\KasirTest->testPostSimpanPenjualan()
 4 VENDORPATH\phpunit\phpunit\src\Framework\TestCase.php(687): PHPUnit\Framework\TestCase->runTest()
 5 VENDORPATH\phpunit\phpunit\src\Framework\TestRunner.php(104): PHPUnit\Framework\TestCase->runBare()
 6 VENDORPATH\phpunit\phpunit\src\Framework\TestCase.php(517): PHPUnit\Framework\TestRunner->run(Object(Tests\App\Controller\KasirTest))
 7 VENDORPATH\phpunit\phpunit\src\Framework\TestSuite.php(378): PHPUnit\Framework\TestCase->run()
 8 VENDORPATH\phpunit\phpunit\src\Framework\TestSuite.php(378): PHPUnit\Framework\TestSuite->run()
 9 VENDORPATH\phpunit\phpunit\src\Framework\TestSuite.php(378): PHPUnit\Framework\TestSuite->run()
10 VENDORPATH\phpunit\phpunit\src\TextUI\TestRunner.php(62): PHPUnit\Framework\TestSuite->run()
11 VENDORPATH\phpunit\phpunit\src\TextUI\Application.php(199): PHPUnit\TextUI\TestRunner->run(Object(PHPUnit\TextUI\Configuration\Configuration), Object(PHPUnit\Runner\ResultCache\DefaultResultCache), Object(PHPUnit\Framework\TestSuite))
12 VENDORPATH\phpunit\phpunit\phpunit(104): PHPUnit\TextUI\Application->run([...])
13 VENDORPATH\bin\phpunit(122): include('C:\\xampp\\htdocs\\koperasi\\vendor\\phpunit\\phpunit\\phpunit')
WARNING - 2024-07-19 14:12:29 --> [DEPRECATED] Passing lowercase HTTP method "get" is deprecated. Use uppercase HTTP method like "GET". in SYSTEMPATH\Test\FeatureTestTrait.php on line 168.
 1 SYSTEMPATH\Test\FeatureTestTrait.php(168): trigger_error('Passing lowercase HTTP method "get" is deprecated. Use uppercase HTTP method like "GET".', 16384)
 2 ROOTPATH\tests\app\LoginTest.php(14): Tests\App\Controllers\LoginTest->call('get', 'pengurus/login')
 3 VENDORPATH\phpunit\phpunit\src\Framework\TestCase.php(1188): Tests\App\Controllers\LoginTest->testIndex()
 4 VENDORPATH\phpunit\phpunit\src\Framework\TestCase.php(687): PHPUnit\Framework\TestCase->runTest()
 5 VENDORPATH\phpunit\phpunit\src\Framework\TestRunner.php(104): PHPUnit\Framework\TestCase->runBare()
 6 VENDORPATH\phpunit\phpunit\src\Framework\TestCase.php(517): PHPUnit\Framework\TestRunner->run(Object(Tests\App\Controllers\LoginTest))
 7 VENDORPATH\phpunit\phpunit\src\Framework\TestSuite.php(378): PHPUnit\Framework\TestCase->run()
 8 VENDORPATH\phpunit\phpunit\src\Framework\TestSuite.php(378): PHPUnit\Framework\TestSuite->run()
 9 VENDORPATH\phpunit\phpunit\src\Framework\TestSuite.php(378): PHPUnit\Framework\TestSuite->run()
10 VENDORPATH\phpunit\phpunit\src\TextUI\TestRunner.php(62): PHPUnit\Framework\TestSuite->run()
11 VENDORPATH\phpunit\phpunit\src\TextUI\Application.php(199): PHPUnit\TextUI\TestRunner->run(Object(PHPUnit\TextUI\Configuration\Configuration), Object(PHPUnit\Runner\ResultCache\DefaultResultCache), Object(PHPUnit\Framework\TestSuite))
12 VENDORPATH\phpunit\phpunit\phpunit(104): PHPUnit\TextUI\Application->run([...])
13 VENDORPATH\bin\phpunit(122): include('C:\\xampp\\htdocs\\koperasi\\vendor\\phpunit\\phpunit\\phpunit')
WARNING - 2024-07-19 14:12:29 --> [DEPRECATED] Passing lowercase HTTP method "post" is deprecated. Use uppercase HTTP method like "POST". in SYSTEMPATH\Test\FeatureTestTrait.php on line 168.
 1 SYSTEMPATH\Test\FeatureTestTrait.php(168): trigger_error('Passing lowercase HTTP method "post" is deprecated. Use uppercase HTTP method like "POST".', 16384)
 2 ROOTPATH\tests\app\LoginTest.php(27): Tests\App\Controllers\LoginTest->call('post', 'pengurus/login/auth', [...])
 3 VENDORPATH\phpunit\phpunit\src\Framework\TestCase.php(1188): Tests\App\Controllers\LoginTest->testAuthSuccess()
 4 VENDORPATH\phpunit\phpunit\src\Framework\TestCase.php(687): PHPUnit\Framework\TestCase->runTest()
 5 VENDORPATH\phpunit\phpunit\src\Framework\TestRunner.php(104): PHPUnit\Framework\TestCase->runBare()
 6 VENDORPATH\phpunit\phpunit\src\Framework\TestCase.php(517): PHPUnit\Framework\TestRunner->run(Object(Tests\App\Controllers\LoginTest))
 7 VENDORPATH\phpunit\phpunit\src\Framework\TestSuite.php(378): PHPUnit\Framework\TestCase->run()
 8 VENDORPATH\phpunit\phpunit\src\Framework\TestSuite.php(378): PHPUnit\Framework\TestSuite->run()
 9 VENDORPATH\phpunit\phpunit\src\Framework\TestSuite.php(378): PHPUnit\Framework\TestSuite->run()
10 VENDORPATH\phpunit\phpunit\src\TextUI\TestRunner.php(62): PHPUnit\Framework\TestSuite->run()
11 VENDORPATH\phpunit\phpunit\src\TextUI\Application.php(199): PHPUnit\TextUI\TestRunner->run(Object(PHPUnit\TextUI\Configuration\Configuration), Object(PHPUnit\Runner\ResultCache\DefaultResultCache), Object(PHPUnit\Framework\TestSuite))
12 VENDORPATH\phpunit\phpunit\phpunit(104): PHPUnit\TextUI\Application->run([...])
13 VENDORPATH\bin\phpunit(122): include('C:\\xampp\\htdocs\\koperasi\\vendor\\phpunit\\phpunit\\phpunit')
WARNING - 2024-07-19 14:12:30 --> [DEPRECATED] Passing lowercase HTTP method "post" is deprecated. Use uppercase HTTP method like "POST". in SYSTEMPATH\Test\FeatureTestTrait.php on line 168.
 1 SYSTEMPATH\Test\FeatureTestTrait.php(168): trigger_error('Passing lowercase HTTP method "post" is deprecated. Use uppercase HTTP method like "POST".', 16384)
 2 ROOTPATH\tests\app\LoginTest.php(39): Tests\App\Controllers\LoginTest->call('post', 'pengurus/login/auth', [...])
 3 VENDORPATH\phpunit\phpunit\src\Framework\TestCase.php(1188): Tests\App\Controllers\LoginTest->testAuthFailure()
 4 VENDORPATH\phpunit\phpunit\src\Framework\TestCase.php(687): PHPUnit\Framework\TestCase->runTest()
 5 VENDORPATH\phpunit\phpunit\src\Framework\TestRunner.php(104): PHPUnit\Framework\TestCase->runBare()
 6 VENDORPATH\phpunit\phpunit\src\Framework\TestCase.php(517): PHPUnit\Framework\TestRunner->run(Object(Tests\App\Controllers\LoginTest))
 7 VENDORPATH\phpunit\phpunit\src\Framework\TestSuite.php(378): PHPUnit\Framework\TestCase->run()
 8 VENDORPATH\phpunit\phpunit\src\Framework\TestSuite.php(378): PHPUnit\Framework\TestSuite->run()
 9 VENDORPATH\phpunit\phpunit\src\Framework\TestSuite.php(378): PHPUnit\Framework\TestSuite->run()
10 VENDORPATH\phpunit\phpunit\src\TextUI\TestRunner.php(62): PHPUnit\Framework\TestSuite->run()
11 VENDORPATH\phpunit\phpunit\src\TextUI\Application.php(199): PHPUnit\TextUI\TestRunner->run(Object(PHPUnit\TextUI\Configuration\Configuration), Object(PHPUnit\Runner\ResultCache\DefaultResultCache), Object(PHPUnit\Framework\TestSuite))
12 VENDORPATH\phpunit\phpunit\phpunit(104): PHPUnit\TextUI\Application->run([...])
13 VENDORPATH\bin\phpunit(122): include('C:\\xampp\\htdocs\\koperasi\\vendor\\phpunit\\phpunit\\phpunit')
WARNING - 2024-07-19 14:12:30 --> [DEPRECATED] Passing lowercase HTTP method "get" is deprecated. Use uppercase HTTP method like "GET". in SYSTEMPATH\Test\FeatureTestTrait.php on line 168.
 1 SYSTEMPATH\Test\FeatureTestTrait.php(168): trigger_error('Passing lowercase HTTP method "get" is deprecated. Use uppercase HTTP method like "GET".', 16384)
 2 ROOTPATH\tests\app\LoginTest.php(49): Tests\App\Controllers\LoginTest->call('get', 'pengurus/logout')
 3 VENDORPATH\phpunit\phpunit\src\Framework\TestCase.php(1188): Tests\App\Controllers\LoginTest->testLogout()
 4 VENDORPATH\phpunit\phpunit\src\Framework\TestCase.php(687): PHPUnit\Framework\TestCase->runTest()
 5 VENDORPATH\phpunit\phpunit\src\Framework\TestRunner.php(104): PHPUnit\Framework\TestCase->runBare()
 6 VENDORPATH\phpunit\phpunit\src\Framework\TestCase.php(517): PHPUnit\Framework\TestRunner->run(Object(Tests\App\Controllers\LoginTest))
 7 VENDORPATH\phpunit\phpunit\src\Framework\TestSuite.php(378): PHPUnit\Framework\TestCase->run()
 8 VENDORPATH\phpunit\phpunit\src\Framework\TestSuite.php(378): PHPUnit\Framework\TestSuite->run()
 9 VENDORPATH\phpunit\phpunit\src\Framework\TestSuite.php(378): PHPUnit\Framework\TestSuite->run()
10 VENDORPATH\phpunit\phpunit\src\TextUI\TestRunner.php(62): PHPUnit\Framework\TestSuite->run()
11 VENDORPATH\phpunit\phpunit\src\TextUI\Application.php(199): PHPUnit\TextUI\TestRunner->run(Object(PHPUnit\TextUI\Configuration\Configuration), Object(PHPUnit\Runner\ResultCache\DefaultResultCache), Object(PHPUnit\Framework\TestSuite))
12 VENDORPATH\phpunit\phpunit\phpunit(104): PHPUnit\TextUI\Application->run([...])
13 VENDORPATH\bin\phpunit(122): include('C:\\xampp\\htdocs\\koperasi\\vendor\\phpunit\\phpunit\\phpunit')
INFO - 2024-07-19 14:30:59 --> Session: Class initialized using 'CodeIgniter\Session\Handlers\FileHandler' driver.
INFO - 2024-07-19 14:31:00 --> Session: Class initialized using 'CodeIgniter\Session\Handlers\FileHandler' driver.
INFO - 2024-07-19 15:23:07 --> Session: Class initialized using 'CodeIgniter\Session\Handlers\FileHandler' driver.
INFO - 2024-07-19 15:23:07 --> Session: Class initialized using 'CodeIgniter\Session\Handlers\FileHandler' driver.
INFO - 2024-07-19 15:23:35 --> Session: Class initialized using 'CodeIgniter\Session\Handlers\FileHandler' driver.
INFO - 2024-07-19 15:24:05 --> Session: Class initialized using 'CodeIgniter\Session\Handlers\FileHandler' driver.
INFO - 2024-07-19 15:24:10 --> Session: Class initialized using 'CodeIgniter\Session\Handlers\FileHandler' driver.
INFO - 2024-07-19 15:24:15 --> Session: Class initialized using 'CodeIgniter\Session\Handlers\FileHandler' driver.
INFO - 2024-07-19 15:24:17 --> Session: Class initialized using 'CodeIgniter\Session\Handlers\FileHandler' driver.
INFO - 2024-07-19 15:27:06 --> Session: Class initialized using 'CodeIgniter\Session\Handlers\FileHandler' driver.
INFO - 2024-07-19 15:27:22 --> Session: Class initialized using 'CodeIgniter\Session\Handlers\FileHandler' driver.
INFO - 2024-07-19 15:27:29 --> Session: Class initialized using 'CodeIgniter\Session\Handlers\FileHandler' driver.
INFO - 2024-07-19 15:27:35 --> Session: Class initialized using 'CodeIgniter\Session\Handlers\FileHandler' driver.
INFO - 2024-07-19 15:27:37 --> Session: Class initialized using 'CodeIgniter\Session\Handlers\FileHandler' driver.
INFO - 2024-07-19 15:27:52 --> Session: Class initialized using 'CodeIgniter\Session\Handlers\FileHandler' driver.
INFO - 2024-07-19 15:27:52 --> Session: Class initialized using 'CodeIgniter\Session\Handlers\FileHandler' driver.
INFO - 2024-07-19 15:27:58 --> Session: Class initialized using 'CodeIgniter\Session\Handlers\FileHandler' driver.
INFO - 2024-07-19 15:27:58 --> Session: Class initialized using 'CodeIgniter\Session\Handlers\FileHandler' driver.
INFO - 2024-07-19 15:28:09 --> Session: Class initialized using 'CodeIgniter\Session\Handlers\FileHandler' driver.
INFO - 2024-07-19 15:38:11 --> Session: Class initialized using 'CodeIgniter\Session\Handlers\FileHandler' driver.
INFO - 2024-07-19 15:38:15 --> Session: Class initialized using 'CodeIgniter\Session\Handlers\FileHandler' driver.
INFO - 2024-07-19 15:38:19 --> Session: Class initialized using 'CodeIgniter\Session\Handlers\FileHandler' driver.
INFO - 2024-07-19 15:38:29 --> Session: Class initialized using 'CodeIgniter\Session\Handlers\FileHandler' driver.
INFO - 2024-07-19 15:38:36 --> Session: Class initialized using 'CodeIgniter\Session\Handlers\FileHandler' driver.
INFO - 2024-07-19 15:38:45 --> Session: Class initialized using 'CodeIgniter\Session\Handlers\FileHandler' driver.
INFO - 2024-07-19 15:38:50 --> Session: Class initialized using 'CodeIgniter\Session\Handlers\FileHandler' driver.
INFO - 2024-07-19 15:38:54 --> Session: Class initialized using 'CodeIgniter\Session\Handlers\FileHandler' driver.
INFO - 2024-07-19 15:38:59 --> Session: Class initialized using 'CodeIgniter\Session\Handlers\FileHandler' driver.
INFO - 2024-07-19 15:39:08 --> Session: Class initialized using 'CodeIgniter\Session\Handlers\FileHandler' driver.
INFO - 2024-07-19 15:39:12 --> Session: Class initialized using 'CodeIgniter\Session\Handlers\FileHandler' driver.
INFO - 2024-07-19 15:39:16 --> Session: Class initialized using 'CodeIgniter\Session\Handlers\FileHandler' driver.
INFO - 2024-07-19 15:40:45 --> Session: Class initialized using 'CodeIgniter\Session\Handlers\FileHandler' driver.
INFO - 2024-07-19 15:40:50 --> Session: Class initialized using 'CodeIgniter\Session\Handlers\FileHandler' driver.
ERROR - 2024-07-19 15:40:50 --> mysqli_sql_exception: Unknown column 'debit' in 'field list' in C:\xampp\htdocs\koperasi\system\Database\MySQLi\Connection.php:310
Stack trace:
#0 C:\xampp\htdocs\koperasi\system\Database\MySQLi\Connection.php(310): mysqli->query('SELECT `debit`,...', 0)
#1 C:\xampp\htdocs\koperasi\system\Database\BaseConnection.php(732): CodeIgniter\Database\MySQLi\Connection->execute('SELECT `debit`,...')
#2 C:\xampp\htdocs\koperasi\system\Database\BaseConnection.php(646): CodeIgniter\Database\BaseConnection->simpleQuery('SELECT `debit`,...')
#3 C:\xampp\htdocs\koperasi\system\Database\BaseBuilder.php(1637): CodeIgniter\Database\BaseConnection->query('SELECT `debit`,...', Array, false)
#4 C:\xampp\htdocs\koperasi\app\Controllers\Akuntansi.php(282): CodeIgniter\Database\BaseBuilder->get()
#5 C:\xampp\htdocs\koperasi\system\CodeIgniter.php(933): App\Controllers\Akuntansi->cariDataBantu()
#6 C:\xampp\htdocs\koperasi\system\CodeIgniter.php(509): CodeIgniter\CodeIgniter->runController(Object(App\Controllers\Akuntansi))
#7 C:\xampp\htdocs\koperasi\system\CodeIgniter.php(355): CodeIgniter\CodeIgniter->handleRequest(NULL, Object(Config\Cache), false)
#8 C:\xampp\htdocs\koperasi\system\Boot.php(325): CodeIgniter\CodeIgniter->run()
#9 C:\xampp\htdocs\koperasi\system\Boot.php(67): CodeIgniter\Boot::runCodeIgniter(Object(CodeIgniter\CodeIgniter))
#10 C:\xampp\htdocs\koperasi\index.php(56): CodeIgniter\Boot::bootWeb(Object(Config\Paths))
#11 {main}
CRITICAL - 2024-07-19 15:40:50 --> CodeIgniter\Database\Exceptions\DatabaseException: Unknown column 'debit' in 'field list'
[Method: POST, Route: pengurus/akuntansi/buku_pembantu/cariData]
in SYSTEMPATH\Database\BaseConnection.php on line 686.
 1 SYSTEMPATH\Database\BaseBuilder.php(1637): CodeIgniter\Database\BaseConnection->query('SELECT `debit`, `kredit`, `saldo_normal`, `saldo_awal`
FROM `tb_akun_pembantu`
WHERE `id_akun_pembantu` = :id_akun_pembantu:', [...], false)
 2 APPPATH\Controllers\Akuntansi.php(282): CodeIgniter\Database\BaseBuilder->get()
 3 SYSTEMPATH\CodeIgniter.php(933): App\Controllers\Akuntansi->cariDataBantu()
 4 SYSTEMPATH\CodeIgniter.php(509): CodeIgniter\CodeIgniter->runController(Object(App\Controllers\Akuntansi))
 5 SYSTEMPATH\CodeIgniter.php(355): CodeIgniter\CodeIgniter->handleRequest(null, Object(Config\Cache), false)
 6 SYSTEMPATH\Boot.php(325): CodeIgniter\CodeIgniter->run()
 7 SYSTEMPATH\Boot.php(67): CodeIgniter\Boot::runCodeIgniter(Object(CodeIgniter\CodeIgniter))
 8 FCPATH\index.php(56): CodeIgniter\Boot::bootWeb(Object(Config\Paths))
CRITICAL - 2024-07-19 15:40:50 --> [Caused by] CodeIgniter\Database\Exceptions\DatabaseException: Unknown column 'debit' in 'field list'
in SYSTEMPATH\Database\MySQLi\Connection.php on line 315.
 1 SYSTEMPATH\Database\BaseConnection.php(732): CodeIgniter\Database\MySQLi\Connection->execute('SELECT `debit`, `kredit`, `saldo_normal`, `saldo_awal`
FROM `tb_akun_pembantu`
WHERE `id_akun_pembantu` = \'1\'')
 2 SYSTEMPATH\Database\BaseConnection.php(646): CodeIgniter\Database\BaseConnection->simpleQuery('SELECT `debit`, `kredit`, `saldo_normal`, `saldo_awal`
FROM `tb_akun_pembantu`
WHERE `id_akun_pembantu` = \'1\'')
 3 SYSTEMPATH\Database\BaseBuilder.php(1637): CodeIgniter\Database\BaseConnection->query('SELECT `debit`, `kredit`, `saldo_normal`, `saldo_awal`
FROM `tb_akun_pembantu`
WHERE `id_akun_pembantu` = :id_akun_pembantu:', [...], false)
 4 APPPATH\Controllers\Akuntansi.php(282): CodeIgniter\Database\BaseBuilder->get()
 5 SYSTEMPATH\CodeIgniter.php(933): App\Controllers\Akuntansi->cariDataBantu()
 6 SYSTEMPATH\CodeIgniter.php(509): CodeIgniter\CodeIgniter->runController(Object(App\Controllers\Akuntansi))
 7 SYSTEMPATH\CodeIgniter.php(355): CodeIgniter\CodeIgniter->handleRequest(null, Object(Config\Cache), false)
 8 SYSTEMPATH\Boot.php(325): CodeIgniter\CodeIgniter->run()
 9 SYSTEMPATH\Boot.php(67): CodeIgniter\Boot::runCodeIgniter(Object(CodeIgniter\CodeIgniter))
10 FCPATH\index.php(56): CodeIgniter\Boot::bootWeb(Object(Config\Paths))
CRITICAL - 2024-07-19 15:40:50 --> [Caused by] mysqli_sql_exception: Unknown column 'debit' in 'field list'
in SYSTEMPATH\Database\MySQLi\Connection.php on line 310.
 1 SYSTEMPATH\Database\MySQLi\Connection.php(310): mysqli->query('SELECT `debit`, `kredit`, `saldo_normal`, `saldo_awal`
FROM `tb_akun_pembantu`
WHERE `id_akun_pembantu` = \'1\'', 0)
 2 SYSTEMPATH\Database\BaseConnection.php(732): CodeIgniter\Database\MySQLi\Connection->execute('SELECT `debit`, `kredit`, `saldo_normal`, `saldo_awal`
FROM `tb_akun_pembantu`
WHERE `id_akun_pembantu` = \'1\'')
 3 SYSTEMPATH\Database\BaseConnection.php(646): CodeIgniter\Database\BaseConnection->simpleQuery('SELECT `debit`, `kredit`, `saldo_normal`, `saldo_awal`
FROM `tb_akun_pembantu`
WHERE `id_akun_pembantu` = \'1\'')
 4 SYSTEMPATH\Database\BaseBuilder.php(1637): CodeIgniter\Database\BaseConnection->query('SELECT `debit`, `kredit`, `saldo_normal`, `saldo_awal`
FROM `tb_akun_pembantu`
WHERE `id_akun_pembantu` = :id_akun_pembantu:', [...], false)
 5 APPPATH\Controllers\Akuntansi.php(282): CodeIgniter\Database\BaseBuilder->get()
 6 SYSTEMPATH\CodeIgniter.php(933): App\Controllers\Akuntansi->cariDataBantu()
 7 SYSTEMPATH\CodeIgniter.php(509): CodeIgniter\CodeIgniter->runController(Object(App\Controllers\Akuntansi))
 8 SYSTEMPATH\CodeIgniter.php(355): CodeIgniter\CodeIgniter->handleRequest(null, Object(Config\Cache), false)
 9 SYSTEMPATH\Boot.php(325): CodeIgniter\CodeIgniter->run()
10 SYSTEMPATH\Boot.php(67): CodeIgniter\Boot::runCodeIgniter(Object(CodeIgniter\CodeIgniter))
11 FCPATH\index.php(56): CodeIgniter\Boot::bootWeb(Object(Config\Paths))
INFO - 2024-07-19 15:45:20 --> Session: Class initialized using 'CodeIgniter\Session\Handlers\FileHandler' driver.
INFO - 2024-07-19 15:45:27 --> Session: Class initialized using 'CodeIgniter\Session\Handlers\FileHandler' driver.
ERROR - 2024-07-19 15:45:27 --> mysqli_sql_exception: Unknown column 'debit' in 'field list' in C:\xampp\htdocs\koperasi\system\Database\MySQLi\Connection.php:310
Stack trace:
#0 C:\xampp\htdocs\koperasi\system\Database\MySQLi\Connection.php(310): mysqli->query('SELECT `debit`,...', 0)
#1 C:\xampp\htdocs\koperasi\system\Database\BaseConnection.php(732): CodeIgniter\Database\MySQLi\Connection->execute('SELECT `debit`,...')
#2 C:\xampp\htdocs\koperasi\system\Database\BaseConnection.php(646): CodeIgniter\Database\BaseConnection->simpleQuery('SELECT `debit`,...')
#3 C:\xampp\htdocs\koperasi\system\Database\BaseBuilder.php(1637): CodeIgniter\Database\BaseConnection->query('SELECT `debit`,...', Array, false)
#4 C:\xampp\htdocs\koperasi\app\Controllers\Akuntansi.php(282): CodeIgniter\Database\BaseBuilder->get()
#5 C:\xampp\htdocs\koperasi\system\CodeIgniter.php(933): App\Controllers\Akuntansi->cariDataBantu()
#6 C:\xampp\htdocs\koperasi\system\CodeIgniter.php(509): CodeIgniter\CodeIgniter->runController(Object(App\Controllers\Akuntansi))
#7 C:\xampp\htdocs\koperasi\system\CodeIgniter.php(355): CodeIgniter\CodeIgniter->handleRequest(NULL, Object(Config\Cache), false)
#8 C:\xampp\htdocs\koperasi\system\Boot.php(325): CodeIgniter\CodeIgniter->run()
#9 C:\xampp\htdocs\koperasi\system\Boot.php(67): CodeIgniter\Boot::runCodeIgniter(Object(CodeIgniter\CodeIgniter))
#10 C:\xampp\htdocs\koperasi\index.php(56): CodeIgniter\Boot::bootWeb(Object(Config\Paths))
#11 {main}
CRITICAL - 2024-07-19 15:45:27 --> CodeIgniter\Database\Exceptions\DatabaseException: Unknown column 'debit' in 'field list'
[Method: POST, Route: pengurus/akuntansi/buku_pembantu/cariData]
in SYSTEMPATH\Database\BaseConnection.php on line 686.
 1 SYSTEMPATH\Database\BaseBuilder.php(1637): CodeIgniter\Database\BaseConnection->query('SELECT `debit`, `kredit`, `saldo_normal`, `saldo_awal`
FROM `tb_akun_pembantu`
WHERE `id_akun_pembantu` = :id_akun_pembantu:', [...], false)
 2 APPPATH\Controllers\Akuntansi.php(282): CodeIgniter\Database\BaseBuilder->get()
 3 SYSTEMPATH\CodeIgniter.php(933): App\Controllers\Akuntansi->cariDataBantu()
 4 SYSTEMPATH\CodeIgniter.php(509): CodeIgniter\CodeIgniter->runController(Object(App\Controllers\Akuntansi))
 5 SYSTEMPATH\CodeIgniter.php(355): CodeIgniter\CodeIgniter->handleRequest(null, Object(Config\Cache), false)
 6 SYSTEMPATH\Boot.php(325): CodeIgniter\CodeIgniter->run()
 7 SYSTEMPATH\Boot.php(67): CodeIgniter\Boot::runCodeIgniter(Object(CodeIgniter\CodeIgniter))
 8 FCPATH\index.php(56): CodeIgniter\Boot::bootWeb(Object(Config\Paths))
CRITICAL - 2024-07-19 15:45:27 --> [Caused by] CodeIgniter\Database\Exceptions\DatabaseException: Unknown column 'debit' in 'field list'
in SYSTEMPATH\Database\MySQLi\Connection.php on line 315.
 1 SYSTEMPATH\Database\BaseConnection.php(732): CodeIgniter\Database\MySQLi\Connection->execute('SELECT `debit`, `kredit`, `saldo_normal`, `saldo_awal`
FROM `tb_akun_pembantu`
WHERE `id_akun_pembantu` = \'1\'')
 2 SYSTEMPATH\Database\BaseConnection.php(646): CodeIgniter\Database\BaseConnection->simpleQuery('SELECT `debit`, `kredit`, `saldo_normal`, `saldo_awal`
FROM `tb_akun_pembantu`
WHERE `id_akun_pembantu` = \'1\'')
 3 SYSTEMPATH\Database\BaseBuilder.php(1637): CodeIgniter\Database\BaseConnection->query('SELECT `debit`, `kredit`, `saldo_normal`, `saldo_awal`
FROM `tb_akun_pembantu`
WHERE `id_akun_pembantu` = :id_akun_pembantu:', [...], false)
 4 APPPATH\Controllers\Akuntansi.php(282): CodeIgniter\Database\BaseBuilder->get()
 5 SYSTEMPATH\CodeIgniter.php(933): App\Controllers\Akuntansi->cariDataBantu()
 6 SYSTEMPATH\CodeIgniter.php(509): CodeIgniter\CodeIgniter->runController(Object(App\Controllers\Akuntansi))
 7 SYSTEMPATH\CodeIgniter.php(355): CodeIgniter\CodeIgniter->handleRequest(null, Object(Config\Cache), false)
 8 SYSTEMPATH\Boot.php(325): CodeIgniter\CodeIgniter->run()
 9 SYSTEMPATH\Boot.php(67): CodeIgniter\Boot::runCodeIgniter(Object(CodeIgniter\CodeIgniter))
10 FCPATH\index.php(56): CodeIgniter\Boot::bootWeb(Object(Config\Paths))
CRITICAL - 2024-07-19 15:45:27 --> [Caused by] mysqli_sql_exception: Unknown column 'debit' in 'field list'
in SYSTEMPATH\Database\MySQLi\Connection.php on line 310.
 1 SYSTEMPATH\Database\MySQLi\Connection.php(310): mysqli->query('SELECT `debit`, `kredit`, `saldo_normal`, `saldo_awal`
FROM `tb_akun_pembantu`
WHERE `id_akun_pembantu` = \'1\'', 0)
 2 SYSTEMPATH\Database\BaseConnection.php(732): CodeIgniter\Database\MySQLi\Connection->execute('SELECT `debit`, `kredit`, `saldo_normal`, `saldo_awal`
FROM `tb_akun_pembantu`
WHERE `id_akun_pembantu` = \'1\'')
 3 SYSTEMPATH\Database\BaseConnection.php(646): CodeIgniter\Database\BaseConnection->simpleQuery('SELECT `debit`, `kredit`, `saldo_normal`, `saldo_awal`
FROM `tb_akun_pembantu`
WHERE `id_akun_pembantu` = \'1\'')
 4 SYSTEMPATH\Database\BaseBuilder.php(1637): CodeIgniter\Database\BaseConnection->query('SELECT `debit`, `kredit`, `saldo_normal`, `saldo_awal`
FROM `tb_akun_pembantu`
WHERE `id_akun_pembantu` = :id_akun_pembantu:', [...], false)
 5 APPPATH\Controllers\Akuntansi.php(282): CodeIgniter\Database\BaseBuilder->get()
 6 SYSTEMPATH\CodeIgniter.php(933): App\Controllers\Akuntansi->cariDataBantu()
 7 SYSTEMPATH\CodeIgniter.php(509): CodeIgniter\CodeIgniter->runController(Object(App\Controllers\Akuntansi))
 8 SYSTEMPATH\CodeIgniter.php(355): CodeIgniter\CodeIgniter->handleRequest(null, Object(Config\Cache), false)
 9 SYSTEMPATH\Boot.php(325): CodeIgniter\CodeIgniter->run()
10 SYSTEMPATH\Boot.php(67): CodeIgniter\Boot::runCodeIgniter(Object(CodeIgniter\CodeIgniter))
11 FCPATH\index.php(56): CodeIgniter\Boot::bootWeb(Object(Config\Paths))
INFO - 2024-07-19 15:47:06 --> Session: Class initialized using 'CodeIgniter\Session\Handlers\FileHandler' driver.
INFO - 2024-07-19 15:47:11 --> Session: Class initialized using 'CodeIgniter\Session\Handlers\FileHandler' driver.
ERROR - 2024-07-19 15:47:11 --> mysqli_sql_exception: Unknown column 'debit' in 'field list' in C:\xampp\htdocs\koperasi\system\Database\MySQLi\Connection.php:310
Stack trace:
#0 C:\xampp\htdocs\koperasi\system\Database\MySQLi\Connection.php(310): mysqli->query('SELECT `debit`,...', 0)
#1 C:\xampp\htdocs\koperasi\system\Database\BaseConnection.php(732): CodeIgniter\Database\MySQLi\Connection->execute('SELECT `debit`,...')
#2 C:\xampp\htdocs\koperasi\system\Database\BaseConnection.php(646): CodeIgniter\Database\BaseConnection->simpleQuery('SELECT `debit`,...')
#3 C:\xampp\htdocs\koperasi\system\Database\BaseBuilder.php(1637): CodeIgniter\Database\BaseConnection->query('SELECT `debit`,...', Array, false)
#4 C:\xampp\htdocs\koperasi\app\Controllers\Akuntansi.php(282): CodeIgniter\Database\BaseBuilder->get()
#5 C:\xampp\htdocs\koperasi\system\CodeIgniter.php(933): App\Controllers\Akuntansi->cariDataBantu()
#6 C:\xampp\htdocs\koperasi\system\CodeIgniter.php(509): CodeIgniter\CodeIgniter->runController(Object(App\Controllers\Akuntansi))
#7 C:\xampp\htdocs\koperasi\system\CodeIgniter.php(355): CodeIgniter\CodeIgniter->handleRequest(NULL, Object(Config\Cache), false)
#8 C:\xampp\htdocs\koperasi\system\Boot.php(325): CodeIgniter\CodeIgniter->run()
#9 C:\xampp\htdocs\koperasi\system\Boot.php(67): CodeIgniter\Boot::runCodeIgniter(Object(CodeIgniter\CodeIgniter))
#10 C:\xampp\htdocs\koperasi\index.php(56): CodeIgniter\Boot::bootWeb(Object(Config\Paths))
#11 {main}
CRITICAL - 2024-07-19 15:47:11 --> CodeIgniter\Database\Exceptions\DatabaseException: Unknown column 'debit' in 'field list'
[Method: POST, Route: pengurus/akuntansi/buku_pembantu/cariData]
in SYSTEMPATH\Database\BaseConnection.php on line 686.
 1 SYSTEMPATH\Database\BaseBuilder.php(1637): CodeIgniter\Database\BaseConnection->query('SELECT `debit`, `kredit`, `saldo_normal`, `saldo_awal`
FROM `tb_akun_pembantu`
WHERE `id_akun_pembantu` = :id_akun_pembantu:', [...], false)
 2 APPPATH\Controllers\Akuntansi.php(282): CodeIgniter\Database\BaseBuilder->get()
 3 SYSTEMPATH\CodeIgniter.php(933): App\Controllers\Akuntansi->cariDataBantu()
 4 SYSTEMPATH\CodeIgniter.php(509): CodeIgniter\CodeIgniter->runController(Object(App\Controllers\Akuntansi))
 5 SYSTEMPATH\CodeIgniter.php(355): CodeIgniter\CodeIgniter->handleRequest(null, Object(Config\Cache), false)
 6 SYSTEMPATH\Boot.php(325): CodeIgniter\CodeIgniter->run()
 7 SYSTEMPATH\Boot.php(67): CodeIgniter\Boot::runCodeIgniter(Object(CodeIgniter\CodeIgniter))
 8 FCPATH\index.php(56): CodeIgniter\Boot::bootWeb(Object(Config\Paths))
CRITICAL - 2024-07-19 15:47:11 --> [Caused by] CodeIgniter\Database\Exceptions\DatabaseException: Unknown column 'debit' in 'field list'
in SYSTEMPATH\Database\MySQLi\Connection.php on line 315.
 1 SYSTEMPATH\Database\BaseConnection.php(732): CodeIgniter\Database\MySQLi\Connection->execute('SELECT `debit`, `kredit`, `saldo_normal`, `saldo_awal`
FROM `tb_akun_pembantu`
WHERE `id_akun_pembantu` = \'1\'')
 2 SYSTEMPATH\Database\BaseConnection.php(646): CodeIgniter\Database\BaseConnection->simpleQuery('SELECT `debit`, `kredit`, `saldo_normal`, `saldo_awal`
FROM `tb_akun_pembantu`
WHERE `id_akun_pembantu` = \'1\'')
 3 SYSTEMPATH\Database\BaseBuilder.php(1637): CodeIgniter\Database\BaseConnection->query('SELECT `debit`, `kredit`, `saldo_normal`, `saldo_awal`
FROM `tb_akun_pembantu`
WHERE `id_akun_pembantu` = :id_akun_pembantu:', [...], false)
 4 APPPATH\Controllers\Akuntansi.php(282): CodeIgniter\Database\BaseBuilder->get()
 5 SYSTEMPATH\CodeIgniter.php(933): App\Controllers\Akuntansi->cariDataBantu()
 6 SYSTEMPATH\CodeIgniter.php(509): CodeIgniter\CodeIgniter->runController(Object(App\Controllers\Akuntansi))
 7 SYSTEMPATH\CodeIgniter.php(355): CodeIgniter\CodeIgniter->handleRequest(null, Object(Config\Cache), false)
 8 SYSTEMPATH\Boot.php(325): CodeIgniter\CodeIgniter->run()
 9 SYSTEMPATH\Boot.php(67): CodeIgniter\Boot::runCodeIgniter(Object(CodeIgniter\CodeIgniter))
10 FCPATH\index.php(56): CodeIgniter\Boot::bootWeb(Object(Config\Paths))
CRITICAL - 2024-07-19 15:47:11 --> [Caused by] mysqli_sql_exception: Unknown column 'debit' in 'field list'
in SYSTEMPATH\Database\MySQLi\Connection.php on line 310.
 1 SYSTEMPATH\Database\MySQLi\Connection.php(310): mysqli->query('SELECT `debit`, `kredit`, `saldo_normal`, `saldo_awal`
FROM `tb_akun_pembantu`
WHERE `id_akun_pembantu` = \'1\'', 0)
 2 SYSTEMPATH\Database\BaseConnection.php(732): CodeIgniter\Database\MySQLi\Connection->execute('SELECT `debit`, `kredit`, `saldo_normal`, `saldo_awal`
FROM `tb_akun_pembantu`
WHERE `id_akun_pembantu` = \'1\'')
 3 SYSTEMPATH\Database\BaseConnection.php(646): CodeIgniter\Database\BaseConnection->simpleQuery('SELECT `debit`, `kredit`, `saldo_normal`, `saldo_awal`
FROM `tb_akun_pembantu`
WHERE `id_akun_pembantu` = \'1\'')
 4 SYSTEMPATH\Database\BaseBuilder.php(1637): CodeIgniter\Database\BaseConnection->query('SELECT `debit`, `kredit`, `saldo_normal`, `saldo_awal`
FROM `tb_akun_pembantu`
WHERE `id_akun_pembantu` = :id_akun_pembantu:', [...], false)
 5 APPPATH\Controllers\Akuntansi.php(282): CodeIgniter\Database\BaseBuilder->get()
 6 SYSTEMPATH\CodeIgniter.php(933): App\Controllers\Akuntansi->cariDataBantu()
 7 SYSTEMPATH\CodeIgniter.php(509): CodeIgniter\CodeIgniter->runController(Object(App\Controllers\Akuntansi))
 8 SYSTEMPATH\CodeIgniter.php(355): CodeIgniter\CodeIgniter->handleRequest(null, Object(Config\Cache), false)
 9 SYSTEMPATH\Boot.php(325): CodeIgniter\CodeIgniter->run()
10 SYSTEMPATH\Boot.php(67): CodeIgniter\Boot::runCodeIgniter(Object(CodeIgniter\CodeIgniter))
11 FCPATH\index.php(56): CodeIgniter\Boot::bootWeb(Object(Config\Paths))
INFO - 2024-07-19 15:47:57 --> Session: Class initialized using 'CodeIgniter\Session\Handlers\FileHandler' driver.
INFO - 2024-07-19 15:48:02 --> Session: Class initialized using 'CodeIgniter\Session\Handlers\FileHandler' driver.
ERROR - 2024-07-19 15:48:02 --> mysqli_sql_exception: Unknown column 'debit' in 'field list' in C:\xampp\htdocs\koperasi\system\Database\MySQLi\Connection.php:310
Stack trace:
#0 C:\xampp\htdocs\koperasi\system\Database\MySQLi\Connection.php(310): mysqli->query('SELECT `debit`,...', 0)
#1 C:\xampp\htdocs\koperasi\system\Database\BaseConnection.php(732): CodeIgniter\Database\MySQLi\Connection->execute('SELECT `debit`,...')
#2 C:\xampp\htdocs\koperasi\system\Database\BaseConnection.php(646): CodeIgniter\Database\BaseConnection->simpleQuery('SELECT `debit`,...')
#3 C:\xampp\htdocs\koperasi\system\Database\BaseBuilder.php(1637): CodeIgniter\Database\BaseConnection->query('SELECT `debit`,...', Array, false)
#4 C:\xampp\htdocs\koperasi\app\Controllers\Akuntansi.php(282): CodeIgniter\Database\BaseBuilder->get()
#5 C:\xampp\htdocs\koperasi\system\CodeIgniter.php(933): App\Controllers\Akuntansi->cariDataBantu()
#6 C:\xampp\htdocs\koperasi\system\CodeIgniter.php(509): CodeIgniter\CodeIgniter->runController(Object(App\Controllers\Akuntansi))
#7 C:\xampp\htdocs\koperasi\system\CodeIgniter.php(355): CodeIgniter\CodeIgniter->handleRequest(NULL, Object(Config\Cache), false)
#8 C:\xampp\htdocs\koperasi\system\Boot.php(325): CodeIgniter\CodeIgniter->run()
#9 C:\xampp\htdocs\koperasi\system\Boot.php(67): CodeIgniter\Boot::runCodeIgniter(Object(CodeIgniter\CodeIgniter))
#10 C:\xampp\htdocs\koperasi\index.php(56): CodeIgniter\Boot::bootWeb(Object(Config\Paths))
#11 {main}
CRITICAL - 2024-07-19 15:48:02 --> CodeIgniter\Database\Exceptions\DatabaseException: Unknown column 'debit' in 'field list'
[Method: POST, Route: pengurus/akuntansi/buku_pembantu/cariData]
in SYSTEMPATH\Database\BaseConnection.php on line 686.
 1 SYSTEMPATH\Database\BaseBuilder.php(1637): CodeIgniter\Database\BaseConnection->query('SELECT `debit`, `kredit`, `saldo_normal`, `saldo_awal`
FROM `tb_akun_pembantu`
WHERE `id_akun_pembantu` = :id_akun_pembantu:', [...], false)
 2 APPPATH\Controllers\Akuntansi.php(282): CodeIgniter\Database\BaseBuilder->get()
 3 SYSTEMPATH\CodeIgniter.php(933): App\Controllers\Akuntansi->cariDataBantu()
 4 SYSTEMPATH\CodeIgniter.php(509): CodeIgniter\CodeIgniter->runController(Object(App\Controllers\Akuntansi))
 5 SYSTEMPATH\CodeIgniter.php(355): CodeIgniter\CodeIgniter->handleRequest(null, Object(Config\Cache), false)
 6 SYSTEMPATH\Boot.php(325): CodeIgniter\CodeIgniter->run()
 7 SYSTEMPATH\Boot.php(67): CodeIgniter\Boot::runCodeIgniter(Object(CodeIgniter\CodeIgniter))
 8 FCPATH\index.php(56): CodeIgniter\Boot::bootWeb(Object(Config\Paths))
CRITICAL - 2024-07-19 15:48:02 --> [Caused by] CodeIgniter\Database\Exceptions\DatabaseException: Unknown column 'debit' in 'field list'
in SYSTEMPATH\Database\MySQLi\Connection.php on line 315.
 1 SYSTEMPATH\Database\BaseConnection.php(732): CodeIgniter\Database\MySQLi\Connection->execute('SELECT `debit`, `kredit`, `saldo_normal`, `saldo_awal`
FROM `tb_akun_pembantu`
WHERE `id_akun_pembantu` = \'1\'')
 2 SYSTEMPATH\Database\BaseConnection.php(646): CodeIgniter\Database\BaseConnection->simpleQuery('SELECT `debit`, `kredit`, `saldo_normal`, `saldo_awal`
FROM `tb_akun_pembantu`
WHERE `id_akun_pembantu` = \'1\'')
 3 SYSTEMPATH\Database\BaseBuilder.php(1637): CodeIgniter\Database\BaseConnection->query('SELECT `debit`, `kredit`, `saldo_normal`, `saldo_awal`
FROM `tb_akun_pembantu`
WHERE `id_akun_pembantu` = :id_akun_pembantu:', [...], false)
 4 APPPATH\Controllers\Akuntansi.php(282): CodeIgniter\Database\BaseBuilder->get()
 5 SYSTEMPATH\CodeIgniter.php(933): App\Controllers\Akuntansi->cariDataBantu()
 6 SYSTEMPATH\CodeIgniter.php(509): CodeIgniter\CodeIgniter->runController(Object(App\Controllers\Akuntansi))
 7 SYSTEMPATH\CodeIgniter.php(355): CodeIgniter\CodeIgniter->handleRequest(null, Object(Config\Cache), false)
 8 SYSTEMPATH\Boot.php(325): CodeIgniter\CodeIgniter->run()
 9 SYSTEMPATH\Boot.php(67): CodeIgniter\Boot::runCodeIgniter(Object(CodeIgniter\CodeIgniter))
10 FCPATH\index.php(56): CodeIgniter\Boot::bootWeb(Object(Config\Paths))
CRITICAL - 2024-07-19 15:48:02 --> [Caused by] mysqli_sql_exception: Unknown column 'debit' in 'field list'
in SYSTEMPATH\Database\MySQLi\Connection.php on line 310.
 1 SYSTEMPATH\Database\MySQLi\Connection.php(310): mysqli->query('SELECT `debit`, `kredit`, `saldo_normal`, `saldo_awal`
FROM `tb_akun_pembantu`
WHERE `id_akun_pembantu` = \'1\'', 0)
 2 SYSTEMPATH\Database\BaseConnection.php(732): CodeIgniter\Database\MySQLi\Connection->execute('SELECT `debit`, `kredit`, `saldo_normal`, `saldo_awal`
FROM `tb_akun_pembantu`
WHERE `id_akun_pembantu` = \'1\'')
 3 SYSTEMPATH\Database\BaseConnection.php(646): CodeIgniter\Database\BaseConnection->simpleQuery('SELECT `debit`, `kredit`, `saldo_normal`, `saldo_awal`
FROM `tb_akun_pembantu`
WHERE `id_akun_pembantu` = \'1\'')
 4 SYSTEMPATH\Database\BaseBuilder.php(1637): CodeIgniter\Database\BaseConnection->query('SELECT `debit`, `kredit`, `saldo_normal`, `saldo_awal`
FROM `tb_akun_pembantu`
WHERE `id_akun_pembantu` = :id_akun_pembantu:', [...], false)
 5 APPPATH\Controllers\Akuntansi.php(282): CodeIgniter\Database\BaseBuilder->get()
 6 SYSTEMPATH\CodeIgniter.php(933): App\Controllers\Akuntansi->cariDataBantu()
 7 SYSTEMPATH\CodeIgniter.php(509): CodeIgniter\CodeIgniter->runController(Object(App\Controllers\Akuntansi))
 8 SYSTEMPATH\CodeIgniter.php(355): CodeIgniter\CodeIgniter->handleRequest(null, Object(Config\Cache), false)
 9 SYSTEMPATH\Boot.php(325): CodeIgniter\CodeIgniter->run()
10 SYSTEMPATH\Boot.php(67): CodeIgniter\Boot::runCodeIgniter(Object(CodeIgniter\CodeIgniter))
11 FCPATH\index.php(56): CodeIgniter\Boot::bootWeb(Object(Config\Paths))
INFO - 2024-07-19 15:54:11 --> Session: Class initialized using 'CodeIgniter\Session\Handlers\FileHandler' driver.
INFO - 2024-07-19 15:54:14 --> Session: Class initialized using 'CodeIgniter\Session\Handlers\FileHandler' driver.
ERROR - 2024-07-19 15:54:14 --> mysqli_sql_exception: Unknown column 'debit' in 'field list' in C:\xampp\htdocs\koperasi\system\Database\MySQLi\Connection.php:310
Stack trace:
#0 C:\xampp\htdocs\koperasi\system\Database\MySQLi\Connection.php(310): mysqli->query('SELECT `debit`,...', 0)
#1 C:\xampp\htdocs\koperasi\system\Database\BaseConnection.php(732): CodeIgniter\Database\MySQLi\Connection->execute('SELECT `debit`,...')
#2 C:\xampp\htdocs\koperasi\system\Database\BaseConnection.php(646): CodeIgniter\Database\BaseConnection->simpleQuery('SELECT `debit`,...')
#3 C:\xampp\htdocs\koperasi\system\Database\BaseBuilder.php(1637): CodeIgniter\Database\BaseConnection->query('SELECT `debit`,...', Array, false)
#4 C:\xampp\htdocs\koperasi\app\Controllers\Akuntansi.php(282): CodeIgniter\Database\BaseBuilder->get()
#5 C:\xampp\htdocs\koperasi\system\CodeIgniter.php(933): App\Controllers\Akuntansi->cariDataBantu()
#6 C:\xampp\htdocs\koperasi\system\CodeIgniter.php(509): CodeIgniter\CodeIgniter->runController(Object(App\Controllers\Akuntansi))
#7 C:\xampp\htdocs\koperasi\system\CodeIgniter.php(355): CodeIgniter\CodeIgniter->handleRequest(NULL, Object(Config\Cache), false)
#8 C:\xampp\htdocs\koperasi\system\Boot.php(325): CodeIgniter\CodeIgniter->run()
#9 C:\xampp\htdocs\koperasi\system\Boot.php(67): CodeIgniter\Boot::runCodeIgniter(Object(CodeIgniter\CodeIgniter))
#10 C:\xampp\htdocs\koperasi\index.php(56): CodeIgniter\Boot::bootWeb(Object(Config\Paths))
#11 {main}
CRITICAL - 2024-07-19 15:54:14 --> CodeIgniter\Database\Exceptions\DatabaseException: Unknown column 'debit' in 'field list'
[Method: POST, Route: pengurus/akuntansi/buku_pembantu/cariData]
in SYSTEMPATH\Database\BaseConnection.php on line 686.
 1 SYSTEMPATH\Database\BaseBuilder.php(1637): CodeIgniter\Database\BaseConnection->query('SELECT `debit`, `kredit`, `saldo_normal`, `saldo_awal`
FROM `tb_akun_pembantu`
WHERE `id_akun_pembantu` = :id_akun_pembantu:', [...], false)
 2 APPPATH\Controllers\Akuntansi.php(282): CodeIgniter\Database\BaseBuilder->get()
 3 SYSTEMPATH\CodeIgniter.php(933): App\Controllers\Akuntansi->cariDataBantu()
 4 SYSTEMPATH\CodeIgniter.php(509): CodeIgniter\CodeIgniter->runController(Object(App\Controllers\Akuntansi))
 5 SYSTEMPATH\CodeIgniter.php(355): CodeIgniter\CodeIgniter->handleRequest(null, Object(Config\Cache), false)
 6 SYSTEMPATH\Boot.php(325): CodeIgniter\CodeIgniter->run()
 7 SYSTEMPATH\Boot.php(67): CodeIgniter\Boot::runCodeIgniter(Object(CodeIgniter\CodeIgniter))
 8 FCPATH\index.php(56): CodeIgniter\Boot::bootWeb(Object(Config\Paths))
CRITICAL - 2024-07-19 15:54:14 --> [Caused by] CodeIgniter\Database\Exceptions\DatabaseException: Unknown column 'debit' in 'field list'
in SYSTEMPATH\Database\MySQLi\Connection.php on line 315.
 1 SYSTEMPATH\Database\BaseConnection.php(732): CodeIgniter\Database\MySQLi\Connection->execute('SELECT `debit`, `kredit`, `saldo_normal`, `saldo_awal`
FROM `tb_akun_pembantu`
WHERE `id_akun_pembantu` = \'-- Pilih Akun Pembantu --\'')
 2 SYSTEMPATH\Database\BaseConnection.php(646): CodeIgniter\Database\BaseConnection->simpleQuery('SELECT `debit`, `kredit`, `saldo_normal`, `saldo_awal`
FROM `tb_akun_pembantu`
WHERE `id_akun_pembantu` = \'-- Pilih Akun Pembantu --\'')
 3 SYSTEMPATH\Database\BaseBuilder.php(1637): CodeIgniter\Database\BaseConnection->query('SELECT `debit`, `kredit`, `saldo_normal`, `saldo_awal`
FROM `tb_akun_pembantu`
WHERE `id_akun_pembantu` = :id_akun_pembantu:', [...], false)
 4 APPPATH\Controllers\Akuntansi.php(282): CodeIgniter\Database\BaseBuilder->get()
 5 SYSTEMPATH\CodeIgniter.php(933): App\Controllers\Akuntansi->cariDataBantu()
 6 SYSTEMPATH\CodeIgniter.php(509): CodeIgniter\CodeIgniter->runController(Object(App\Controllers\Akuntansi))
 7 SYSTEMPATH\CodeIgniter.php(355): CodeIgniter\CodeIgniter->handleRequest(null, Object(Config\Cache), false)
 8 SYSTEMPATH\Boot.php(325): CodeIgniter\CodeIgniter->run()
 9 SYSTEMPATH\Boot.php(67): CodeIgniter\Boot::runCodeIgniter(Object(CodeIgniter\CodeIgniter))
10 FCPATH\index.php(56): CodeIgniter\Boot::bootWeb(Object(Config\Paths))
CRITICAL - 2024-07-19 15:54:14 --> [Caused by] mysqli_sql_exception: Unknown column 'debit' in 'field list'
in SYSTEMPATH\Database\MySQLi\Connection.php on line 310.
 1 SYSTEMPATH\Database\MySQLi\Connection.php(310): mysqli->query('SELECT `debit`, `kredit`, `saldo_normal`, `saldo_awal`
FROM `tb_akun_pembantu`
WHERE `id_akun_pembantu` = \'-- Pilih Akun Pembantu --\'', 0)
 2 SYSTEMPATH\Database\BaseConnection.php(732): CodeIgniter\Database\MySQLi\Connection->execute('SELECT `debit`, `kredit`, `saldo_normal`, `saldo_awal`
FROM `tb_akun_pembantu`
WHERE `id_akun_pembantu` = \'-- Pilih Akun Pembantu --\'')
 3 SYSTEMPATH\Database\BaseConnection.php(646): CodeIgniter\Database\BaseConnection->simpleQuery('SELECT `debit`, `kredit`, `saldo_normal`, `saldo_awal`
FROM `tb_akun_pembantu`
WHERE `id_akun_pembantu` = \'-- Pilih Akun Pembantu --\'')
 4 SYSTEMPATH\Database\BaseBuilder.php(1637): CodeIgniter\Database\BaseConnection->query('SELECT `debit`, `kredit`, `saldo_normal`, `saldo_awal`
FROM `tb_akun_pembantu`
WHERE `id_akun_pembantu` = :id_akun_pembantu:', [...], false)
 5 APPPATH\Controllers\Akuntansi.php(282): CodeIgniter\Database\BaseBuilder->get()
 6 SYSTEMPATH\CodeIgniter.php(933): App\Controllers\Akuntansi->cariDataBantu()
 7 SYSTEMPATH\CodeIgniter.php(509): CodeIgniter\CodeIgniter->runController(Object(App\Controllers\Akuntansi))
 8 SYSTEMPATH\CodeIgniter.php(355): CodeIgniter\CodeIgniter->handleRequest(null, Object(Config\Cache), false)
 9 SYSTEMPATH\Boot.php(325): CodeIgniter\CodeIgniter->run()
10 SYSTEMPATH\Boot.php(67): CodeIgniter\Boot::runCodeIgniter(Object(CodeIgniter\CodeIgniter))
11 FCPATH\index.php(56): CodeIgniter\Boot::bootWeb(Object(Config\Paths))
INFO - 2024-07-19 15:54:18 --> Session: Class initialized using 'CodeIgniter\Session\Handlers\FileHandler' driver.
ERROR - 2024-07-19 15:54:18 --> mysqli_sql_exception: Unknown column 'debit' in 'field list' in C:\xampp\htdocs\koperasi\system\Database\MySQLi\Connection.php:310
Stack trace:
#0 C:\xampp\htdocs\koperasi\system\Database\MySQLi\Connection.php(310): mysqli->query('SELECT `debit`,...', 0)
#1 C:\xampp\htdocs\koperasi\system\Database\BaseConnection.php(732): CodeIgniter\Database\MySQLi\Connection->execute('SELECT `debit`,...')
#2 C:\xampp\htdocs\koperasi\system\Database\BaseConnection.php(646): CodeIgniter\Database\BaseConnection->simpleQuery('SELECT `debit`,...')
#3 C:\xampp\htdocs\koperasi\system\Database\BaseBuilder.php(1637): CodeIgniter\Database\BaseConnection->query('SELECT `debit`,...', Array, false)
#4 C:\xampp\htdocs\koperasi\app\Controllers\Akuntansi.php(282): CodeIgniter\Database\BaseBuilder->get()
#5 C:\xampp\htdocs\koperasi\system\CodeIgniter.php(933): App\Controllers\Akuntansi->cariDataBantu()
#6 C:\xampp\htdocs\koperasi\system\CodeIgniter.php(509): CodeIgniter\CodeIgniter->runController(Object(App\Controllers\Akuntansi))
#7 C:\xampp\htdocs\koperasi\system\CodeIgniter.php(355): CodeIgniter\CodeIgniter->handleRequest(NULL, Object(Config\Cache), false)
#8 C:\xampp\htdocs\koperasi\system\Boot.php(325): CodeIgniter\CodeIgniter->run()
#9 C:\xampp\htdocs\koperasi\system\Boot.php(67): CodeIgniter\Boot::runCodeIgniter(Object(CodeIgniter\CodeIgniter))
#10 C:\xampp\htdocs\koperasi\index.php(56): CodeIgniter\Boot::bootWeb(Object(Config\Paths))
#11 {main}
CRITICAL - 2024-07-19 15:54:18 --> CodeIgniter\Database\Exceptions\DatabaseException: Unknown column 'debit' in 'field list'
[Method: POST, Route: pengurus/akuntansi/buku_pembantu/cariData]
in SYSTEMPATH\Database\BaseConnection.php on line 686.
 1 SYSTEMPATH\Database\BaseBuilder.php(1637): CodeIgniter\Database\BaseConnection->query('SELECT `debit`, `kredit`, `saldo_normal`, `saldo_awal`
FROM `tb_akun_pembantu`
WHERE `id_akun_pembantu` = :id_akun_pembantu:', [...], false)
 2 APPPATH\Controllers\Akuntansi.php(282): CodeIgniter\Database\BaseBuilder->get()
 3 SYSTEMPATH\CodeIgniter.php(933): App\Controllers\Akuntansi->cariDataBantu()
 4 SYSTEMPATH\CodeIgniter.php(509): CodeIgniter\CodeIgniter->runController(Object(App\Controllers\Akuntansi))
 5 SYSTEMPATH\CodeIgniter.php(355): CodeIgniter\CodeIgniter->handleRequest(null, Object(Config\Cache), false)
 6 SYSTEMPATH\Boot.php(325): CodeIgniter\CodeIgniter->run()
 7 SYSTEMPATH\Boot.php(67): CodeIgniter\Boot::runCodeIgniter(Object(CodeIgniter\CodeIgniter))
 8 FCPATH\index.php(56): CodeIgniter\Boot::bootWeb(Object(Config\Paths))
CRITICAL - 2024-07-19 15:54:18 --> [Caused by] CodeIgniter\Database\Exceptions\DatabaseException: Unknown column 'debit' in 'field list'
in SYSTEMPATH\Database\MySQLi\Connection.php on line 315.
 1 SYSTEMPATH\Database\BaseConnection.php(732): CodeIgniter\Database\MySQLi\Connection->execute('SELECT `debit`, `kredit`, `saldo_normal`, `saldo_awal`
FROM `tb_akun_pembantu`
WHERE `id_akun_pembantu` = \'-- Pilih Akun Pembantu --\'')
 2 SYSTEMPATH\Database\BaseConnection.php(646): CodeIgniter\Database\BaseConnection->simpleQuery('SELECT `debit`, `kredit`, `saldo_normal`, `saldo_awal`
FROM `tb_akun_pembantu`
WHERE `id_akun_pembantu` = \'-- Pilih Akun Pembantu --\'')
 3 SYSTEMPATH\Database\BaseBuilder.php(1637): CodeIgniter\Database\BaseConnection->query('SELECT `debit`, `kredit`, `saldo_normal`, `saldo_awal`
FROM `tb_akun_pembantu`
WHERE `id_akun_pembantu` = :id_akun_pembantu:', [...], false)
 4 APPPATH\Controllers\Akuntansi.php(282): CodeIgniter\Database\BaseBuilder->get()
 5 SYSTEMPATH\CodeIgniter.php(933): App\Controllers\Akuntansi->cariDataBantu()
 6 SYSTEMPATH\CodeIgniter.php(509): CodeIgniter\CodeIgniter->runController(Object(App\Controllers\Akuntansi))
 7 SYSTEMPATH\CodeIgniter.php(355): CodeIgniter\CodeIgniter->handleRequest(null, Object(Config\Cache), false)
 8 SYSTEMPATH\Boot.php(325): CodeIgniter\CodeIgniter->run()
 9 SYSTEMPATH\Boot.php(67): CodeIgniter\Boot::runCodeIgniter(Object(CodeIgniter\CodeIgniter))
10 FCPATH\index.php(56): CodeIgniter\Boot::bootWeb(Object(Config\Paths))
CRITICAL - 2024-07-19 15:54:18 --> [Caused by] mysqli_sql_exception: Unknown column 'debit' in 'field list'
in SYSTEMPATH\Database\MySQLi\Connection.php on line 310.
 1 SYSTEMPATH\Database\MySQLi\Connection.php(310): mysqli->query('SELECT `debit`, `kredit`, `saldo_normal`, `saldo_awal`
FROM `tb_akun_pembantu`
WHERE `id_akun_pembantu` = \'-- Pilih Akun Pembantu --\'', 0)
 2 SYSTEMPATH\Database\BaseConnection.php(732): CodeIgniter\Database\MySQLi\Connection->execute('SELECT `debit`, `kredit`, `saldo_normal`, `saldo_awal`
FROM `tb_akun_pembantu`
WHERE `id_akun_pembantu` = \'-- Pilih Akun Pembantu --\'')
 3 SYSTEMPATH\Database\BaseConnection.php(646): CodeIgniter\Database\BaseConnection->simpleQuery('SELECT `debit`, `kredit`, `saldo_normal`, `saldo_awal`
FROM `tb_akun_pembantu`
WHERE `id_akun_pembantu` = \'-- Pilih Akun Pembantu --\'')
 4 SYSTEMPATH\Database\BaseBuilder.php(1637): CodeIgniter\Database\BaseConnection->query('SELECT `debit`, `kredit`, `saldo_normal`, `saldo_awal`
FROM `tb_akun_pembantu`
WHERE `id_akun_pembantu` = :id_akun_pembantu:', [...], false)
 5 APPPATH\Controllers\Akuntansi.php(282): CodeIgniter\Database\BaseBuilder->get()
 6 SYSTEMPATH\CodeIgniter.php(933): App\Controllers\Akuntansi->cariDataBantu()
 7 SYSTEMPATH\CodeIgniter.php(509): CodeIgniter\CodeIgniter->runController(Object(App\Controllers\Akuntansi))
 8 SYSTEMPATH\CodeIgniter.php(355): CodeIgniter\CodeIgniter->handleRequest(null, Object(Config\Cache), false)
 9 SYSTEMPATH\Boot.php(325): CodeIgniter\CodeIgniter->run()
10 SYSTEMPATH\Boot.php(67): CodeIgniter\Boot::runCodeIgniter(Object(CodeIgniter\CodeIgniter))
11 FCPATH\index.php(56): CodeIgniter\Boot::bootWeb(Object(Config\Paths))
INFO - 2024-07-19 16:03:09 --> Session: Class initialized using 'CodeIgniter\Session\Handlers\FileHandler' driver.
INFO - 2024-07-19 16:03:14 --> Session: Class initialized using 'CodeIgniter\Session\Handlers\FileHandler' driver.
ERROR - 2024-07-19 16:03:14 --> mysqli_sql_exception: Unknown column 'debit' in 'field list' in C:\xampp\htdocs\koperasi\system\Database\MySQLi\Connection.php:310
Stack trace:
#0 C:\xampp\htdocs\koperasi\system\Database\MySQLi\Connection.php(310): mysqli->query('SELECT `debit`,...', 0)
#1 C:\xampp\htdocs\koperasi\system\Database\BaseConnection.php(732): CodeIgniter\Database\MySQLi\Connection->execute('SELECT `debit`,...')
#2 C:\xampp\htdocs\koperasi\system\Database\BaseConnection.php(646): CodeIgniter\Database\BaseConnection->simpleQuery('SELECT `debit`,...')
#3 C:\xampp\htdocs\koperasi\system\Database\BaseBuilder.php(1637): CodeIgniter\Database\BaseConnection->query('SELECT `debit`,...', Array, false)
#4 C:\xampp\htdocs\koperasi\app\Controllers\Akuntansi.php(282): CodeIgniter\Database\BaseBuilder->get()
#5 C:\xampp\htdocs\koperasi\system\CodeIgniter.php(933): App\Controllers\Akuntansi->cariDataBantu()
#6 C:\xampp\htdocs\koperasi\system\CodeIgniter.php(509): CodeIgniter\CodeIgniter->runController(Object(App\Controllers\Akuntansi))
#7 C:\xampp\htdocs\koperasi\system\CodeIgniter.php(355): CodeIgniter\CodeIgniter->handleRequest(NULL, Object(Config\Cache), false)
#8 C:\xampp\htdocs\koperasi\system\Boot.php(325): CodeIgniter\CodeIgniter->run()
#9 C:\xampp\htdocs\koperasi\system\Boot.php(67): CodeIgniter\Boot::runCodeIgniter(Object(CodeIgniter\CodeIgniter))
#10 C:\xampp\htdocs\koperasi\index.php(56): CodeIgniter\Boot::bootWeb(Object(Config\Paths))
#11 {main}
CRITICAL - 2024-07-19 16:03:14 --> CodeIgniter\Database\Exceptions\DatabaseException: Unknown column 'debit' in 'field list'
[Method: POST, Route: pengurus/akuntansi/buku_pembantu/cariData]
in SYSTEMPATH\Database\BaseConnection.php on line 686.
 1 SYSTEMPATH\Database\BaseBuilder.php(1637): CodeIgniter\Database\BaseConnection->query('SELECT `debit`, `kredit`, `saldo_normal`, `saldo_awal`
FROM `tb_akun_pembantu`
WHERE `id_akun_pembantu` = :id_akun_pembantu:', [...], false)
 2 APPPATH\Controllers\Akuntansi.php(282): CodeIgniter\Database\BaseBuilder->get()
 3 SYSTEMPATH\CodeIgniter.php(933): App\Controllers\Akuntansi->cariDataBantu()
 4 SYSTEMPATH\CodeIgniter.php(509): CodeIgniter\CodeIgniter->runController(Object(App\Controllers\Akuntansi))
 5 SYSTEMPATH\CodeIgniter.php(355): CodeIgniter\CodeIgniter->handleRequest(null, Object(Config\Cache), false)
 6 SYSTEMPATH\Boot.php(325): CodeIgniter\CodeIgniter->run()
 7 SYSTEMPATH\Boot.php(67): CodeIgniter\Boot::runCodeIgniter(Object(CodeIgniter\CodeIgniter))
 8 FCPATH\index.php(56): CodeIgniter\Boot::bootWeb(Object(Config\Paths))
CRITICAL - 2024-07-19 16:03:14 --> [Caused by] CodeIgniter\Database\Exceptions\DatabaseException: Unknown column 'debit' in 'field list'
in SYSTEMPATH\Database\MySQLi\Connection.php on line 315.
 1 SYSTEMPATH\Database\BaseConnection.php(732): CodeIgniter\Database\MySQLi\Connection->execute('SELECT `debit`, `kredit`, `saldo_normal`, `saldo_awal`
FROM `tb_akun_pembantu`
WHERE `id_akun_pembantu` = \'1\'')
 2 SYSTEMPATH\Database\BaseConnection.php(646): CodeIgniter\Database\BaseConnection->simpleQuery('SELECT `debit`, `kredit`, `saldo_normal`, `saldo_awal`
FROM `tb_akun_pembantu`
WHERE `id_akun_pembantu` = \'1\'')
 3 SYSTEMPATH\Database\BaseBuilder.php(1637): CodeIgniter\Database\BaseConnection->query('SELECT `debit`, `kredit`, `saldo_normal`, `saldo_awal`
FROM `tb_akun_pembantu`
WHERE `id_akun_pembantu` = :id_akun_pembantu:', [...], false)
 4 APPPATH\Controllers\Akuntansi.php(282): CodeIgniter\Database\BaseBuilder->get()
 5 SYSTEMPATH\CodeIgniter.php(933): App\Controllers\Akuntansi->cariDataBantu()
 6 SYSTEMPATH\CodeIgniter.php(509): CodeIgniter\CodeIgniter->runController(Object(App\Controllers\Akuntansi))
 7 SYSTEMPATH\CodeIgniter.php(355): CodeIgniter\CodeIgniter->handleRequest(null, Object(Config\Cache), false)
 8 SYSTEMPATH\Boot.php(325): CodeIgniter\CodeIgniter->run()
 9 SYSTEMPATH\Boot.php(67): CodeIgniter\Boot::runCodeIgniter(Object(CodeIgniter\CodeIgniter))
10 FCPATH\index.php(56): CodeIgniter\Boot::bootWeb(Object(Config\Paths))
CRITICAL - 2024-07-19 16:03:14 --> [Caused by] mysqli_sql_exception: Unknown column 'debit' in 'field list'
in SYSTEMPATH\Database\MySQLi\Connection.php on line 310.
 1 SYSTEMPATH\Database\MySQLi\Connection.php(310): mysqli->query('SELECT `debit`, `kredit`, `saldo_normal`, `saldo_awal`
FROM `tb_akun_pembantu`
WHERE `id_akun_pembantu` = \'1\'', 0)
 2 SYSTEMPATH\Database\BaseConnection.php(732): CodeIgniter\Database\MySQLi\Connection->execute('SELECT `debit`, `kredit`, `saldo_normal`, `saldo_awal`
FROM `tb_akun_pembantu`
WHERE `id_akun_pembantu` = \'1\'')
 3 SYSTEMPATH\Database\BaseConnection.php(646): CodeIgniter\Database\BaseConnection->simpleQuery('SELECT `debit`, `kredit`, `saldo_normal`, `saldo_awal`
FROM `tb_akun_pembantu`
WHERE `id_akun_pembantu` = \'1\'')
 4 SYSTEMPATH\Database\BaseBuilder.php(1637): CodeIgniter\Database\BaseConnection->query('SELECT `debit`, `kredit`, `saldo_normal`, `saldo_awal`
FROM `tb_akun_pembantu`
WHERE `id_akun_pembantu` = :id_akun_pembantu:', [...], false)
 5 APPPATH\Controllers\Akuntansi.php(282): CodeIgniter\Database\BaseBuilder->get()
 6 SYSTEMPATH\CodeIgniter.php(933): App\Controllers\Akuntansi->cariDataBantu()
 7 SYSTEMPATH\CodeIgniter.php(509): CodeIgniter\CodeIgniter->runController(Object(App\Controllers\Akuntansi))
 8 SYSTEMPATH\CodeIgniter.php(355): CodeIgniter\CodeIgniter->handleRequest(null, Object(Config\Cache), false)
 9 SYSTEMPATH\Boot.php(325): CodeIgniter\CodeIgniter->run()
10 SYSTEMPATH\Boot.php(67): CodeIgniter\Boot::runCodeIgniter(Object(CodeIgniter\CodeIgniter))
11 FCPATH\index.php(56): CodeIgniter\Boot::bootWeb(Object(Config\Paths))
INFO - 2024-07-19 16:04:09 --> Session: Class initialized using 'CodeIgniter\Session\Handlers\FileHandler' driver.
INFO - 2024-07-19 16:04:17 --> Session: Class initialized using 'CodeIgniter\Session\Handlers\FileHandler' driver.
ERROR - 2024-07-19 16:04:17 --> mysqli_sql_exception: Unknown column 'debit' in 'field list' in C:\xampp\htdocs\koperasi\system\Database\MySQLi\Connection.php:310
Stack trace:
#0 C:\xampp\htdocs\koperasi\system\Database\MySQLi\Connection.php(310): mysqli->query('SELECT `debit`,...', 0)
#1 C:\xampp\htdocs\koperasi\system\Database\BaseConnection.php(732): CodeIgniter\Database\MySQLi\Connection->execute('SELECT `debit`,...')
#2 C:\xampp\htdocs\koperasi\system\Database\BaseConnection.php(646): CodeIgniter\Database\BaseConnection->simpleQuery('SELECT `debit`,...')
#3 C:\xampp\htdocs\koperasi\system\Database\BaseBuilder.php(1637): CodeIgniter\Database\BaseConnection->query('SELECT `debit`,...', Array, false)
#4 C:\xampp\htdocs\koperasi\app\Controllers\Akuntansi.php(282): CodeIgniter\Database\BaseBuilder->get()
#5 C:\xampp\htdocs\koperasi\system\CodeIgniter.php(933): App\Controllers\Akuntansi->cariDataBantu()
#6 C:\xampp\htdocs\koperasi\system\CodeIgniter.php(509): CodeIgniter\CodeIgniter->runController(Object(App\Controllers\Akuntansi))
#7 C:\xampp\htdocs\koperasi\system\CodeIgniter.php(355): CodeIgniter\CodeIgniter->handleRequest(NULL, Object(Config\Cache), false)
#8 C:\xampp\htdocs\koperasi\system\Boot.php(325): CodeIgniter\CodeIgniter->run()
#9 C:\xampp\htdocs\koperasi\system\Boot.php(67): CodeIgniter\Boot::runCodeIgniter(Object(CodeIgniter\CodeIgniter))
#10 C:\xampp\htdocs\koperasi\index.php(56): CodeIgniter\Boot::bootWeb(Object(Config\Paths))
#11 {main}
CRITICAL - 2024-07-19 16:04:17 --> CodeIgniter\Database\Exceptions\DatabaseException: Unknown column 'debit' in 'field list'
[Method: POST, Route: pengurus/akuntansi/buku_pembantu/cariData]
in SYSTEMPATH\Database\BaseConnection.php on line 686.
 1 SYSTEMPATH\Database\BaseBuilder.php(1637): CodeIgniter\Database\BaseConnection->query('SELECT `debit`, `kredit`, `saldo_normal`, `saldo_awal`
FROM `tb_akun_pembantu`
WHERE `id_akun_pembantu` = :id_akun_pembantu:', [...], false)
 2 APPPATH\Controllers\Akuntansi.php(282): CodeIgniter\Database\BaseBuilder->get()
 3 SYSTEMPATH\CodeIgniter.php(933): App\Controllers\Akuntansi->cariDataBantu()
 4 SYSTEMPATH\CodeIgniter.php(509): CodeIgniter\CodeIgniter->runController(Object(App\Controllers\Akuntansi))
 5 SYSTEMPATH\CodeIgniter.php(355): CodeIgniter\CodeIgniter->handleRequest(null, Object(Config\Cache), false)
 6 SYSTEMPATH\Boot.php(325): CodeIgniter\CodeIgniter->run()
 7 SYSTEMPATH\Boot.php(67): CodeIgniter\Boot::runCodeIgniter(Object(CodeIgniter\CodeIgniter))
 8 FCPATH\index.php(56): CodeIgniter\Boot::bootWeb(Object(Config\Paths))
CRITICAL - 2024-07-19 16:04:17 --> [Caused by] CodeIgniter\Database\Exceptions\DatabaseException: Unknown column 'debit' in 'field list'
in SYSTEMPATH\Database\MySQLi\Connection.php on line 315.
 1 SYSTEMPATH\Database\BaseConnection.php(732): CodeIgniter\Database\MySQLi\Connection->execute('SELECT `debit`, `kredit`, `saldo_normal`, `saldo_awal`
FROM `tb_akun_pembantu`
WHERE `id_akun_pembantu` = \'1\'')
 2 SYSTEMPATH\Database\BaseConnection.php(646): CodeIgniter\Database\BaseConnection->simpleQuery('SELECT `debit`, `kredit`, `saldo_normal`, `saldo_awal`
FROM `tb_akun_pembantu`
WHERE `id_akun_pembantu` = \'1\'')
 3 SYSTEMPATH\Database\BaseBuilder.php(1637): CodeIgniter\Database\BaseConnection->query('SELECT `debit`, `kredit`, `saldo_normal`, `saldo_awal`
FROM `tb_akun_pembantu`
WHERE `id_akun_pembantu` = :id_akun_pembantu:', [...], false)
 4 APPPATH\Controllers\Akuntansi.php(282): CodeIgniter\Database\BaseBuilder->get()
 5 SYSTEMPATH\CodeIgniter.php(933): App\Controllers\Akuntansi->cariDataBantu()
 6 SYSTEMPATH\CodeIgniter.php(509): CodeIgniter\CodeIgniter->runController(Object(App\Controllers\Akuntansi))
 7 SYSTEMPATH\CodeIgniter.php(355): CodeIgniter\CodeIgniter->handleRequest(null, Object(Config\Cache), false)
 8 SYSTEMPATH\Boot.php(325): CodeIgniter\CodeIgniter->run()
 9 SYSTEMPATH\Boot.php(67): CodeIgniter\Boot::runCodeIgniter(Object(CodeIgniter\CodeIgniter))
10 FCPATH\index.php(56): CodeIgniter\Boot::bootWeb(Object(Config\Paths))
CRITICAL - 2024-07-19 16:04:17 --> [Caused by] mysqli_sql_exception: Unknown column 'debit' in 'field list'
in SYSTEMPATH\Database\MySQLi\Connection.php on line 310.
 1 SYSTEMPATH\Database\MySQLi\Connection.php(310): mysqli->query('SELECT `debit`, `kredit`, `saldo_normal`, `saldo_awal`
FROM `tb_akun_pembantu`
WHERE `id_akun_pembantu` = \'1\'', 0)
 2 SYSTEMPATH\Database\BaseConnection.php(732): CodeIgniter\Database\MySQLi\Connection->execute('SELECT `debit`, `kredit`, `saldo_normal`, `saldo_awal`
FROM `tb_akun_pembantu`
WHERE `id_akun_pembantu` = \'1\'')
 3 SYSTEMPATH\Database\BaseConnection.php(646): CodeIgniter\Database\BaseConnection->simpleQuery('SELECT `debit`, `kredit`, `saldo_normal`, `saldo_awal`
FROM `tb_akun_pembantu`
WHERE `id_akun_pembantu` = \'1\'')
 4 SYSTEMPATH\Database\BaseBuilder.php(1637): CodeIgniter\Database\BaseConnection->query('SELECT `debit`, `kredit`, `saldo_normal`, `saldo_awal`
FROM `tb_akun_pembantu`
WHERE `id_akun_pembantu` = :id_akun_pembantu:', [...], false)
 5 APPPATH\Controllers\Akuntansi.php(282): CodeIgniter\Database\BaseBuilder->get()
 6 SYSTEMPATH\CodeIgniter.php(933): App\Controllers\Akuntansi->cariDataBantu()
 7 SYSTEMPATH\CodeIgniter.php(509): CodeIgniter\CodeIgniter->runController(Object(App\Controllers\Akuntansi))
 8 SYSTEMPATH\CodeIgniter.php(355): CodeIgniter\CodeIgniter->handleRequest(null, Object(Config\Cache), false)
 9 SYSTEMPATH\Boot.php(325): CodeIgniter\CodeIgniter->run()
10 SYSTEMPATH\Boot.php(67): CodeIgniter\Boot::runCodeIgniter(Object(CodeIgniter\CodeIgniter))
11 FCPATH\index.php(56): CodeIgniter\Boot::bootWeb(Object(Config\Paths))
INFO - 2024-07-19 16:07:51 --> Session: Class initialized using 'CodeIgniter\Session\Handlers\FileHandler' driver.
INFO - 2024-07-19 16:07:56 --> Session: Class initialized using 'CodeIgniter\Session\Handlers\FileHandler' driver.
ERROR - 2024-07-19 16:07:56 --> mysqli_sql_exception: Unknown column 'debit' in 'field list' in C:\xampp\htdocs\koperasi\system\Database\MySQLi\Connection.php:310
Stack trace:
#0 C:\xampp\htdocs\koperasi\system\Database\MySQLi\Connection.php(310): mysqli->query('SELECT `debit`,...', 0)
#1 C:\xampp\htdocs\koperasi\system\Database\BaseConnection.php(732): CodeIgniter\Database\MySQLi\Connection->execute('SELECT `debit`,...')
#2 C:\xampp\htdocs\koperasi\system\Database\BaseConnection.php(646): CodeIgniter\Database\BaseConnection->simpleQuery('SELECT `debit`,...')
#3 C:\xampp\htdocs\koperasi\system\Database\BaseBuilder.php(1637): CodeIgniter\Database\BaseConnection->query('SELECT `debit`,...', Array, false)
#4 C:\xampp\htdocs\koperasi\app\Controllers\Akuntansi.php(288): CodeIgniter\Database\BaseBuilder->get()
#5 C:\xampp\htdocs\koperasi\system\CodeIgniter.php(933): App\Controllers\Akuntansi->cariDataBantu()
#6 C:\xampp\htdocs\koperasi\system\CodeIgniter.php(509): CodeIgniter\CodeIgniter->runController(Object(App\Controllers\Akuntansi))
#7 C:\xampp\htdocs\koperasi\system\CodeIgniter.php(355): CodeIgniter\CodeIgniter->handleRequest(NULL, Object(Config\Cache), false)
#8 C:\xampp\htdocs\koperasi\system\Boot.php(325): CodeIgniter\CodeIgniter->run()
#9 C:\xampp\htdocs\koperasi\system\Boot.php(67): CodeIgniter\Boot::runCodeIgniter(Object(CodeIgniter\CodeIgniter))
#10 C:\xampp\htdocs\koperasi\index.php(56): CodeIgniter\Boot::bootWeb(Object(Config\Paths))
#11 {main}
CRITICAL - 2024-07-19 16:07:56 --> CodeIgniter\Database\Exceptions\DatabaseException: Unknown column 'debit' in 'field list'
[Method: POST, Route: pengurus/akuntansi/buku_pembantu/cariData]
in SYSTEMPATH\Database\BaseConnection.php on line 686.
 1 SYSTEMPATH\Database\BaseBuilder.php(1637): CodeIgniter\Database\BaseConnection->query('SELECT `debit`, `kredit`, `saldo_normal`, `saldo_awal`
FROM `tb_akun_pembantu`
WHERE `id_akun_pembantu` = :id_akun_pembantu:', [...], false)
 2 APPPATH\Controllers\Akuntansi.php(288): CodeIgniter\Database\BaseBuilder->get()
 3 SYSTEMPATH\CodeIgniter.php(933): App\Controllers\Akuntansi->cariDataBantu()
 4 SYSTEMPATH\CodeIgniter.php(509): CodeIgniter\CodeIgniter->runController(Object(App\Controllers\Akuntansi))
 5 SYSTEMPATH\CodeIgniter.php(355): CodeIgniter\CodeIgniter->handleRequest(null, Object(Config\Cache), false)
 6 SYSTEMPATH\Boot.php(325): CodeIgniter\CodeIgniter->run()
 7 SYSTEMPATH\Boot.php(67): CodeIgniter\Boot::runCodeIgniter(Object(CodeIgniter\CodeIgniter))
 8 FCPATH\index.php(56): CodeIgniter\Boot::bootWeb(Object(Config\Paths))
CRITICAL - 2024-07-19 16:07:56 --> [Caused by] CodeIgniter\Database\Exceptions\DatabaseException: Unknown column 'debit' in 'field list'
in SYSTEMPATH\Database\MySQLi\Connection.php on line 315.
 1 SYSTEMPATH\Database\BaseConnection.php(732): CodeIgniter\Database\MySQLi\Connection->execute('SELECT `debit`, `kredit`, `saldo_normal`, `saldo_awal`
FROM `tb_akun_pembantu`
WHERE `id_akun_pembantu` = \'1\'')
 2 SYSTEMPATH\Database\BaseConnection.php(646): CodeIgniter\Database\BaseConnection->simpleQuery('SELECT `debit`, `kredit`, `saldo_normal`, `saldo_awal`
FROM `tb_akun_pembantu`
WHERE `id_akun_pembantu` = \'1\'')
 3 SYSTEMPATH\Database\BaseBuilder.php(1637): CodeIgniter\Database\BaseConnection->query('SELECT `debit`, `kredit`, `saldo_normal`, `saldo_awal`
FROM `tb_akun_pembantu`
WHERE `id_akun_pembantu` = :id_akun_pembantu:', [...], false)
 4 APPPATH\Controllers\Akuntansi.php(288): CodeIgniter\Database\BaseBuilder->get()
 5 SYSTEMPATH\CodeIgniter.php(933): App\Controllers\Akuntansi->cariDataBantu()
 6 SYSTEMPATH\CodeIgniter.php(509): CodeIgniter\CodeIgniter->runController(Object(App\Controllers\Akuntansi))
 7 SYSTEMPATH\CodeIgniter.php(355): CodeIgniter\CodeIgniter->handleRequest(null, Object(Config\Cache), false)
 8 SYSTEMPATH\Boot.php(325): CodeIgniter\CodeIgniter->run()
 9 SYSTEMPATH\Boot.php(67): CodeIgniter\Boot::runCodeIgniter(Object(CodeIgniter\CodeIgniter))
10 FCPATH\index.php(56): CodeIgniter\Boot::bootWeb(Object(Config\Paths))
CRITICAL - 2024-07-19 16:07:56 --> [Caused by] mysqli_sql_exception: Unknown column 'debit' in 'field list'
in SYSTEMPATH\Database\MySQLi\Connection.php on line 310.
 1 SYSTEMPATH\Database\MySQLi\Connection.php(310): mysqli->query('SELECT `debit`, `kredit`, `saldo_normal`, `saldo_awal`
FROM `tb_akun_pembantu`
WHERE `id_akun_pembantu` = \'1\'', 0)
 2 SYSTEMPATH\Database\BaseConnection.php(732): CodeIgniter\Database\MySQLi\Connection->execute('SELECT `debit`, `kredit`, `saldo_normal`, `saldo_awal`
FROM `tb_akun_pembantu`
WHERE `id_akun_pembantu` = \'1\'')
 3 SYSTEMPATH\Database\BaseConnection.php(646): CodeIgniter\Database\BaseConnection->simpleQuery('SELECT `debit`, `kredit`, `saldo_normal`, `saldo_awal`
FROM `tb_akun_pembantu`
WHERE `id_akun_pembantu` = \'1\'')
 4 SYSTEMPATH\Database\BaseBuilder.php(1637): CodeIgniter\Database\BaseConnection->query('SELECT `debit`, `kredit`, `saldo_normal`, `saldo_awal`
FROM `tb_akun_pembantu`
WHERE `id_akun_pembantu` = :id_akun_pembantu:', [...], false)
 5 APPPATH\Controllers\Akuntansi.php(288): CodeIgniter\Database\BaseBuilder->get()
 6 SYSTEMPATH\CodeIgniter.php(933): App\Controllers\Akuntansi->cariDataBantu()
 7 SYSTEMPATH\CodeIgniter.php(509): CodeIgniter\CodeIgniter->runController(Object(App\Controllers\Akuntansi))
 8 SYSTEMPATH\CodeIgniter.php(355): CodeIgniter\CodeIgniter->handleRequest(null, Object(Config\Cache), false)
 9 SYSTEMPATH\Boot.php(325): CodeIgniter\CodeIgniter->run()
10 SYSTEMPATH\Boot.php(67): CodeIgniter\Boot::runCodeIgniter(Object(CodeIgniter\CodeIgniter))
11 FCPATH\index.php(56): CodeIgniter\Boot::bootWeb(Object(Config\Paths))
INFO - 2024-07-19 16:09:26 --> Session: Class initialized using 'CodeIgniter\Session\Handlers\FileHandler' driver.
INFO - 2024-07-19 16:09:30 --> Session: Class initialized using 'CodeIgniter\Session\Handlers\FileHandler' driver.
INFO - 2024-07-19 16:12:33 --> Session: Class initialized using 'CodeIgniter\Session\Handlers\FileHandler' driver.
INFO - 2024-07-19 16:12:36 --> Session: Class initialized using 'CodeIgniter\Session\Handlers\FileHandler' driver.
INFO - 2024-07-19 16:13:33 --> Session: Class initialized using 'CodeIgniter\Session\Handlers\FileHandler' driver.
INFO - 2024-07-19 16:13:37 --> Session: Class initialized using 'CodeIgniter\Session\Handlers\FileHandler' driver.
INFO - 2024-07-19 16:40:44 --> Session: Class initialized using 'CodeIgniter\Session\Handlers\FileHandler' driver.
INFO - 2024-07-19 17:08:26 --> Session: Class initialized using 'CodeIgniter\Session\Handlers\FileHandler' driver.
CRITICAL - 2024-07-19 17:08:26 --> Error: Cannot use object of type stdClass as array
[Method: GET, Route: pengurus/akuntansi/neraca_lajur]
in APPPATH\Controllers\Akuntansi.php on line 339.
 1 SYSTEMPATH\CodeIgniter.php(933): App\Controllers\Akuntansi->index_neracalajur()
 2 SYSTEMPATH\CodeIgniter.php(509): CodeIgniter\CodeIgniter->runController(Object(App\Controllers\Akuntansi))
 3 SYSTEMPATH\CodeIgniter.php(355): CodeIgniter\CodeIgniter->handleRequest(null, Object(Config\Cache), false)
 4 SYSTEMPATH\Boot.php(325): CodeIgniter\CodeIgniter->run()
 5 SYSTEMPATH\Boot.php(67): CodeIgniter\Boot::runCodeIgniter(Object(CodeIgniter\CodeIgniter))
 6 FCPATH\index.php(56): CodeIgniter\Boot::bootWeb(Object(Config\Paths))
INFO - 2024-07-19 17:11:04 --> Session: Class initialized using 'CodeIgniter\Session\Handlers\FileHandler' driver.
CRITICAL - 2024-07-19 17:11:04 --> Error: Cannot use object of type stdClass as array
[Method: GET, Route: pengurus/akuntansi/neraca_lajur]
in APPPATH\Controllers\Akuntansi.php on line 341.
 1 SYSTEMPATH\CodeIgniter.php(933): App\Controllers\Akuntansi->index_neracalajur()
 2 SYSTEMPATH\CodeIgniter.php(509): CodeIgniter\CodeIgniter->runController(Object(App\Controllers\Akuntansi))
 3 SYSTEMPATH\CodeIgniter.php(355): CodeIgniter\CodeIgniter->handleRequest(null, Object(Config\Cache), false)
 4 SYSTEMPATH\Boot.php(325): CodeIgniter\CodeIgniter->run()
 5 SYSTEMPATH\Boot.php(67): CodeIgniter\Boot::runCodeIgniter(Object(CodeIgniter\CodeIgniter))
 6 FCPATH\index.php(56): CodeIgniter\Boot::bootWeb(Object(Config\Paths))
INFO - 2024-07-19 17:12:41 --> Session: Class initialized using 'CodeIgniter\Session\Handlers\FileHandler' driver.
INFO - 2024-07-19 17:14:04 --> Session: Class initialized using 'CodeIgniter\Session\Handlers\FileHandler' driver.
INFO - 2024-07-19 17:17:18 --> Session: Class initialized using 'CodeIgniter\Session\Handlers\FileHandler' driver.
INFO - 2024-07-19 17:18:07 --> Session: Class initialized using 'CodeIgniter\Session\Handlers\FileHandler' driver.
INFO - 2024-07-19 17:28:52 --> Session: Class initialized using 'CodeIgniter\Session\Handlers\FileHandler' driver.
CRITICAL - 2024-07-19 17:28:52 --> ErrorException: Undefined variable $neracaKredit
[Method: GET, Route: pengurus/akuntansi/neraca_lajur]
in APPPATH\Controllers\Akuntansi.php on line 371.
 1 APPPATH\Controllers\Akuntansi.php(371): CodeIgniter\Debug\Exceptions->errorHandler(2, 'Undefined variable $neracaKredit', 'C:\\xampp\\htdocs\\koperasi\\app\\Controllers\\Akuntansi.php', 371)
 2 SYSTEMPATH\CodeIgniter.php(933): App\Controllers\Akuntansi->index_neracalajur()
 3 SYSTEMPATH\CodeIgniter.php(509): CodeIgniter\CodeIgniter->runController(Object(App\Controllers\Akuntansi))
 4 SYSTEMPATH\CodeIgniter.php(355): CodeIgniter\CodeIgniter->handleRequest(null, Object(Config\Cache), false)
 5 SYSTEMPATH\Boot.php(325): CodeIgniter\CodeIgniter->run()
 6 SYSTEMPATH\Boot.php(67): CodeIgniter\Boot::runCodeIgniter(Object(CodeIgniter\CodeIgniter))
 7 FCPATH\index.php(56): CodeIgniter\Boot::bootWeb(Object(Config\Paths))
INFO - 2024-07-19 17:29:52 --> Session: Class initialized using 'CodeIgniter\Session\Handlers\FileHandler' driver.
INFO - 2024-07-19 17:34:20 --> Session: Class initialized using 'CodeIgniter\Session\Handlers\FileHandler' driver.
INFO - 2024-07-19 17:35:59 --> Session: Class initialized using 'CodeIgniter\Session\Handlers\FileHandler' driver.
INFO - 2024-07-19 17:43:03 --> Session: Class initialized using 'CodeIgniter\Session\Handlers\FileHandler' driver.
INFO - 2024-07-19 17:43:03 --> Session: Class initialized using 'CodeIgniter\Session\Handlers\FileHandler' driver.
