INFO - 2024-07-15 00:03:19 --> Session: Class initialized using 'CodeIgniter\Session\Handlers\FileHandler' driver.
INFO - 2024-07-15 00:03:20 --> Session: Class initialized using 'CodeIgniter\Session\Handlers\FileHandler' driver.
INFO - 2024-07-15 00:42:52 --> Session: Class initialized using 'CodeIgniter\Session\Handlers\FileHandler' driver.
INFO - 2024-07-15 00:42:52 --> Session: Class initialized using 'CodeIgniter\Session\Handlers\FileHandler' driver.
INFO - 2024-07-15 00:43:00 --> Session: Class initialized using 'CodeIgniter\Session\Handlers\FileHandler' driver.
INFO - 2024-07-15 00:43:01 --> Session: Class initialized using 'CodeIgniter\Session\Handlers\FileHandler' driver.
INFO - 2024-07-15 00:45:12 --> Session: Class initialized using 'CodeIgniter\Session\Handlers\FileHandler' driver.
INFO - 2024-07-15 00:45:12 --> Session: Class initialized using 'CodeIgniter\Session\Handlers\FileHandler' driver.
INFO - 2024-07-15 00:45:16 --> Session: Class initialized using 'CodeIgniter\Session\Handlers\FileHandler' driver.
INFO - 2024-07-15 00:46:13 --> Session: Class initialized using 'CodeIgniter\Session\Handlers\FileHandler' driver.
INFO - 2024-07-15 00:47:02 --> Session: Class initialized using 'CodeIgniter\Session\Handlers\FileHandler' driver.
INFO - 2024-07-15 00:47:21 --> Session: Class initialized using 'CodeIgniter\Session\Handlers\FileHandler' driver.
INFO - 2024-07-15 00:47:27 --> Session: Class initialized using 'CodeIgniter\Session\Handlers\FileHandler' driver.
INFO - 2024-07-15 00:47:33 --> Session: Class initialized using 'CodeIgniter\Session\Handlers\FileHandler' driver.
INFO - 2024-07-15 00:49:46 --> Session: Class initialized using 'CodeIgniter\Session\Handlers\FileHandler' driver.
INFO - 2024-07-15 00:49:52 --> Session: Class initialized using 'CodeIgniter\Session\Handlers\FileHandler' driver.
ERROR - 2024-07-15 00:49:52 --> mysqli_sql_exception: Unknown column 'debit' in 'field list' in C:\xampp\htdocs\koperasi\system\Database\MySQLi\Connection.php:310
Stack trace:
#0 C:\xampp\htdocs\koperasi\system\Database\MySQLi\Connection.php(310): mysqli->query('SELECT `debit`,...', 0)
#1 C:\xampp\htdocs\koperasi\system\Database\BaseConnection.php(732): CodeIgniter\Database\MySQLi\Connection->execute('SELECT `debit`,...')
#2 C:\xampp\htdocs\koperasi\system\Database\BaseConnection.php(646): CodeIgniter\Database\BaseConnection->simpleQuery('SELECT `debit`,...')
#3 C:\xampp\htdocs\koperasi\system\Database\BaseBuilder.php(1637): CodeIgniter\Database\BaseConnection->query('SELECT `debit`,...', Array, false)
#4 C:\xampp\htdocs\koperasi\app\Controllers\Akuntansi.php(269): CodeIgniter\Database\BaseBuilder->get()
#5 C:\xampp\htdocs\koperasi\system\CodeIgniter.php(933): App\Controllers\Akuntansi->cariDataBantu()
#6 C:\xampp\htdocs\koperasi\system\CodeIgniter.php(509): CodeIgniter\CodeIgniter->runController(Object(App\Controllers\Akuntansi))
#7 C:\xampp\htdocs\koperasi\system\CodeIgniter.php(355): CodeIgniter\CodeIgniter->handleRequest(NULL, Object(Config\Cache), false)
#8 C:\xampp\htdocs\koperasi\system\Boot.php(325): CodeIgniter\CodeIgniter->run()
#9 C:\xampp\htdocs\koperasi\system\Boot.php(67): CodeIgniter\Boot::runCodeIgniter(Object(CodeIgniter\CodeIgniter))
#10 C:\xampp\htdocs\koperasi\index.php(56): CodeIgniter\Boot::bootWeb(Object(Config\Paths))
#11 {main}
CRITICAL - 2024-07-15 00:49:52 --> CodeIgniter\Database\Exceptions\DatabaseException: Unknown column 'debit' in 'field list'
[Method: POST, Route: pengurus/akuntansi/buku_pembantu/cariData]
in SYSTEMPATH\Database\BaseConnection.php on line 686.
 1 SYSTEMPATH\Database\BaseBuilder.php(1637): CodeIgniter\Database\BaseConnection->query('SELECT `debit`, `kredit`, `saldo_normal`, `saldo_awal`
FROM `tb_akun_pembantu`
WHERE `id_akun_pembantu` = :id_akun_pembantu:', [...], false)
 2 APPPATH\Controllers\Akuntansi.php(269): CodeIgniter\Database\BaseBuilder->get()
 3 SYSTEMPATH\CodeIgniter.php(933): App\Controllers\Akuntansi->cariDataBantu()
 4 SYSTEMPATH\CodeIgniter.php(509): CodeIgniter\CodeIgniter->runController(Object(App\Controllers\Akuntansi))
 5 SYSTEMPATH\CodeIgniter.php(355): CodeIgniter\CodeIgniter->handleRequest(null, Object(Config\Cache), false)
 6 SYSTEMPATH\Boot.php(325): CodeIgniter\CodeIgniter->run()
 7 SYSTEMPATH\Boot.php(67): CodeIgniter\Boot::runCodeIgniter(Object(CodeIgniter\CodeIgniter))
 8 FCPATH\index.php(56): CodeIgniter\Boot::bootWeb(Object(Config\Paths))
CRITICAL - 2024-07-15 00:49:52 --> [Caused by] CodeIgniter\Database\Exceptions\DatabaseException: Unknown column 'debit' in 'field list'
in SYSTEMPATH\Database\MySQLi\Connection.php on line 315.
 1 SYSTEMPATH\Database\BaseConnection.php(732): CodeIgniter\Database\MySQLi\Connection->execute('SELECT `debit`, `kredit`, `saldo_normal`, `saldo_awal`
FROM `tb_akun_pembantu`
WHERE `id_akun_pembantu` = \'1\'')
 2 SYSTEMPATH\Database\BaseConnection.php(646): CodeIgniter\Database\BaseConnection->simpleQuery('SELECT `debit`, `kredit`, `saldo_normal`, `saldo_awal`
FROM `tb_akun_pembantu`
WHERE `id_akun_pembantu` = \'1\'')
 3 SYSTEMPATH\Database\BaseBuilder.php(1637): CodeIgniter\Database\BaseConnection->query('SELECT `debit`, `kredit`, `saldo_normal`, `saldo_awal`
FROM `tb_akun_pembantu`
WHERE `id_akun_pembantu` = :id_akun_pembantu:', [...], false)
 4 APPPATH\Controllers\Akuntansi.php(269): CodeIgniter\Database\BaseBuilder->get()
 5 SYSTEMPATH\CodeIgniter.php(933): App\Controllers\Akuntansi->cariDataBantu()
 6 SYSTEMPATH\CodeIgniter.php(509): CodeIgniter\CodeIgniter->runController(Object(App\Controllers\Akuntansi))
 7 SYSTEMPATH\CodeIgniter.php(355): CodeIgniter\CodeIgniter->handleRequest(null, Object(Config\Cache), false)
 8 SYSTEMPATH\Boot.php(325): CodeIgniter\CodeIgniter->run()
 9 SYSTEMPATH\Boot.php(67): CodeIgniter\Boot::runCodeIgniter(Object(CodeIgniter\CodeIgniter))
10 FCPATH\index.php(56): CodeIgniter\Boot::bootWeb(Object(Config\Paths))
CRITICAL - 2024-07-15 00:49:52 --> [Caused by] mysqli_sql_exception: Unknown column 'debit' in 'field list'
in SYSTEMPATH\Database\MySQLi\Connection.php on line 310.
 1 SYSTEMPATH\Database\MySQLi\Connection.php(310): mysqli->query('SELECT `debit`, `kredit`, `saldo_normal`, `saldo_awal`
FROM `tb_akun_pembantu`
WHERE `id_akun_pembantu` = \'1\'', 0)
 2 SYSTEMPATH\Database\BaseConnection.php(732): CodeIgniter\Database\MySQLi\Connection->execute('SELECT `debit`, `kredit`, `saldo_normal`, `saldo_awal`
FROM `tb_akun_pembantu`
WHERE `id_akun_pembantu` = \'1\'')
 3 SYSTEMPATH\Database\BaseConnection.php(646): CodeIgniter\Database\BaseConnection->simpleQuery('SELECT `debit`, `kredit`, `saldo_normal`, `saldo_awal`
FROM `tb_akun_pembantu`
WHERE `id_akun_pembantu` = \'1\'')
 4 SYSTEMPATH\Database\BaseBuilder.php(1637): CodeIgniter\Database\BaseConnection->query('SELECT `debit`, `kredit`, `saldo_normal`, `saldo_awal`
FROM `tb_akun_pembantu`
WHERE `id_akun_pembantu` = :id_akun_pembantu:', [...], false)
 5 APPPATH\Controllers\Akuntansi.php(269): CodeIgniter\Database\BaseBuilder->get()
 6 SYSTEMPATH\CodeIgniter.php(933): App\Controllers\Akuntansi->cariDataBantu()
 7 SYSTEMPATH\CodeIgniter.php(509): CodeIgniter\CodeIgniter->runController(Object(App\Controllers\Akuntansi))
 8 SYSTEMPATH\CodeIgniter.php(355): CodeIgniter\CodeIgniter->handleRequest(null, Object(Config\Cache), false)
 9 SYSTEMPATH\Boot.php(325): CodeIgniter\CodeIgniter->run()
10 SYSTEMPATH\Boot.php(67): CodeIgniter\Boot::runCodeIgniter(Object(CodeIgniter\CodeIgniter))
11 FCPATH\index.php(56): CodeIgniter\Boot::bootWeb(Object(Config\Paths))
INFO - 2024-07-15 00:55:42 --> Session: Class initialized using 'CodeIgniter\Session\Handlers\FileHandler' driver.
INFO - 2024-07-15 00:55:42 --> Session: Class initialized using 'CodeIgniter\Session\Handlers\FileHandler' driver.
INFO - 2024-07-15 01:26:35 --> Session: Class initialized using 'CodeIgniter\Session\Handlers\FileHandler' driver.
INFO - 2024-07-15 01:26:35 --> Session: Class initialized using 'CodeIgniter\Session\Handlers\FileHandler' driver.
INFO - 2024-07-15 01:26:43 --> Session: Class initialized using 'CodeIgniter\Session\Handlers\FileHandler' driver.
INFO - 2024-07-15 01:26:43 --> Session: Class initialized using 'CodeIgniter\Session\Handlers\FileHandler' driver.
INFO - 2024-07-15 01:26:51 --> Session: Class initialized using 'CodeIgniter\Session\Handlers\FileHandler' driver.
INFO - 2024-07-15 01:26:52 --> Session: Class initialized using 'CodeIgniter\Session\Handlers\FileHandler' driver.
INFO - 2024-07-15 01:26:54 --> Session: Class initialized using 'CodeIgniter\Session\Handlers\FileHandler' driver.
INFO - 2024-07-15 01:29:24 --> Session: Class initialized using 'CodeIgniter\Session\Handlers\FileHandler' driver.
INFO - 2024-07-15 01:29:34 --> Session: Class initialized using 'CodeIgniter\Session\Handlers\FileHandler' driver.
INFO - 2024-07-15 01:29:36 --> Session: Class initialized using 'CodeIgniter\Session\Handlers\FileHandler' driver.
INFO - 2024-07-15 01:29:39 --> Session: Class initialized using 'CodeIgniter\Session\Handlers\FileHandler' driver.
INFO - 2024-07-15 01:30:33 --> Session: Class initialized using 'CodeIgniter\Session\Handlers\FileHandler' driver.
INFO - 2024-07-15 01:30:37 --> Session: Class initialized using 'CodeIgniter\Session\Handlers\FileHandler' driver.
INFO - 2024-07-15 01:30:41 --> Session: Class initialized using 'CodeIgniter\Session\Handlers\FileHandler' driver.
INFO - 2024-07-15 01:31:22 --> Session: Class initialized using 'CodeIgniter\Session\Handlers\FileHandler' driver.
INFO - 2024-07-15 01:31:28 --> Session: Class initialized using 'CodeIgniter\Session\Handlers\FileHandler' driver.
INFO - 2024-07-15 01:31:56 --> Session: Class initialized using 'CodeIgniter\Session\Handlers\FileHandler' driver.
INFO - 2024-07-15 01:31:56 --> Session: Class initialized using 'CodeIgniter\Session\Handlers\FileHandler' driver.
INFO - 2024-07-15 01:31:57 --> Session: Class initialized using 'CodeIgniter\Session\Handlers\FileHandler' driver.
INFO - 2024-07-15 01:31:58 --> Session: Class initialized using 'CodeIgniter\Session\Handlers\FileHandler' driver.
INFO - 2024-07-15 01:32:12 --> Session: Class initialized using 'CodeIgniter\Session\Handlers\FileHandler' driver.
INFO - 2024-07-15 01:32:13 --> Session: Class initialized using 'CodeIgniter\Session\Handlers\FileHandler' driver.
INFO - 2024-07-15 01:33:40 --> Session: Class initialized using 'CodeIgniter\Session\Handlers\FileHandler' driver.
INFO - 2024-07-15 01:33:42 --> Session: Class initialized using 'CodeIgniter\Session\Handlers\FileHandler' driver.
INFO - 2024-07-15 01:33:44 --> Session: Class initialized using 'CodeIgniter\Session\Handlers\FileHandler' driver.
INFO - 2024-07-15 01:33:45 --> Session: Class initialized using 'CodeIgniter\Session\Handlers\FileHandler' driver.
CRITICAL - 2024-07-15 01:34:15 --> ParseError: syntax error, unexpected single-quoted string "pengurus/transaksi/*", expecting "]"
[Method: GET, Route: pengurus/transaksi/penjualan]
in APPPATH\Config\Filters.php on line 158.
 1 SYSTEMPATH\Autoloader\Autoloader.php(296): CodeIgniter\Autoloader\Autoloader->includeFile('C:\\xampp\\htdocs\\koperasi\\app\\Config\\Filters.php')
 2 SYSTEMPATH\Autoloader\Autoloader.php(272): CodeIgniter\Autoloader\Autoloader->loadInNamespace('Config\\Filters')
 3 [internal function]: CodeIgniter\Autoloader\Autoloader->loadClass('Config\\Filters')
 4 SYSTEMPATH\Config\Factories.php(297): class_exists('Config\\Filters')
 5 SYSTEMPATH\Config\Factories.php(216): CodeIgniter\Config\Factories::locateClass([...], 'Config\\Filters')
 6 SYSTEMPATH\Config\Factories.php(159): CodeIgniter\Config\Factories::getDefinedInstance([...], 'Config\\Filters', [])
 7 SYSTEMPATH\Config\Factories.php(188): CodeIgniter\Config\Factories::__callStatic('config', [])
 8 SYSTEMPATH\Common.php(207): CodeIgniter\Config\Factories::get('config', 'Config\\Filters')
 9 SYSTEMPATH\Config\Services.php(293): config('Config\\Filters')
10 SYSTEMPATH\Config\BaseService.php(311): CodeIgniter\Config\Services::filters(null, false)
11 SYSTEMPATH\Config\BaseService.php(250): CodeIgniter\Config\BaseService::__callStatic('filters', [...])
12 SYSTEMPATH\Config\Services.php(290): CodeIgniter\Config\BaseService::getSharedInstance('filters', null)
13 SYSTEMPATH\Config\BaseService.php(320): CodeIgniter\Config\Services::filters()
14 SYSTEMPATH\CodeIgniter.php(346): CodeIgniter\Config\BaseService::__callStatic('filters', [])
15 SYSTEMPATH\Boot.php(325): CodeIgniter\CodeIgniter->run()
16 SYSTEMPATH\Boot.php(67): CodeIgniter\Boot::runCodeIgniter(Object(CodeIgniter\CodeIgniter))
17 FCPATH\index.php(56): CodeIgniter\Boot::bootWeb(Object(Config\Paths))
INFO - 2024-07-15 01:34:27 --> Session: Class initialized using 'CodeIgniter\Session\Handlers\FileHandler' driver.
INFO - 2024-07-15 01:34:55 --> Session: Class initialized using 'CodeIgniter\Session\Handlers\FileHandler' driver.
INFO - 2024-07-15 01:34:58 --> Session: Class initialized using 'CodeIgniter\Session\Handlers\FileHandler' driver.
INFO - 2024-07-15 01:35:01 --> Session: Class initialized using 'CodeIgniter\Session\Handlers\FileHandler' driver.
INFO - 2024-07-15 01:35:06 --> Session: Class initialized using 'CodeIgniter\Session\Handlers\FileHandler' driver.
INFO - 2024-07-15 01:35:06 --> Session: Class initialized using 'CodeIgniter\Session\Handlers\FileHandler' driver.
INFO - 2024-07-15 01:35:17 --> Session: Class initialized using 'CodeIgniter\Session\Handlers\FileHandler' driver.
INFO - 2024-07-15 01:35:19 --> Session: Class initialized using 'CodeIgniter\Session\Handlers\FileHandler' driver.
INFO - 2024-07-15 01:36:04 --> Session: Class initialized using 'CodeIgniter\Session\Handlers\FileHandler' driver.
INFO - 2024-07-15 01:36:05 --> Session: Class initialized using 'CodeIgniter\Session\Handlers\FileHandler' driver.
INFO - 2024-07-15 01:36:14 --> Session: Class initialized using 'CodeIgniter\Session\Handlers\FileHandler' driver.
INFO - 2024-07-15 01:36:15 --> Session: Class initialized using 'CodeIgniter\Session\Handlers\FileHandler' driver.
INFO - 2024-07-15 02:21:38 --> Session: Class initialized using 'CodeIgniter\Session\Handlers\FileHandler' driver.
INFO - 2024-07-15 02:21:38 --> Session: Class initialized using 'CodeIgniter\Session\Handlers\FileHandler' driver.
INFO - 2024-07-15 02:22:00 --> Session: Class initialized using 'CodeIgniter\Session\Handlers\FileHandler' driver.
INFO - 2024-07-15 02:22:20 --> Session: Class initialized using 'CodeIgniter\Session\Handlers\FileHandler' driver.
INFO - 2024-07-15 02:22:22 --> Session: Class initialized using 'CodeIgniter\Session\Handlers\FileHandler' driver.
INFO - 2024-07-15 02:22:46 --> Session: Class initialized using 'CodeIgniter\Session\Handlers\FileHandler' driver.
INFO - 2024-07-15 02:32:58 --> Session: Class initialized using 'CodeIgniter\Session\Handlers\FileHandler' driver.
INFO - 2024-07-15 02:39:02 --> Session: Class initialized using 'CodeIgniter\Session\Handlers\FileHandler' driver.
CRITICAL - 2024-07-15 02:39:02 --> ErrorException: Undefined variable $agen
[Method: GET, Route: pengurus/akuntansi/akun/kelola]
in APPPATH\Views\pengurus\akuntansi\akun\v_kelola.php on line 71.
 1 APPPATH\Views\pengurus\akuntansi\akun\v_kelola.php(71): CodeIgniter\Debug\Exceptions->errorHandler(2, 'Undefined variable $agen', 'C:\\xampp\\htdocs\\koperasi\\app\\Views\\pengurus\\akuntansi\\akun\\v_kelola.php', 71)
 2 SYSTEMPATH\View\View.php(234): include('C:\\xampp\\htdocs\\koperasi\\app\\Views\\pengurus\\akuntansi\\akun\\v_kelola.php')
 3 SYSTEMPATH\View\View.php(237): CodeIgniter\View\View->CodeIgniter\View\{closure}()
 4 SYSTEMPATH\Common.php(1171): CodeIgniter\View\View->render('pengurus/akuntansi/akun/v_kelola', [], true)
 5 APPPATH\Views\pengurus\layout\v_content.php(4): view('pengurus/akuntansi/akun/v_kelola')
 6 SYSTEMPATH\View\View.php(234): include('C:\\xampp\\htdocs\\koperasi\\app\\Views\\pengurus\\layout\\v_content.php')
 7 SYSTEMPATH\View\View.php(237): CodeIgniter\View\View->CodeIgniter\View\{closure}()
 8 SYSTEMPATH\Common.php(1171): CodeIgniter\View\View->render('pengurus/layout/v_content', [], true)
 9 APPPATH\Views\pengurus\layout\v_wrapper.php(6): view('pengurus/layout/v_content')
10 SYSTEMPATH\View\View.php(234): include('C:\\xampp\\htdocs\\koperasi\\app\\Views\\pengurus\\layout\\v_wrapper.php')
11 SYSTEMPATH\View\View.php(237): CodeIgniter\View\View->CodeIgniter\View\{closure}()
12 SYSTEMPATH\Common.php(1171): CodeIgniter\View\View->render('pengurus/layout/v_wrapper', [], true)
13 APPPATH\Controllers\Akuntansi.php(52): view('pengurus/layout/v_wrapper', [...])
14 SYSTEMPATH\CodeIgniter.php(933): App\Controllers\Akuntansi->kelola_akun()
15 SYSTEMPATH\CodeIgniter.php(509): CodeIgniter\CodeIgniter->runController(Object(App\Controllers\Akuntansi))
16 SYSTEMPATH\CodeIgniter.php(355): CodeIgniter\CodeIgniter->handleRequest(null, Object(Config\Cache), false)
17 SYSTEMPATH\Boot.php(325): CodeIgniter\CodeIgniter->run()
18 SYSTEMPATH\Boot.php(67): CodeIgniter\Boot::runCodeIgniter(Object(CodeIgniter\CodeIgniter))
19 FCPATH\index.php(56): CodeIgniter\Boot::bootWeb(Object(Config\Paths))
INFO - 2024-07-15 02:39:46 --> Session: Class initialized using 'CodeIgniter\Session\Handlers\FileHandler' driver.
CRITICAL - 2024-07-15 02:39:46 --> ErrorException: Undefined variable $agen
[Method: GET, Route: pengurus/akuntansi/akun/kelola]
in APPPATH\Views\pengurus\akuntansi\akun\v_kelola.php on line 72.
 1 APPPATH\Views\pengurus\akuntansi\akun\v_kelola.php(72): CodeIgniter\Debug\Exceptions->errorHandler(2, 'Undefined variable $agen', 'C:\\xampp\\htdocs\\koperasi\\app\\Views\\pengurus\\akuntansi\\akun\\v_kelola.php', 72)
 2 SYSTEMPATH\View\View.php(234): include('C:\\xampp\\htdocs\\koperasi\\app\\Views\\pengurus\\akuntansi\\akun\\v_kelola.php')
 3 SYSTEMPATH\View\View.php(237): CodeIgniter\View\View->CodeIgniter\View\{closure}()
 4 SYSTEMPATH\Common.php(1171): CodeIgniter\View\View->render('pengurus/akuntansi/akun/v_kelola', [], true)
 5 APPPATH\Views\pengurus\layout\v_content.php(4): view('pengurus/akuntansi/akun/v_kelola')
 6 SYSTEMPATH\View\View.php(234): include('C:\\xampp\\htdocs\\koperasi\\app\\Views\\pengurus\\layout\\v_content.php')
 7 SYSTEMPATH\View\View.php(237): CodeIgniter\View\View->CodeIgniter\View\{closure}()
 8 SYSTEMPATH\Common.php(1171): CodeIgniter\View\View->render('pengurus/layout/v_content', [], true)
 9 APPPATH\Views\pengurus\layout\v_wrapper.php(6): view('pengurus/layout/v_content')
10 SYSTEMPATH\View\View.php(234): include('C:\\xampp\\htdocs\\koperasi\\app\\Views\\pengurus\\layout\\v_wrapper.php')
11 SYSTEMPATH\View\View.php(237): CodeIgniter\View\View->CodeIgniter\View\{closure}()
12 SYSTEMPATH\Common.php(1171): CodeIgniter\View\View->render('pengurus/layout/v_wrapper', [], true)
13 APPPATH\Controllers\Akuntansi.php(52): view('pengurus/layout/v_wrapper', [...])
14 SYSTEMPATH\CodeIgniter.php(933): App\Controllers\Akuntansi->kelola_akun()
15 SYSTEMPATH\CodeIgniter.php(509): CodeIgniter\CodeIgniter->runController(Object(App\Controllers\Akuntansi))
16 SYSTEMPATH\CodeIgniter.php(355): CodeIgniter\CodeIgniter->handleRequest(null, Object(Config\Cache), false)
17 SYSTEMPATH\Boot.php(325): CodeIgniter\CodeIgniter->run()
18 SYSTEMPATH\Boot.php(67): CodeIgniter\Boot::runCodeIgniter(Object(CodeIgniter\CodeIgniter))
19 FCPATH\index.php(56): CodeIgniter\Boot::bootWeb(Object(Config\Paths))
INFO - 2024-07-15 02:41:35 --> Session: Class initialized using 'CodeIgniter\Session\Handlers\FileHandler' driver.
CRITICAL - 2024-07-15 02:41:35 --> ErrorException: Undefined array key "id_agen"
[Method: GET, Route: pengurus/akuntansi/akun/kelola]
in APPPATH\Views\pengurus\akuntansi\akun\v_kelola.php on line 79.
 1 APPPATH\Views\pengurus\akuntansi\akun\v_kelola.php(79): CodeIgniter\Debug\Exceptions->errorHandler(2, 'Undefined array key "id_agen"', 'C:\\xampp\\htdocs\\koperasi\\app\\Views\\pengurus\\akuntansi\\akun\\v_kelola.php', 79)
 2 SYSTEMPATH\View\View.php(234): include('C:\\xampp\\htdocs\\koperasi\\app\\Views\\pengurus\\akuntansi\\akun\\v_kelola.php')
 3 SYSTEMPATH\View\View.php(237): CodeIgniter\View\View->CodeIgniter\View\{closure}()
 4 SYSTEMPATH\Common.php(1171): CodeIgniter\View\View->render('pengurus/akuntansi/akun/v_kelola', [], true)
 5 APPPATH\Views\pengurus\layout\v_content.php(4): view('pengurus/akuntansi/akun/v_kelola')
 6 SYSTEMPATH\View\View.php(234): include('C:\\xampp\\htdocs\\koperasi\\app\\Views\\pengurus\\layout\\v_content.php')
 7 SYSTEMPATH\View\View.php(237): CodeIgniter\View\View->CodeIgniter\View\{closure}()
 8 SYSTEMPATH\Common.php(1171): CodeIgniter\View\View->render('pengurus/layout/v_content', [], true)
 9 APPPATH\Views\pengurus\layout\v_wrapper.php(6): view('pengurus/layout/v_content')
10 SYSTEMPATH\View\View.php(234): include('C:\\xampp\\htdocs\\koperasi\\app\\Views\\pengurus\\layout\\v_wrapper.php')
11 SYSTEMPATH\View\View.php(237): CodeIgniter\View\View->CodeIgniter\View\{closure}()
12 SYSTEMPATH\Common.php(1171): CodeIgniter\View\View->render('pengurus/layout/v_wrapper', [], true)
13 APPPATH\Controllers\Akuntansi.php(52): view('pengurus/layout/v_wrapper', [...])
14 SYSTEMPATH\CodeIgniter.php(933): App\Controllers\Akuntansi->kelola_akun()
15 SYSTEMPATH\CodeIgniter.php(509): CodeIgniter\CodeIgniter->runController(Object(App\Controllers\Akuntansi))
16 SYSTEMPATH\CodeIgniter.php(355): CodeIgniter\CodeIgniter->handleRequest(null, Object(Config\Cache), false)
17 SYSTEMPATH\Boot.php(325): CodeIgniter\CodeIgniter->run()
18 SYSTEMPATH\Boot.php(67): CodeIgniter\Boot::runCodeIgniter(Object(CodeIgniter\CodeIgniter))
19 FCPATH\index.php(56): CodeIgniter\Boot::bootWeb(Object(Config\Paths))
INFO - 2024-07-15 02:41:59 --> Session: Class initialized using 'CodeIgniter\Session\Handlers\FileHandler' driver.
CRITICAL - 2024-07-15 02:41:59 --> ErrorException: Undefined array key "kd_agen"
[Method: GET, Route: pengurus/akuntansi/akun/kelola]
in APPPATH\Views\pengurus\akuntansi\akun\v_kelola.php on line 116.
 1 APPPATH\Views\pengurus\akuntansi\akun\v_kelola.php(116): CodeIgniter\Debug\Exceptions->errorHandler(2, 'Undefined array key "kd_agen"', 'C:\\xampp\\htdocs\\koperasi\\app\\Views\\pengurus\\akuntansi\\akun\\v_kelola.php', 116)
 2 SYSTEMPATH\View\View.php(234): include('C:\\xampp\\htdocs\\koperasi\\app\\Views\\pengurus\\akuntansi\\akun\\v_kelola.php')
 3 SYSTEMPATH\View\View.php(237): CodeIgniter\View\View->CodeIgniter\View\{closure}()
 4 SYSTEMPATH\Common.php(1171): CodeIgniter\View\View->render('pengurus/akuntansi/akun/v_kelola', [], true)
 5 APPPATH\Views\pengurus\layout\v_content.php(4): view('pengurus/akuntansi/akun/v_kelola')
 6 SYSTEMPATH\View\View.php(234): include('C:\\xampp\\htdocs\\koperasi\\app\\Views\\pengurus\\layout\\v_content.php')
 7 SYSTEMPATH\View\View.php(237): CodeIgniter\View\View->CodeIgniter\View\{closure}()
 8 SYSTEMPATH\Common.php(1171): CodeIgniter\View\View->render('pengurus/layout/v_content', [], true)
 9 APPPATH\Views\pengurus\layout\v_wrapper.php(6): view('pengurus/layout/v_content')
10 SYSTEMPATH\View\View.php(234): include('C:\\xampp\\htdocs\\koperasi\\app\\Views\\pengurus\\layout\\v_wrapper.php')
11 SYSTEMPATH\View\View.php(237): CodeIgniter\View\View->CodeIgniter\View\{closure}()
12 SYSTEMPATH\Common.php(1171): CodeIgniter\View\View->render('pengurus/layout/v_wrapper', [], true)
13 APPPATH\Controllers\Akuntansi.php(52): view('pengurus/layout/v_wrapper', [...])
14 SYSTEMPATH\CodeIgniter.php(933): App\Controllers\Akuntansi->kelola_akun()
15 SYSTEMPATH\CodeIgniter.php(509): CodeIgniter\CodeIgniter->runController(Object(App\Controllers\Akuntansi))
16 SYSTEMPATH\CodeIgniter.php(355): CodeIgniter\CodeIgniter->handleRequest(null, Object(Config\Cache), false)
17 SYSTEMPATH\Boot.php(325): CodeIgniter\CodeIgniter->run()
18 SYSTEMPATH\Boot.php(67): CodeIgniter\Boot::runCodeIgniter(Object(CodeIgniter\CodeIgniter))
19 FCPATH\index.php(56): CodeIgniter\Boot::bootWeb(Object(Config\Paths))
INFO - 2024-07-15 02:48:12 --> Session: Class initialized using 'CodeIgniter\Session\Handlers\FileHandler' driver.
ERROR - 2024-07-15 02:48:12 --> mysqli_sql_exception: Unknown column 'tb_anggota.created_by' in 'on clause' in C:\xampp\htdocs\koperasi\system\Database\MySQLi\Connection.php:310
Stack trace:
#0 C:\xampp\htdocs\koperasi\system\Database\MySQLi\Connection.php(310): mysqli->query('SELECT *\nFROM `...', 0)
#1 C:\xampp\htdocs\koperasi\system\Database\BaseConnection.php(732): CodeIgniter\Database\MySQLi\Connection->execute('SELECT *\nFROM `...')
#2 C:\xampp\htdocs\koperasi\system\Database\BaseConnection.php(646): CodeIgniter\Database\BaseConnection->simpleQuery('SELECT *\nFROM `...')
#3 C:\xampp\htdocs\koperasi\system\Database\BaseBuilder.php(1637): CodeIgniter\Database\BaseConnection->query('SELECT *\nFROM `...', Array, false)
#4 C:\xampp\htdocs\koperasi\app\Models\ModelAkun.php(19): CodeIgniter\Database\BaseBuilder->get()
#5 C:\xampp\htdocs\koperasi\app\Controllers\Akuntansi.php(50): App\Models\ModelAkun->allData()
#6 C:\xampp\htdocs\koperasi\system\CodeIgniter.php(933): App\Controllers\Akuntansi->kelola_akun()
#7 C:\xampp\htdocs\koperasi\system\CodeIgniter.php(509): CodeIgniter\CodeIgniter->runController(Object(App\Controllers\Akuntansi))
#8 C:\xampp\htdocs\koperasi\system\CodeIgniter.php(355): CodeIgniter\CodeIgniter->handleRequest(NULL, Object(Config\Cache), false)
#9 C:\xampp\htdocs\koperasi\system\Boot.php(325): CodeIgniter\CodeIgniter->run()
#10 C:\xampp\htdocs\koperasi\system\Boot.php(67): CodeIgniter\Boot::runCodeIgniter(Object(CodeIgniter\CodeIgniter))
#11 C:\xampp\htdocs\koperasi\index.php(56): CodeIgniter\Boot::bootWeb(Object(Config\Paths))
#12 {main}
CRITICAL - 2024-07-15 02:48:12 --> CodeIgniter\Database\Exceptions\DatabaseException: Unknown column 'tb_anggota.created_by' in 'on clause'
[Method: GET, Route: pengurus/akuntansi/akun/kelola]
in SYSTEMPATH\Database\BaseConnection.php on line 686.
 1 SYSTEMPATH\Database\BaseBuilder.php(1637): CodeIgniter\Database\BaseConnection->query('SELECT *
FROM `tb_akun`
LEFT JOIN `tb_pengurus` ON `tb_pengurus`.`id` = `tb_anggota`.`created_by` OR `tb_pengurus`.`id` = `tb_anggota`.`edited_by`
ORDER BY `kd_akun` ASC', [], false)
 2 APPPATH\Models\ModelAkun.php(19): CodeIgniter\Database\BaseBuilder->get()
 3 APPPATH\Controllers\Akuntansi.php(50): App\Models\ModelAkun->allData()
 4 SYSTEMPATH\CodeIgniter.php(933): App\Controllers\Akuntansi->kelola_akun()
 5 SYSTEMPATH\CodeIgniter.php(509): CodeIgniter\CodeIgniter->runController(Object(App\Controllers\Akuntansi))
 6 SYSTEMPATH\CodeIgniter.php(355): CodeIgniter\CodeIgniter->handleRequest(null, Object(Config\Cache), false)
 7 SYSTEMPATH\Boot.php(325): CodeIgniter\CodeIgniter->run()
 8 SYSTEMPATH\Boot.php(67): CodeIgniter\Boot::runCodeIgniter(Object(CodeIgniter\CodeIgniter))
 9 FCPATH\index.php(56): CodeIgniter\Boot::bootWeb(Object(Config\Paths))
CRITICAL - 2024-07-15 02:48:12 --> [Caused by] CodeIgniter\Database\Exceptions\DatabaseException: Unknown column 'tb_anggota.created_by' in 'on clause'
in SYSTEMPATH\Database\MySQLi\Connection.php on line 315.
 1 SYSTEMPATH\Database\BaseConnection.php(732): CodeIgniter\Database\MySQLi\Connection->execute('SELECT *
FROM `tb_akun`
LEFT JOIN `tb_pengurus` ON `tb_pengurus`.`id` = `tb_anggota`.`created_by` OR `tb_pengurus`.`id` = `tb_anggota`.`edited_by`
ORDER BY `kd_akun` ASC')
 2 SYSTEMPATH\Database\BaseConnection.php(646): CodeIgniter\Database\BaseConnection->simpleQuery('SELECT *
FROM `tb_akun`
LEFT JOIN `tb_pengurus` ON `tb_pengurus`.`id` = `tb_anggota`.`created_by` OR `tb_pengurus`.`id` = `tb_anggota`.`edited_by`
ORDER BY `kd_akun` ASC')
 3 SYSTEMPATH\Database\BaseBuilder.php(1637): CodeIgniter\Database\BaseConnection->query('SELECT *
FROM `tb_akun`
LEFT JOIN `tb_pengurus` ON `tb_pengurus`.`id` = `tb_anggota`.`created_by` OR `tb_pengurus`.`id` = `tb_anggota`.`edited_by`
ORDER BY `kd_akun` ASC', [], false)
 4 APPPATH\Models\ModelAkun.php(19): CodeIgniter\Database\BaseBuilder->get()
 5 APPPATH\Controllers\Akuntansi.php(50): App\Models\ModelAkun->allData()
 6 SYSTEMPATH\CodeIgniter.php(933): App\Controllers\Akuntansi->kelola_akun()
 7 SYSTEMPATH\CodeIgniter.php(509): CodeIgniter\CodeIgniter->runController(Object(App\Controllers\Akuntansi))
 8 SYSTEMPATH\CodeIgniter.php(355): CodeIgniter\CodeIgniter->handleRequest(null, Object(Config\Cache), false)
 9 SYSTEMPATH\Boot.php(325): CodeIgniter\CodeIgniter->run()
10 SYSTEMPATH\Boot.php(67): CodeIgniter\Boot::runCodeIgniter(Object(CodeIgniter\CodeIgniter))
11 FCPATH\index.php(56): CodeIgniter\Boot::bootWeb(Object(Config\Paths))
CRITICAL - 2024-07-15 02:48:12 --> [Caused by] mysqli_sql_exception: Unknown column 'tb_anggota.created_by' in 'on clause'
in SYSTEMPATH\Database\MySQLi\Connection.php on line 310.
 1 SYSTEMPATH\Database\MySQLi\Connection.php(310): mysqli->query('SELECT *
FROM `tb_akun`
LEFT JOIN `tb_pengurus` ON `tb_pengurus`.`id` = `tb_anggota`.`created_by` OR `tb_pengurus`.`id` = `tb_anggota`.`edited_by`
ORDER BY `kd_akun` ASC', 0)
 2 SYSTEMPATH\Database\BaseConnection.php(732): CodeIgniter\Database\MySQLi\Connection->execute('SELECT *
FROM `tb_akun`
LEFT JOIN `tb_pengurus` ON `tb_pengurus`.`id` = `tb_anggota`.`created_by` OR `tb_pengurus`.`id` = `tb_anggota`.`edited_by`
ORDER BY `kd_akun` ASC')
 3 SYSTEMPATH\Database\BaseConnection.php(646): CodeIgniter\Database\BaseConnection->simpleQuery('SELECT *
FROM `tb_akun`
LEFT JOIN `tb_pengurus` ON `tb_pengurus`.`id` = `tb_anggota`.`created_by` OR `tb_pengurus`.`id` = `tb_anggota`.`edited_by`
ORDER BY `kd_akun` ASC')
 4 SYSTEMPATH\Database\BaseBuilder.php(1637): CodeIgniter\Database\BaseConnection->query('SELECT *
FROM `tb_akun`
LEFT JOIN `tb_pengurus` ON `tb_pengurus`.`id` = `tb_anggota`.`created_by` OR `tb_pengurus`.`id` = `tb_anggota`.`edited_by`
ORDER BY `kd_akun` ASC', [], false)
 5 APPPATH\Models\ModelAkun.php(19): CodeIgniter\Database\BaseBuilder->get()
 6 APPPATH\Controllers\Akuntansi.php(50): App\Models\ModelAkun->allData()
 7 SYSTEMPATH\CodeIgniter.php(933): App\Controllers\Akuntansi->kelola_akun()
 8 SYSTEMPATH\CodeIgniter.php(509): CodeIgniter\CodeIgniter->runController(Object(App\Controllers\Akuntansi))
 9 SYSTEMPATH\CodeIgniter.php(355): CodeIgniter\CodeIgniter->handleRequest(null, Object(Config\Cache), false)
10 SYSTEMPATH\Boot.php(325): CodeIgniter\CodeIgniter->run()
11 SYSTEMPATH\Boot.php(67): CodeIgniter\Boot::runCodeIgniter(Object(CodeIgniter\CodeIgniter))
12 FCPATH\index.php(56): CodeIgniter\Boot::bootWeb(Object(Config\Paths))
INFO - 2024-07-15 02:48:28 --> Session: Class initialized using 'CodeIgniter\Session\Handlers\FileHandler' driver.
CRITICAL - 2024-07-15 02:48:28 --> ErrorException: Undefined variable $kd_agen
[Method: GET, Route: pengurus/akuntansi/akun/kelola]
in APPPATH\Views\pengurus\akuntansi\akun\v_kelola.php on line 207.
 1 APPPATH\Views\pengurus\akuntansi\akun\v_kelola.php(207): CodeIgniter\Debug\Exceptions->errorHandler(2, 'Undefined variable $kd_agen', 'C:\\xampp\\htdocs\\koperasi\\app\\Views\\pengurus\\akuntansi\\akun\\v_kelola.php', 207)
 2 SYSTEMPATH\View\View.php(234): include('C:\\xampp\\htdocs\\koperasi\\app\\Views\\pengurus\\akuntansi\\akun\\v_kelola.php')
 3 SYSTEMPATH\View\View.php(237): CodeIgniter\View\View->CodeIgniter\View\{closure}()
 4 SYSTEMPATH\Common.php(1171): CodeIgniter\View\View->render('pengurus/akuntansi/akun/v_kelola', [], true)
 5 APPPATH\Views\pengurus\layout\v_content.php(4): view('pengurus/akuntansi/akun/v_kelola')
 6 SYSTEMPATH\View\View.php(234): include('C:\\xampp\\htdocs\\koperasi\\app\\Views\\pengurus\\layout\\v_content.php')
 7 SYSTEMPATH\View\View.php(237): CodeIgniter\View\View->CodeIgniter\View\{closure}()
 8 SYSTEMPATH\Common.php(1171): CodeIgniter\View\View->render('pengurus/layout/v_content', [], true)
 9 APPPATH\Views\pengurus\layout\v_wrapper.php(6): view('pengurus/layout/v_content')
10 SYSTEMPATH\View\View.php(234): include('C:\\xampp\\htdocs\\koperasi\\app\\Views\\pengurus\\layout\\v_wrapper.php')
11 SYSTEMPATH\View\View.php(237): CodeIgniter\View\View->CodeIgniter\View\{closure}()
12 SYSTEMPATH\Common.php(1171): CodeIgniter\View\View->render('pengurus/layout/v_wrapper', [], true)
13 APPPATH\Controllers\Akuntansi.php(52): view('pengurus/layout/v_wrapper', [...])
14 SYSTEMPATH\CodeIgniter.php(933): App\Controllers\Akuntansi->kelola_akun()
15 SYSTEMPATH\CodeIgniter.php(509): CodeIgniter\CodeIgniter->runController(Object(App\Controllers\Akuntansi))
16 SYSTEMPATH\CodeIgniter.php(355): CodeIgniter\CodeIgniter->handleRequest(null, Object(Config\Cache), false)
17 SYSTEMPATH\Boot.php(325): CodeIgniter\CodeIgniter->run()
18 SYSTEMPATH\Boot.php(67): CodeIgniter\Boot::runCodeIgniter(Object(CodeIgniter\CodeIgniter))
19 FCPATH\index.php(56): CodeIgniter\Boot::bootWeb(Object(Config\Paths))
INFO - 2024-07-15 02:49:02 --> Session: Class initialized using 'CodeIgniter\Session\Handlers\FileHandler' driver.
CRITICAL - 2024-07-15 02:49:02 --> ErrorException: Undefined variable $kd_akun
[Method: GET, Route: pengurus/akuntansi/akun/kelola]
in APPPATH\Views\pengurus\akuntansi\akun\v_kelola.php on line 207.
 1 APPPATH\Views\pengurus\akuntansi\akun\v_kelola.php(207): CodeIgniter\Debug\Exceptions->errorHandler(2, 'Undefined variable $kd_akun', 'C:\\xampp\\htdocs\\koperasi\\app\\Views\\pengurus\\akuntansi\\akun\\v_kelola.php', 207)
 2 SYSTEMPATH\View\View.php(234): include('C:\\xampp\\htdocs\\koperasi\\app\\Views\\pengurus\\akuntansi\\akun\\v_kelola.php')
 3 SYSTEMPATH\View\View.php(237): CodeIgniter\View\View->CodeIgniter\View\{closure}()
 4 SYSTEMPATH\Common.php(1171): CodeIgniter\View\View->render('pengurus/akuntansi/akun/v_kelola', [], true)
 5 APPPATH\Views\pengurus\layout\v_content.php(4): view('pengurus/akuntansi/akun/v_kelola')
 6 SYSTEMPATH\View\View.php(234): include('C:\\xampp\\htdocs\\koperasi\\app\\Views\\pengurus\\layout\\v_content.php')
 7 SYSTEMPATH\View\View.php(237): CodeIgniter\View\View->CodeIgniter\View\{closure}()
 8 SYSTEMPATH\Common.php(1171): CodeIgniter\View\View->render('pengurus/layout/v_content', [], true)
 9 APPPATH\Views\pengurus\layout\v_wrapper.php(6): view('pengurus/layout/v_content')
10 SYSTEMPATH\View\View.php(234): include('C:\\xampp\\htdocs\\koperasi\\app\\Views\\pengurus\\layout\\v_wrapper.php')
11 SYSTEMPATH\View\View.php(237): CodeIgniter\View\View->CodeIgniter\View\{closure}()
12 SYSTEMPATH\Common.php(1171): CodeIgniter\View\View->render('pengurus/layout/v_wrapper', [], true)
13 APPPATH\Controllers\Akuntansi.php(52): view('pengurus/layout/v_wrapper', [...])
14 SYSTEMPATH\CodeIgniter.php(933): App\Controllers\Akuntansi->kelola_akun()
15 SYSTEMPATH\CodeIgniter.php(509): CodeIgniter\CodeIgniter->runController(Object(App\Controllers\Akuntansi))
16 SYSTEMPATH\CodeIgniter.php(355): CodeIgniter\CodeIgniter->handleRequest(null, Object(Config\Cache), false)
17 SYSTEMPATH\Boot.php(325): CodeIgniter\CodeIgniter->run()
18 SYSTEMPATH\Boot.php(67): CodeIgniter\Boot::runCodeIgniter(Object(CodeIgniter\CodeIgniter))
19 FCPATH\index.php(56): CodeIgniter\Boot::bootWeb(Object(Config\Paths))
INFO - 2024-07-15 02:49:03 --> Session: Class initialized using 'CodeIgniter\Session\Handlers\FileHandler' driver.
CRITICAL - 2024-07-15 02:49:03 --> ErrorException: Undefined variable $kd_akun
[Method: GET, Route: pengurus/akuntansi/akun/kelola]
in APPPATH\Views\pengurus\akuntansi\akun\v_kelola.php on line 207.
 1 APPPATH\Views\pengurus\akuntansi\akun\v_kelola.php(207): CodeIgniter\Debug\Exceptions->errorHandler(2, 'Undefined variable $kd_akun', 'C:\\xampp\\htdocs\\koperasi\\app\\Views\\pengurus\\akuntansi\\akun\\v_kelola.php', 207)
 2 SYSTEMPATH\View\View.php(234): include('C:\\xampp\\htdocs\\koperasi\\app\\Views\\pengurus\\akuntansi\\akun\\v_kelola.php')
 3 SYSTEMPATH\View\View.php(237): CodeIgniter\View\View->CodeIgniter\View\{closure}()
 4 SYSTEMPATH\Common.php(1171): CodeIgniter\View\View->render('pengurus/akuntansi/akun/v_kelola', [], true)
 5 APPPATH\Views\pengurus\layout\v_content.php(4): view('pengurus/akuntansi/akun/v_kelola')
 6 SYSTEMPATH\View\View.php(234): include('C:\\xampp\\htdocs\\koperasi\\app\\Views\\pengurus\\layout\\v_content.php')
 7 SYSTEMPATH\View\View.php(237): CodeIgniter\View\View->CodeIgniter\View\{closure}()
 8 SYSTEMPATH\Common.php(1171): CodeIgniter\View\View->render('pengurus/layout/v_content', [], true)
 9 APPPATH\Views\pengurus\layout\v_wrapper.php(6): view('pengurus/layout/v_content')
10 SYSTEMPATH\View\View.php(234): include('C:\\xampp\\htdocs\\koperasi\\app\\Views\\pengurus\\layout\\v_wrapper.php')
11 SYSTEMPATH\View\View.php(237): CodeIgniter\View\View->CodeIgniter\View\{closure}()
12 SYSTEMPATH\Common.php(1171): CodeIgniter\View\View->render('pengurus/layout/v_wrapper', [], true)
13 APPPATH\Controllers\Akuntansi.php(52): view('pengurus/layout/v_wrapper', [...])
14 SYSTEMPATH\CodeIgniter.php(933): App\Controllers\Akuntansi->kelola_akun()
15 SYSTEMPATH\CodeIgniter.php(509): CodeIgniter\CodeIgniter->runController(Object(App\Controllers\Akuntansi))
16 SYSTEMPATH\CodeIgniter.php(355): CodeIgniter\CodeIgniter->handleRequest(null, Object(Config\Cache), false)
17 SYSTEMPATH\Boot.php(325): CodeIgniter\CodeIgniter->run()
18 SYSTEMPATH\Boot.php(67): CodeIgniter\Boot::runCodeIgniter(Object(CodeIgniter\CodeIgniter))
19 FCPATH\index.php(56): CodeIgniter\Boot::bootWeb(Object(Config\Paths))
INFO - 2024-07-15 02:49:18 --> Session: Class initialized using 'CodeIgniter\Session\Handlers\FileHandler' driver.
CRITICAL - 2024-07-15 02:49:18 --> ErrorException: Undefined array key "id_agen"
[Method: GET, Route: pengurus/akuntansi/akun/kelola]
in APPPATH\Views\pengurus\akuntansi\akun\v_kelola.php on line 255.
 1 APPPATH\Views\pengurus\akuntansi\akun\v_kelola.php(255): CodeIgniter\Debug\Exceptions->errorHandler(2, 'Undefined array key "id_agen"', 'C:\\xampp\\htdocs\\koperasi\\app\\Views\\pengurus\\akuntansi\\akun\\v_kelola.php', 255)
 2 SYSTEMPATH\View\View.php(234): include('C:\\xampp\\htdocs\\koperasi\\app\\Views\\pengurus\\akuntansi\\akun\\v_kelola.php')
 3 SYSTEMPATH\View\View.php(237): CodeIgniter\View\View->CodeIgniter\View\{closure}()
 4 SYSTEMPATH\Common.php(1171): CodeIgniter\View\View->render('pengurus/akuntansi/akun/v_kelola', [], true)
 5 APPPATH\Views\pengurus\layout\v_content.php(4): view('pengurus/akuntansi/akun/v_kelola')
 6 SYSTEMPATH\View\View.php(234): include('C:\\xampp\\htdocs\\koperasi\\app\\Views\\pengurus\\layout\\v_content.php')
 7 SYSTEMPATH\View\View.php(237): CodeIgniter\View\View->CodeIgniter\View\{closure}()
 8 SYSTEMPATH\Common.php(1171): CodeIgniter\View\View->render('pengurus/layout/v_content', [], true)
 9 APPPATH\Views\pengurus\layout\v_wrapper.php(6): view('pengurus/layout/v_content')
10 SYSTEMPATH\View\View.php(234): include('C:\\xampp\\htdocs\\koperasi\\app\\Views\\pengurus\\layout\\v_wrapper.php')
11 SYSTEMPATH\View\View.php(237): CodeIgniter\View\View->CodeIgniter\View\{closure}()
12 SYSTEMPATH\Common.php(1171): CodeIgniter\View\View->render('pengurus/layout/v_wrapper', [], true)
13 APPPATH\Controllers\Akuntansi.php(52): view('pengurus/layout/v_wrapper', [...])
14 SYSTEMPATH\CodeIgniter.php(933): App\Controllers\Akuntansi->kelola_akun()
15 SYSTEMPATH\CodeIgniter.php(509): CodeIgniter\CodeIgniter->runController(Object(App\Controllers\Akuntansi))
16 SYSTEMPATH\CodeIgniter.php(355): CodeIgniter\CodeIgniter->handleRequest(null, Object(Config\Cache), false)
17 SYSTEMPATH\Boot.php(325): CodeIgniter\CodeIgniter->run()
18 SYSTEMPATH\Boot.php(67): CodeIgniter\Boot::runCodeIgniter(Object(CodeIgniter\CodeIgniter))
19 FCPATH\index.php(56): CodeIgniter\Boot::bootWeb(Object(Config\Paths))
INFO - 2024-07-15 02:49:39 --> Session: Class initialized using 'CodeIgniter\Session\Handlers\FileHandler' driver.
CRITICAL - 2024-07-15 02:49:39 --> ErrorException: Undefined array key "kd_agen"
[Method: GET, Route: pengurus/akuntansi/akun/kelola]
in APPPATH\Views\pengurus\akuntansi\akun\v_kelola.php on line 260.
 1 APPPATH\Views\pengurus\akuntansi\akun\v_kelola.php(260): CodeIgniter\Debug\Exceptions->errorHandler(2, 'Undefined array key "kd_agen"', 'C:\\xampp\\htdocs\\koperasi\\app\\Views\\pengurus\\akuntansi\\akun\\v_kelola.php', 260)
 2 SYSTEMPATH\View\View.php(234): include('C:\\xampp\\htdocs\\koperasi\\app\\Views\\pengurus\\akuntansi\\akun\\v_kelola.php')
 3 SYSTEMPATH\View\View.php(237): CodeIgniter\View\View->CodeIgniter\View\{closure}()
 4 SYSTEMPATH\Common.php(1171): CodeIgniter\View\View->render('pengurus/akuntansi/akun/v_kelola', [], true)
 5 APPPATH\Views\pengurus\layout\v_content.php(4): view('pengurus/akuntansi/akun/v_kelola')
 6 SYSTEMPATH\View\View.php(234): include('C:\\xampp\\htdocs\\koperasi\\app\\Views\\pengurus\\layout\\v_content.php')
 7 SYSTEMPATH\View\View.php(237): CodeIgniter\View\View->CodeIgniter\View\{closure}()
 8 SYSTEMPATH\Common.php(1171): CodeIgniter\View\View->render('pengurus/layout/v_content', [], true)
 9 APPPATH\Views\pengurus\layout\v_wrapper.php(6): view('pengurus/layout/v_content')
10 SYSTEMPATH\View\View.php(234): include('C:\\xampp\\htdocs\\koperasi\\app\\Views\\pengurus\\layout\\v_wrapper.php')
11 SYSTEMPATH\View\View.php(237): CodeIgniter\View\View->CodeIgniter\View\{closure}()
12 SYSTEMPATH\Common.php(1171): CodeIgniter\View\View->render('pengurus/layout/v_wrapper', [], true)
13 APPPATH\Controllers\Akuntansi.php(52): view('pengurus/layout/v_wrapper', [...])
14 SYSTEMPATH\CodeIgniter.php(933): App\Controllers\Akuntansi->kelola_akun()
15 SYSTEMPATH\CodeIgniter.php(509): CodeIgniter\CodeIgniter->runController(Object(App\Controllers\Akuntansi))
16 SYSTEMPATH\CodeIgniter.php(355): CodeIgniter\CodeIgniter->handleRequest(null, Object(Config\Cache), false)
17 SYSTEMPATH\Boot.php(325): CodeIgniter\CodeIgniter->run()
18 SYSTEMPATH\Boot.php(67): CodeIgniter\Boot::runCodeIgniter(Object(CodeIgniter\CodeIgniter))
19 FCPATH\index.php(56): CodeIgniter\Boot::bootWeb(Object(Config\Paths))
INFO - 2024-07-15 02:49:53 --> Session: Class initialized using 'CodeIgniter\Session\Handlers\FileHandler' driver.
CRITICAL - 2024-07-15 02:49:53 --> ErrorException: Undefined array key "alamat"
[Method: GET, Route: pengurus/akuntansi/akun/kelola]
in APPPATH\Views\pengurus\akuntansi\akun\v_kelola.php on line 268.
 1 APPPATH\Views\pengurus\akuntansi\akun\v_kelola.php(268): CodeIgniter\Debug\Exceptions->errorHandler(2, 'Undefined array key "alamat"', 'C:\\xampp\\htdocs\\koperasi\\app\\Views\\pengurus\\akuntansi\\akun\\v_kelola.php', 268)
 2 SYSTEMPATH\View\View.php(234): include('C:\\xampp\\htdocs\\koperasi\\app\\Views\\pengurus\\akuntansi\\akun\\v_kelola.php')
 3 SYSTEMPATH\View\View.php(237): CodeIgniter\View\View->CodeIgniter\View\{closure}()
 4 SYSTEMPATH\Common.php(1171): CodeIgniter\View\View->render('pengurus/akuntansi/akun/v_kelola', [], true)
 5 APPPATH\Views\pengurus\layout\v_content.php(4): view('pengurus/akuntansi/akun/v_kelola')
 6 SYSTEMPATH\View\View.php(234): include('C:\\xampp\\htdocs\\koperasi\\app\\Views\\pengurus\\layout\\v_content.php')
 7 SYSTEMPATH\View\View.php(237): CodeIgniter\View\View->CodeIgniter\View\{closure}()
 8 SYSTEMPATH\Common.php(1171): CodeIgniter\View\View->render('pengurus/layout/v_content', [], true)
 9 APPPATH\Views\pengurus\layout\v_wrapper.php(6): view('pengurus/layout/v_content')
10 SYSTEMPATH\View\View.php(234): include('C:\\xampp\\htdocs\\koperasi\\app\\Views\\pengurus\\layout\\v_wrapper.php')
11 SYSTEMPATH\View\View.php(237): CodeIgniter\View\View->CodeIgniter\View\{closure}()
12 SYSTEMPATH\Common.php(1171): CodeIgniter\View\View->render('pengurus/layout/v_wrapper', [], true)
13 APPPATH\Controllers\Akuntansi.php(52): view('pengurus/layout/v_wrapper', [...])
14 SYSTEMPATH\CodeIgniter.php(933): App\Controllers\Akuntansi->kelola_akun()
15 SYSTEMPATH\CodeIgniter.php(509): CodeIgniter\CodeIgniter->runController(Object(App\Controllers\Akuntansi))
16 SYSTEMPATH\CodeIgniter.php(355): CodeIgniter\CodeIgniter->handleRequest(null, Object(Config\Cache), false)
17 SYSTEMPATH\Boot.php(325): CodeIgniter\CodeIgniter->run()
18 SYSTEMPATH\Boot.php(67): CodeIgniter\Boot::runCodeIgniter(Object(CodeIgniter\CodeIgniter))
19 FCPATH\index.php(56): CodeIgniter\Boot::bootWeb(Object(Config\Paths))
INFO - 2024-07-15 02:50:08 --> Session: Class initialized using 'CodeIgniter\Session\Handlers\FileHandler' driver.
CRITICAL - 2024-07-15 02:50:08 --> ErrorException: Undefined array key "nm_agen"
[Method: GET, Route: pengurus/akuntansi/akun/kelola]
in APPPATH\Views\pengurus\akuntansi\akun\v_kelola.php on line 292.
 1 APPPATH\Views\pengurus\akuntansi\akun\v_kelola.php(292): CodeIgniter\Debug\Exceptions->errorHandler(2, 'Undefined array key "nm_agen"', 'C:\\xampp\\htdocs\\koperasi\\app\\Views\\pengurus\\akuntansi\\akun\\v_kelola.php', 292)
 2 SYSTEMPATH\View\View.php(234): include('C:\\xampp\\htdocs\\koperasi\\app\\Views\\pengurus\\akuntansi\\akun\\v_kelola.php')
 3 SYSTEMPATH\View\View.php(237): CodeIgniter\View\View->CodeIgniter\View\{closure}()
 4 SYSTEMPATH\Common.php(1171): CodeIgniter\View\View->render('pengurus/akuntansi/akun/v_kelola', [], true)
 5 APPPATH\Views\pengurus\layout\v_content.php(4): view('pengurus/akuntansi/akun/v_kelola')
 6 SYSTEMPATH\View\View.php(234): include('C:\\xampp\\htdocs\\koperasi\\app\\Views\\pengurus\\layout\\v_content.php')
 7 SYSTEMPATH\View\View.php(237): CodeIgniter\View\View->CodeIgniter\View\{closure}()
 8 SYSTEMPATH\Common.php(1171): CodeIgniter\View\View->render('pengurus/layout/v_content', [], true)
 9 APPPATH\Views\pengurus\layout\v_wrapper.php(6): view('pengurus/layout/v_content')
10 SYSTEMPATH\View\View.php(234): include('C:\\xampp\\htdocs\\koperasi\\app\\Views\\pengurus\\layout\\v_wrapper.php')
11 SYSTEMPATH\View\View.php(237): CodeIgniter\View\View->CodeIgniter\View\{closure}()
12 SYSTEMPATH\Common.php(1171): CodeIgniter\View\View->render('pengurus/layout/v_wrapper', [], true)
13 APPPATH\Controllers\Akuntansi.php(52): view('pengurus/layout/v_wrapper', [...])
14 SYSTEMPATH\CodeIgniter.php(933): App\Controllers\Akuntansi->kelola_akun()
15 SYSTEMPATH\CodeIgniter.php(509): CodeIgniter\CodeIgniter->runController(Object(App\Controllers\Akuntansi))
16 SYSTEMPATH\CodeIgniter.php(355): CodeIgniter\CodeIgniter->handleRequest(null, Object(Config\Cache), false)
17 SYSTEMPATH\Boot.php(325): CodeIgniter\CodeIgniter->run()
18 SYSTEMPATH\Boot.php(67): CodeIgniter\Boot::runCodeIgniter(Object(CodeIgniter\CodeIgniter))
19 FCPATH\index.php(56): CodeIgniter\Boot::bootWeb(Object(Config\Paths))
INFO - 2024-07-15 02:50:18 --> Session: Class initialized using 'CodeIgniter\Session\Handlers\FileHandler' driver.
INFO - 2024-07-15 02:51:41 --> Session: Class initialized using 'CodeIgniter\Session\Handlers\FileHandler' driver.
INFO - 2024-07-15 02:51:54 --> Session: Class initialized using 'CodeIgniter\Session\Handlers\FileHandler' driver.
INFO - 2024-07-15 02:51:56 --> Session: Class initialized using 'CodeIgniter\Session\Handlers\FileHandler' driver.
INFO - 2024-07-15 02:51:59 --> Session: Class initialized using 'CodeIgniter\Session\Handlers\FileHandler' driver.
INFO - 2024-07-15 02:52:26 --> Session: Class initialized using 'CodeIgniter\Session\Handlers\FileHandler' driver.
INFO - 2024-07-15 02:52:51 --> Session: Class initialized using 'CodeIgniter\Session\Handlers\FileHandler' driver.
INFO - 2024-07-15 02:54:03 --> Session: Class initialized using 'CodeIgniter\Session\Handlers\FileHandler' driver.
INFO - 2024-07-15 02:57:54 --> Session: Class initialized using 'CodeIgniter\Session\Handlers\FileHandler' driver.
INFO - 2024-07-15 02:59:32 --> Session: Class initialized using 'CodeIgniter\Session\Handlers\FileHandler' driver.
INFO - 2024-07-15 03:00:10 --> Session: Class initialized using 'CodeIgniter\Session\Handlers\FileHandler' driver.
INFO - 2024-07-15 03:00:29 --> Session: Class initialized using 'CodeIgniter\Session\Handlers\FileHandler' driver.
INFO - 2024-07-15 03:05:18 --> Session: Class initialized using 'CodeIgniter\Session\Handlers\FileHandler' driver.
INFO - 2024-07-15 03:05:24 --> Session: Class initialized using 'CodeIgniter\Session\Handlers\FileHandler' driver.
INFO - 2024-07-15 03:09:34 --> Session: Class initialized using 'CodeIgniter\Session\Handlers\FileHandler' driver.
